The system is: Linux - 6.2.11-xanmod1 - x86_64
Compiling the C compiler identification source file "CMakeCCompilerId.c" succeeded.
Compiler: /nix/store/b5mkki8bysygaf7a01jpj88zrxibkrv4-gcc-wrapper-12.2.0/bin/gcc 
Build flags: 
Id flags:  

The output was:
0


Compilation of the C compiler identification source "CMakeCCompilerId.c" produced "a.out"

The C compiler identification is GNU, found in "/home/jaen/Projects/nix/gerwant2/Praca/Result/CMakeFiles/3.25.3/CompilerIdC/a.out"

Compiling the CXX compiler identification source file "CMakeCXXCompilerId.cpp" succeeded.
Compiler: /nix/store/b5mkki8bysygaf7a01jpj88zrxibkrv4-gcc-wrapper-12.2.0/bin/g++ 
Build flags: 
Id flags:  

The output was:
0


Compilation of the CXX compiler identification source "CMakeCXXCompilerId.cpp" produced "a.out"

The CXX compiler identification is GNU, found in "/home/jaen/Projects/nix/gerwant2/Praca/Result/CMakeFiles/3.25.3/CompilerIdCXX/a.out"

Detecting C compiler ABI info compiled with the following output:
Change Dir: /home/jaen/Projects/nix/gerwant2/Praca/Result/CMakeFiles/CMakeScratch/TryCompile-n8t8zk

Run Build Command(s):/nix/store/03vys33ya5y7a7nkwgzywaazivcwhc4m-gnumake-4.4.1/bin/make -f Makefile cmTC_795bf/fast && /nix/store/03vys33ya5y7a7nkwgzywaazivcwhc4m-gnumake-4.4.1/bin/make  -f CMakeFiles/cmTC_795bf.dir/build.make CMakeFiles/cmTC_795bf.dir/build
make[1]: Entering directory '/home/jaen/Projects/nix/gerwant2/Praca/Result/CMakeFiles/CMakeScratch/TryCompile-n8t8zk'
Building C object CMakeFiles/cmTC_795bf.dir/CMakeCCompilerABI.c.o
/nix/store/b5mkki8bysygaf7a01jpj88zrxibkrv4-gcc-wrapper-12.2.0/bin/gcc   -v -o CMakeFiles/cmTC_795bf.dir/CMakeCCompilerABI.c.o -c /nix/store/l94cn27yfm8mackgy708alcj9zczxj67-cmake-3.25.3/share/cmake-3.25/Modules/CMakeCCompilerABI.c
Using built-in specs.
COLLECT_GCC=/nix/store/dj5anrpwcn0p6h3xnqyr5mz30fc7l825-gcc-12.2.0/bin/gcc
Target: x86_64-unknown-linux-gnu
Configured with: 
Thread model: posix
Supported LTO compression algorithms: zlib
gcc version 12.2.0 (GCC) 
COLLECT_GCC_OPTIONS='-fPIC' '-Wformat=1' '-Wformat-security' '-Werror=format-security' '-fstack-protector-strong' '--param=ssp-buffer-size=4' '-O2' '-U' '_FORTIFY_SOURCE' '-D' '_FORTIFY_SOURCE=2' '-fno-strict-overflow' '-v' '-o' 'CMakeFiles/cmTC_795bf.dir/CMakeCCompilerABI.c.o' '-c' '-B' '/nix/store/0z5kcds7b6qmm373s3b5w9ykvqbgw87i-glibc-2.37-8/lib/' '-idirafter' '/nix/store/bhhb91angi23wsr42apz1in1n9b9ilg3-glibc-2.37-8-dev/include' '-idirafter' '/nix/store/dj5anrpwcn0p6h3xnqyr5mz30fc7l825-gcc-12.2.0/lib/gcc/x86_64-unknown-linux-gnu/12.2.0/include-fixed' '-B' '/nix/store/vaxgqbm6h3zvhpgk9xqqk97hqjp9gzvs-gcc-12.2.0-lib/lib' '-B' '/nix/store/b5mkki8bysygaf7a01jpj88zrxibkrv4-gcc-wrapper-12.2.0/bin/' '-frandom-seed=g7ms0vazvy' '-isystem' '/nix/store/f3689ajsskyl7rn4d943ph3fn59mnirm-shogun-6.1.4-dev/include' '-isystem' '/nix/store/1fi684laj9vqifsps4s8v2xysgfdaz1p-dlib-19.24/include' '-isystem' '/nix/store/f3689ajsskyl7rn4d943ph3fn59mnirm-shogun-6.1.4-dev/include' '-isystem' '/nix/store/1fi684laj9vqifsps4s8v2xysgfdaz1p-dlib-19.24/include' '-mtune=generic' '-march=x86-64' '-dumpdir' 'CMakeFiles/cmTC_795bf.dir/'
 /nix/store/dj5anrpwcn0p6h3xnqyr5mz30fc7l825-gcc-12.2.0/libexec/gcc/x86_64-unknown-linux-gnu/12.2.0/cc1 -quiet -v -U _FORTIFY_SOURCE -D _FORTIFY_SOURCE=2 -idirafter /nix/store/bhhb91angi23wsr42apz1in1n9b9ilg3-glibc-2.37-8-dev/include -idirafter /nix/store/dj5anrpwcn0p6h3xnqyr5mz30fc7l825-gcc-12.2.0/lib/gcc/x86_64-unknown-linux-gnu/12.2.0/include-fixed -isystem /nix/store/f3689ajsskyl7rn4d943ph3fn59mnirm-shogun-6.1.4-dev/include -isystem /nix/store/1fi684laj9vqifsps4s8v2xysgfdaz1p-dlib-19.24/include -isystem /nix/store/f3689ajsskyl7rn4d943ph3fn59mnirm-shogun-6.1.4-dev/include -isystem /nix/store/1fi684laj9vqifsps4s8v2xysgfdaz1p-dlib-19.24/include /nix/store/l94cn27yfm8mackgy708alcj9zczxj67-cmake-3.25.3/share/cmake-3.25/Modules/CMakeCCompilerABI.c -quiet -dumpdir CMakeFiles/cmTC_795bf.dir/ -dumpbase CMakeCCompilerABI.c.c -dumpbase-ext .c -mtune=generic -march=x86-64 -O2 -Wformat=1 -Wformat-security -Werror=format-security -version -fPIC -fstack-protector-strong -fno-strict-overflow -frandom-seed=g7ms0vazvy --param=ssp-buffer-size=4 -o /tmp/nix-shell.xuQc2B/ccfBkr7L.s
GNU C17 (GCC) version 12.2.0 (x86_64-unknown-linux-gnu)
	compiled by GNU C version 12.2.0, GMP version 6.2.1, MPFR version 4.2.0, MPC version 1.3.1, isl version isl-0.20-GMP

GGC heuristics: --param ggc-min-expand=100 --param ggc-min-heapsize=131072
ignoring duplicate directory "/nix/store/f3689ajsskyl7rn4d943ph3fn59mnirm-shogun-6.1.4-dev/include"
ignoring duplicate directory "/nix/store/1fi684laj9vqifsps4s8v2xysgfdaz1p-dlib-19.24/include"
ignoring nonexistent directory "/nix/store/dj5anrpwcn0p6h3xnqyr5mz30fc7l825-gcc-12.2.0/lib/gcc/x86_64-unknown-linux-gnu/12.2.0/../../../../x86_64-unknown-linux-gnu/include"
ignoring duplicate directory "/nix/store/bhhb91angi23wsr42apz1in1n9b9ilg3-glibc-2.37-8-dev/include"
ignoring duplicate directory "/nix/store/dj5anrpwcn0p6h3xnqyr5mz30fc7l825-gcc-12.2.0/lib/gcc/x86_64-unknown-linux-gnu/12.2.0/include-fixed"
#include "..." search starts here:
#include <...> search starts here:
 /nix/store/f3689ajsskyl7rn4d943ph3fn59mnirm-shogun-6.1.4-dev/include
 /nix/store/1fi684laj9vqifsps4s8v2xysgfdaz1p-dlib-19.24/include
 /nix/store/dj5anrpwcn0p6h3xnqyr5mz30fc7l825-gcc-12.2.0/lib/gcc/x86_64-unknown-linux-gnu/12.2.0/include
 /nix/store/dj5anrpwcn0p6h3xnqyr5mz30fc7l825-gcc-12.2.0/include
 /nix/store/dj5anrpwcn0p6h3xnqyr5mz30fc7l825-gcc-12.2.0/lib/gcc/x86_64-unknown-linux-gnu/12.2.0/include-fixed
 /nix/store/bhhb91angi23wsr42apz1in1n9b9ilg3-glibc-2.37-8-dev/include
End of search list.
GNU C17 (GCC) version 12.2.0 (x86_64-unknown-linux-gnu)
	compiled by GNU C version 12.2.0, GMP version 6.2.1, MPFR version 4.2.0, MPC version 1.3.1, isl version isl-0.20-GMP

GGC heuristics: --param ggc-min-expand=100 --param ggc-min-heapsize=131072
Compiler executable checksum: 23773671bc2083ba6572d91c76032a62
COLLECT_GCC_OPTIONS='-fPIC' '-Wformat=1' '-Wformat-security' '-Werror=format-security' '-fstack-protector-strong' '--param=ssp-buffer-size=4' '-O2' '-U' '_FORTIFY_SOURCE' '-D' '_FORTIFY_SOURCE=2' '-fno-strict-overflow' '-v' '-o' 'CMakeFiles/cmTC_795bf.dir/CMakeCCompilerABI.c.o' '-c' '-B' '/nix/store/0z5kcds7b6qmm373s3b5w9ykvqbgw87i-glibc-2.37-8/lib/' '-idirafter' '/nix/store/bhhb91angi23wsr42apz1in1n9b9ilg3-glibc-2.37-8-dev/include' '-idirafter' '/nix/store/dj5anrpwcn0p6h3xnqyr5mz30fc7l825-gcc-12.2.0/lib/gcc/x86_64-unknown-linux-gnu/12.2.0/include-fixed' '-B' '/nix/store/vaxgqbm6h3zvhpgk9xqqk97hqjp9gzvs-gcc-12.2.0-lib/lib' '-B' '/nix/store/b5mkki8bysygaf7a01jpj88zrxibkrv4-gcc-wrapper-12.2.0/bin/' '-frandom-seed=g7ms0vazvy' '-isystem' '/nix/store/f3689ajsskyl7rn4d943ph3fn59mnirm-shogun-6.1.4-dev/include' '-isystem' '/nix/store/1fi684laj9vqifsps4s8v2xysgfdaz1p-dlib-19.24/include' '-isystem' '/nix/store/f3689ajsskyl7rn4d943ph3fn59mnirm-shogun-6.1.4-dev/include' '-isystem' '/nix/store/1fi684laj9vqifsps4s8v2xysgfdaz1p-dlib-19.24/include' '-mtune=generic' '-march=x86-64' '-dumpdir' 'CMakeFiles/cmTC_795bf.dir/'
 /nix/store/b5mkki8bysygaf7a01jpj88zrxibkrv4-gcc-wrapper-12.2.0/bin/as -v --64 -o CMakeFiles/cmTC_795bf.dir/CMakeCCompilerABI.c.o /tmp/nix-shell.xuQc2B/ccfBkr7L.s
GNU assembler version 2.40 (x86_64-unknown-linux-gnu) using BFD version (GNU Binutils) 2.40
COMPILER_PATH=/nix/store/0z5kcds7b6qmm373s3b5w9ykvqbgw87i-glibc-2.37-8/lib/:/nix/store/vaxgqbm6h3zvhpgk9xqqk97hqjp9gzvs-gcc-12.2.0-lib/lib/:/nix/store/b5mkki8bysygaf7a01jpj88zrxibkrv4-gcc-wrapper-12.2.0/bin/:/nix/store/dj5anrpwcn0p6h3xnqyr5mz30fc7l825-gcc-12.2.0/libexec/gcc/x86_64-unknown-linux-gnu/12.2.0/:/nix/store/dj5anrpwcn0p6h3xnqyr5mz30fc7l825-gcc-12.2.0/libexec/gcc/x86_64-unknown-linux-gnu/12.2.0/:/nix/store/dj5anrpwcn0p6h3xnqyr5mz30fc7l825-gcc-12.2.0/libexec/gcc/x86_64-unknown-linux-gnu/:/nix/store/dj5anrpwcn0p6h3xnqyr5mz30fc7l825-gcc-12.2.0/lib/gcc/x86_64-unknown-linux-gnu/12.2.0/:/nix/store/dj5anrpwcn0p6h3xnqyr5mz30fc7l825-gcc-12.2.0/lib/gcc/x86_64-unknown-linux-gnu/
LIBRARY_PATH=/nix/store/0z5kcds7b6qmm373s3b5w9ykvqbgw87i-glibc-2.37-8/lib/:/nix/store/vaxgqbm6h3zvhpgk9xqqk97hqjp9gzvs-gcc-12.2.0-lib/lib/:/nix/store/b5mkki8bysygaf7a01jpj88zrxibkrv4-gcc-wrapper-12.2.0/bin/:/nix/store/dj5anrpwcn0p6h3xnqyr5mz30fc7l825-gcc-12.2.0/lib/gcc/x86_64-unknown-linux-gnu/12.2.0/:/nix/store/dj5anrpwcn0p6h3xnqyr5mz30fc7l825-gcc-12.2.0/lib/gcc/x86_64-unknown-linux-gnu/12.2.0/../../../../lib64/:/nix/store/dj5anrpwcn0p6h3xnqyr5mz30fc7l825-gcc-12.2.0/lib/gcc/x86_64-unknown-linux-gnu/12.2.0/../../../
COLLECT_GCC_OPTIONS='-fPIC' '-Wformat=1' '-Wformat-security' '-Werror=format-security' '-fstack-protector-strong' '--param=ssp-buffer-size=4' '-O2' '-U' '_FORTIFY_SOURCE' '-D' '_FORTIFY_SOURCE=2' '-fno-strict-overflow' '-v' '-o' 'CMakeFiles/cmTC_795bf.dir/CMakeCCompilerABI.c.o' '-c' '-B' '/nix/store/0z5kcds7b6qmm373s3b5w9ykvqbgw87i-glibc-2.37-8/lib/' '-idirafter' '/nix/store/bhhb91angi23wsr42apz1in1n9b9ilg3-glibc-2.37-8-dev/include' '-idirafter' '/nix/store/dj5anrpwcn0p6h3xnqyr5mz30fc7l825-gcc-12.2.0/lib/gcc/x86_64-unknown-linux-gnu/12.2.0/include-fixed' '-B' '/nix/store/vaxgqbm6h3zvhpgk9xqqk97hqjp9gzvs-gcc-12.2.0-lib/lib' '-B' '/nix/store/b5mkki8bysygaf7a01jpj88zrxibkrv4-gcc-wrapper-12.2.0/bin/' '-frandom-seed=g7ms0vazvy' '-isystem' '/nix/store/f3689ajsskyl7rn4d943ph3fn59mnirm-shogun-6.1.4-dev/include' '-isystem' '/nix/store/1fi684laj9vqifsps4s8v2xysgfdaz1p-dlib-19.24/include' '-isystem' '/nix/store/f3689ajsskyl7rn4d943ph3fn59mnirm-shogun-6.1.4-dev/include' '-isystem' '/nix/store/1fi684laj9vqifsps4s8v2xysgfdaz1p-dlib-19.24/include' '-mtune=generic' '-march=x86-64' '-dumpdir' 'CMakeFiles/cmTC_795bf.dir/CMakeCCompilerABI.c.'
Linking C executable cmTC_795bf
/nix/store/l94cn27yfm8mackgy708alcj9zczxj67-cmake-3.25.3/bin/cmake -E cmake_link_script CMakeFiles/cmTC_795bf.dir/link.txt --verbose=1
/nix/store/b5mkki8bysygaf7a01jpj88zrxibkrv4-gcc-wrapper-12.2.0/bin/gcc  -v CMakeFiles/cmTC_795bf.dir/CMakeCCompilerABI.c.o -o cmTC_795bf 
Using built-in specs.
COLLECT_GCC=/nix/store/dj5anrpwcn0p6h3xnqyr5mz30fc7l825-gcc-12.2.0/bin/gcc
COLLECT_LTO_WRAPPER=/nix/store/dj5anrpwcn0p6h3xnqyr5mz30fc7l825-gcc-12.2.0/libexec/gcc/x86_64-unknown-linux-gnu/12.2.0/lto-wrapper
Target: x86_64-unknown-linux-gnu
Configured with: 
Thread model: posix
Supported LTO compression algorithms: zlib
gcc version 12.2.0 (GCC) 
COMPILER_PATH=/nix/store/0z5kcds7b6qmm373s3b5w9ykvqbgw87i-glibc-2.37-8/lib/:/nix/store/vaxgqbm6h3zvhpgk9xqqk97hqjp9gzvs-gcc-12.2.0-lib/lib/:/nix/store/b5mkki8bysygaf7a01jpj88zrxibkrv4-gcc-wrapper-12.2.0/bin/:/nix/store/dj5anrpwcn0p6h3xnqyr5mz30fc7l825-gcc-12.2.0/libexec/gcc/x86_64-unknown-linux-gnu/12.2.0/:/nix/store/dj5anrpwcn0p6h3xnqyr5mz30fc7l825-gcc-12.2.0/libexec/gcc/x86_64-unknown-linux-gnu/12.2.0/:/nix/store/dj5anrpwcn0p6h3xnqyr5mz30fc7l825-gcc-12.2.0/libexec/gcc/x86_64-unknown-linux-gnu/:/nix/store/dj5anrpwcn0p6h3xnqyr5mz30fc7l825-gcc-12.2.0/lib/gcc/x86_64-unknown-linux-gnu/12.2.0/:/nix/store/dj5anrpwcn0p6h3xnqyr5mz30fc7l825-gcc-12.2.0/lib/gcc/x86_64-unknown-linux-gnu/
LIBRARY_PATH=/nix/store/0z5kcds7b6qmm373s3b5w9ykvqbgw87i-glibc-2.37-8/lib/:/nix/store/vaxgqbm6h3zvhpgk9xqqk97hqjp9gzvs-gcc-12.2.0-lib/lib/:/nix/store/b5mkki8bysygaf7a01jpj88zrxibkrv4-gcc-wrapper-12.2.0/bin/:/nix/store/dj5anrpwcn0p6h3xnqyr5mz30fc7l825-gcc-12.2.0/lib/gcc/x86_64-unknown-linux-gnu/12.2.0/:/nix/store/dj5anrpwcn0p6h3xnqyr5mz30fc7l825-gcc-12.2.0/lib/gcc/x86_64-unknown-linux-gnu/12.2.0/../../../../lib64/:/nix/store/dj5anrpwcn0p6h3xnqyr5mz30fc7l825-gcc-12.2.0/lib/gcc/x86_64-unknown-linux-gnu/12.2.0/../../../
COLLECT_GCC_OPTIONS='-fPIC' '-Wformat=1' '-Wformat-security' '-Werror=format-security' '-fstack-protector-strong' '--param=ssp-buffer-size=4' '-O2' '-U' '_FORTIFY_SOURCE' '-D' '_FORTIFY_SOURCE=2' '-fno-strict-overflow' '-v' '-o' 'cmTC_795bf' '-B' '/nix/store/0z5kcds7b6qmm373s3b5w9ykvqbgw87i-glibc-2.37-8/lib/' '-idirafter' '/nix/store/bhhb91angi23wsr42apz1in1n9b9ilg3-glibc-2.37-8-dev/include' '-idirafter' '/nix/store/dj5anrpwcn0p6h3xnqyr5mz30fc7l825-gcc-12.2.0/lib/gcc/x86_64-unknown-linux-gnu/12.2.0/include-fixed' '-B' '/nix/store/vaxgqbm6h3zvhpgk9xqqk97hqjp9gzvs-gcc-12.2.0-lib/lib' '-B' '/nix/store/b5mkki8bysygaf7a01jpj88zrxibkrv4-gcc-wrapper-12.2.0/bin/' '-frandom-seed=g7ms0vazvy' '-isystem' '/nix/store/f3689ajsskyl7rn4d943ph3fn59mnirm-shogun-6.1.4-dev/include' '-isystem' '/nix/store/1fi684laj9vqifsps4s8v2xysgfdaz1p-dlib-19.24/include' '-isystem' '/nix/store/f3689ajsskyl7rn4d943ph3fn59mnirm-shogun-6.1.4-dev/include' '-isystem' '/nix/store/1fi684laj9vqifsps4s8v2xysgfdaz1p-dlib-19.24/include' '-L/nix/store/79hrjyvqzkxbkddmn34b4kq5mma48xwz-shogun-6.1.4/lib' '-L/nix/store/1fi684laj9vqifsps4s8v2xysgfdaz1p-dlib-19.24/lib' '-L/nix/store/79hrjyvqzkxbkddmn34b4kq5mma48xwz-shogun-6.1.4/lib' '-L/nix/store/1fi684laj9vqifsps4s8v2xysgfdaz1p-dlib-19.24/lib' '-L/nix/store/0z5kcds7b6qmm373s3b5w9ykvqbgw87i-glibc-2.37-8/lib' '-L/nix/store/dj5anrpwcn0p6h3xnqyr5mz30fc7l825-gcc-12.2.0/lib/gcc/x86_64-unknown-linux-gnu/12.2.0' '-L/nix/store/vaxgqbm6h3zvhpgk9xqqk97hqjp9gzvs-gcc-12.2.0-lib/x86_64-unknown-linux-gnu/lib' '-L/nix/store/vaxgqbm6h3zvhpgk9xqqk97hqjp9gzvs-gcc-12.2.0-lib/lib' '-mtune=generic' '-march=x86-64' '-dumpdir' 'cmTC_795bf.'
 /nix/store/dj5anrpwcn0p6h3xnqyr5mz30fc7l825-gcc-12.2.0/libexec/gcc/x86_64-unknown-linux-gnu/12.2.0/collect2 -plugin /nix/store/dj5anrpwcn0p6h3xnqyr5mz30fc7l825-gcc-12.2.0/libexec/gcc/x86_64-unknown-linux-gnu/12.2.0/liblto_plugin.so -plugin-opt=/nix/store/dj5anrpwcn0p6h3xnqyr5mz30fc7l825-gcc-12.2.0/libexec/gcc/x86_64-unknown-linux-gnu/12.2.0/lto-wrapper -plugin-opt=-fresolution=/tmp/nix-shell.xuQc2B/ccBignR4.res -plugin-opt=-pass-through=-lgcc -plugin-opt=-pass-through=-lgcc_s -plugin-opt=-pass-through=-lc -plugin-opt=-pass-through=-lgcc -plugin-opt=-pass-through=-lgcc_s --eh-frame-hdr -m elf_x86_64 -dynamic-linker /nix/store/0z5kcds7b6qmm373s3b5w9ykvqbgw87i-glibc-2.37-8/lib64/ld-linux-x86-64.so.2 -o cmTC_795bf /nix/store/0z5kcds7b6qmm373s3b5w9ykvqbgw87i-glibc-2.37-8/lib/crt1.o /nix/store/0z5kcds7b6qmm373s3b5w9ykvqbgw87i-glibc-2.37-8/lib/crti.o /nix/store/dj5anrpwcn0p6h3xnqyr5mz30fc7l825-gcc-12.2.0/lib/gcc/x86_64-unknown-linux-gnu/12.2.0/crtbegin.o -L/nix/store/79hrjyvqzkxbkddmn34b4kq5mma48xwz-shogun-6.1.4/lib -L/nix/store/1fi684laj9vqifsps4s8v2xysgfdaz1p-dlib-19.24/lib -L/nix/store/79hrjyvqzkxbkddmn34b4kq5mma48xwz-shogun-6.1.4/lib -L/nix/store/1fi684laj9vqifsps4s8v2xysgfdaz1p-dlib-19.24/lib -L/nix/store/0z5kcds7b6qmm373s3b5w9ykvqbgw87i-glibc-2.37-8/lib -L/nix/store/dj5anrpwcn0p6h3xnqyr5mz30fc7l825-gcc-12.2.0/lib/gcc/x86_64-unknown-linux-gnu/12.2.0 -L/nix/store/vaxgqbm6h3zvhpgk9xqqk97hqjp9gzvs-gcc-12.2.0-lib/x86_64-unknown-linux-gnu/lib -L/nix/store/vaxgqbm6h3zvhpgk9xqqk97hqjp9gzvs-gcc-12.2.0-lib/lib -L/nix/store/0z5kcds7b6qmm373s3b5w9ykvqbgw87i-glibc-2.37-8/lib -L/nix/store/vaxgqbm6h3zvhpgk9xqqk97hqjp9gzvs-gcc-12.2.0-lib/lib -L/nix/store/b5mkki8bysygaf7a01jpj88zrxibkrv4-gcc-wrapper-12.2.0/bin -L/nix/store/dj5anrpwcn0p6h3xnqyr5mz30fc7l825-gcc-12.2.0/lib/gcc/x86_64-unknown-linux-gnu/12.2.0 -L/nix/store/dj5anrpwcn0p6h3xnqyr5mz30fc7l825-gcc-12.2.0/lib/gcc/x86_64-unknown-linux-gnu/12.2.0/../../../../lib64 -L/nix/store/dj5anrpwcn0p6h3xnqyr5mz30fc7l825-gcc-12.2.0/lib/gcc/x86_64-unknown-linux-gnu/12.2.0/../../.. -dynamic-linker=/nix/store/0z5kcds7b6qmm373s3b5w9ykvqbgw87i-glibc-2.37-8/lib/ld-linux-x86-64.so.2 CMakeFiles/cmTC_795bf.dir/CMakeCCompilerABI.c.o -rpath /home/jaen/Projects/nix/gerwant2/Praca/outputs/out/lib64 -rpath /home/jaen/Projects/nix/gerwant2/Praca/outputs/out/lib -lgcc --push-state --as-needed -lgcc_s --pop-state -lc -lgcc --push-state --as-needed -lgcc_s --pop-state /nix/store/dj5anrpwcn0p6h3xnqyr5mz30fc7l825-gcc-12.2.0/lib/gcc/x86_64-unknown-linux-gnu/12.2.0/crtend.o /nix/store/0z5kcds7b6qmm373s3b5w9ykvqbgw87i-glibc-2.37-8/lib/crtn.o
COLLECT_GCC_OPTIONS='-fPIC' '-Wformat=1' '-Wformat-security' '-Werror=format-security' '-fstack-protector-strong' '--param=ssp-buffer-size=4' '-O2' '-U' '_FORTIFY_SOURCE' '-D' '_FORTIFY_SOURCE=2' '-fno-strict-overflow' '-v' '-o' 'cmTC_795bf' '-B' '/nix/store/0z5kcds7b6qmm373s3b5w9ykvqbgw87i-glibc-2.37-8/lib/' '-idirafter' '/nix/store/bhhb91angi23wsr42apz1in1n9b9ilg3-glibc-2.37-8-dev/include' '-idirafter' '/nix/store/dj5anrpwcn0p6h3xnqyr5mz30fc7l825-gcc-12.2.0/lib/gcc/x86_64-unknown-linux-gnu/12.2.0/include-fixed' '-B' '/nix/store/vaxgqbm6h3zvhpgk9xqqk97hqjp9gzvs-gcc-12.2.0-lib/lib' '-B' '/nix/store/b5mkki8bysygaf7a01jpj88zrxibkrv4-gcc-wrapper-12.2.0/bin/' '-frandom-seed=g7ms0vazvy' '-isystem' '/nix/store/f3689ajsskyl7rn4d943ph3fn59mnirm-shogun-6.1.4-dev/include' '-isystem' '/nix/store/1fi684laj9vqifsps4s8v2xysgfdaz1p-dlib-19.24/include' '-isystem' '/nix/store/f3689ajsskyl7rn4d943ph3fn59mnirm-shogun-6.1.4-dev/include' '-isystem' '/nix/store/1fi684laj9vqifsps4s8v2xysgfdaz1p-dlib-19.24/include' '-L/nix/store/79hrjyvqzkxbkddmn34b4kq5mma48xwz-shogun-6.1.4/lib' '-L/nix/store/1fi684laj9vqifsps4s8v2xysgfdaz1p-dlib-19.24/lib' '-L/nix/store/79hrjyvqzkxbkddmn34b4kq5mma48xwz-shogun-6.1.4/lib' '-L/nix/store/1fi684laj9vqifsps4s8v2xysgfdaz1p-dlib-19.24/lib' '-L/nix/store/0z5kcds7b6qmm373s3b5w9ykvqbgw87i-glibc-2.37-8/lib' '-L/nix/store/dj5anrpwcn0p6h3xnqyr5mz30fc7l825-gcc-12.2.0/lib/gcc/x86_64-unknown-linux-gnu/12.2.0' '-L/nix/store/vaxgqbm6h3zvhpgk9xqqk97hqjp9gzvs-gcc-12.2.0-lib/x86_64-unknown-linux-gnu/lib' '-L/nix/store/vaxgqbm6h3zvhpgk9xqqk97hqjp9gzvs-gcc-12.2.0-lib/lib' '-mtune=generic' '-march=x86-64' '-dumpdir' 'cmTC_795bf.'
make[1]: Leaving directory '/home/jaen/Projects/nix/gerwant2/Praca/Result/CMakeFiles/CMakeScratch/TryCompile-n8t8zk'



Parsed C implicit include dir info from above output: rv=done
  found start of include info
  found start of implicit include info
    add: [/nix/store/f3689ajsskyl7rn4d943ph3fn59mnirm-shogun-6.1.4-dev/include]
    add: [/nix/store/1fi684laj9vqifsps4s8v2xysgfdaz1p-dlib-19.24/include]
    add: [/nix/store/dj5anrpwcn0p6h3xnqyr5mz30fc7l825-gcc-12.2.0/lib/gcc/x86_64-unknown-linux-gnu/12.2.0/include]
    add: [/nix/store/dj5anrpwcn0p6h3xnqyr5mz30fc7l825-gcc-12.2.0/include]
    add: [/nix/store/dj5anrpwcn0p6h3xnqyr5mz30fc7l825-gcc-12.2.0/lib/gcc/x86_64-unknown-linux-gnu/12.2.0/include-fixed]
    add: [/nix/store/bhhb91angi23wsr42apz1in1n9b9ilg3-glibc-2.37-8-dev/include]
  end of search list found
  collapse include dir [/nix/store/f3689ajsskyl7rn4d943ph3fn59mnirm-shogun-6.1.4-dev/include] ==> [/nix/store/f3689ajsskyl7rn4d943ph3fn59mnirm-shogun-6.1.4-dev/include]
  collapse include dir [/nix/store/1fi684laj9vqifsps4s8v2xysgfdaz1p-dlib-19.24/include] ==> [/nix/store/1fi684laj9vqifsps4s8v2xysgfdaz1p-dlib-19.24/include]
  collapse include dir [/nix/store/dj5anrpwcn0p6h3xnqyr5mz30fc7l825-gcc-12.2.0/lib/gcc/x86_64-unknown-linux-gnu/12.2.0/include] ==> [/nix/store/dj5anrpwcn0p6h3xnqyr5mz30fc7l825-gcc-12.2.0/lib/gcc/x86_64-unknown-linux-gnu/12.2.0/include]
  collapse include dir [/nix/store/dj5anrpwcn0p6h3xnqyr5mz30fc7l825-gcc-12.2.0/include] ==> [/nix/store/dj5anrpwcn0p6h3xnqyr5mz30fc7l825-gcc-12.2.0/include]
  collapse include dir [/nix/store/dj5anrpwcn0p6h3xnqyr5mz30fc7l825-gcc-12.2.0/lib/gcc/x86_64-unknown-linux-gnu/12.2.0/include-fixed] ==> [/nix/store/dj5anrpwcn0p6h3xnqyr5mz30fc7l825-gcc-12.2.0/lib/gcc/x86_64-unknown-linux-gnu/12.2.0/include-fixed]
  collapse include dir [/nix/store/bhhb91angi23wsr42apz1in1n9b9ilg3-glibc-2.37-8-dev/include] ==> [/nix/store/bhhb91angi23wsr42apz1in1n9b9ilg3-glibc-2.37-8-dev/include]
  implicit include dirs: [/nix/store/f3689ajsskyl7rn4d943ph3fn59mnirm-shogun-6.1.4-dev/include;/nix/store/1fi684laj9vqifsps4s8v2xysgfdaz1p-dlib-19.24/include;/nix/store/dj5anrpwcn0p6h3xnqyr5mz30fc7l825-gcc-12.2.0/lib/gcc/x86_64-unknown-linux-gnu/12.2.0/include;/nix/store/dj5anrpwcn0p6h3xnqyr5mz30fc7l825-gcc-12.2.0/include;/nix/store/dj5anrpwcn0p6h3xnqyr5mz30fc7l825-gcc-12.2.0/lib/gcc/x86_64-unknown-linux-gnu/12.2.0/include-fixed;/nix/store/bhhb91angi23wsr42apz1in1n9b9ilg3-glibc-2.37-8-dev/include]


Parsed C implicit link information from above output:
  link line regex: [^( *|.*[/\])(ld|CMAKE_LINK_STARTFILE-NOTFOUND|([^/\]+-)?ld|collect2)[^/\]*( |$)]
  ignore line: [Change Dir: /home/jaen/Projects/nix/gerwant2/Praca/Result/CMakeFiles/CMakeScratch/TryCompile-n8t8zk]
  ignore line: []
  ignore line: [Run Build Command(s):/nix/store/03vys33ya5y7a7nkwgzywaazivcwhc4m-gnumake-4.4.1/bin/make -f Makefile cmTC_795bf/fast && /nix/store/03vys33ya5y7a7nkwgzywaazivcwhc4m-gnumake-4.4.1/bin/make  -f CMakeFiles/cmTC_795bf.dir/build.make CMakeFiles/cmTC_795bf.dir/build]
  ignore line: [make[1]: Entering directory '/home/jaen/Projects/nix/gerwant2/Praca/Result/CMakeFiles/CMakeScratch/TryCompile-n8t8zk']
  ignore line: [Building C object CMakeFiles/cmTC_795bf.dir/CMakeCCompilerABI.c.o]
  ignore line: [/nix/store/b5mkki8bysygaf7a01jpj88zrxibkrv4-gcc-wrapper-12.2.0/bin/gcc   -v -o CMakeFiles/cmTC_795bf.dir/CMakeCCompilerABI.c.o -c /nix/store/l94cn27yfm8mackgy708alcj9zczxj67-cmake-3.25.3/share/cmake-3.25/Modules/CMakeCCompilerABI.c]
  ignore line: [Using built-in specs.]
  ignore line: [COLLECT_GCC=/nix/store/dj5anrpwcn0p6h3xnqyr5mz30fc7l825-gcc-12.2.0/bin/gcc]
  ignore line: [Target: x86_64-unknown-linux-gnu]
  ignore line: [Configured with: ]
  ignore line: [Thread model: posix]
  ignore line: [Supported LTO compression algorithms: zlib]
  ignore line: [gcc version 12.2.0 (GCC) ]
  ignore line: [COLLECT_GCC_OPTIONS='-fPIC' '-Wformat=1' '-Wformat-security' '-Werror=format-security' '-fstack-protector-strong' '--param=ssp-buffer-size=4' '-O2' '-U' '_FORTIFY_SOURCE' '-D' '_FORTIFY_SOURCE=2' '-fno-strict-overflow' '-v' '-o' 'CMakeFiles/cmTC_795bf.dir/CMakeCCompilerABI.c.o' '-c' '-B' '/nix/store/0z5kcds7b6qmm373s3b5w9ykvqbgw87i-glibc-2.37-8/lib/' '-idirafter' '/nix/store/bhhb91angi23wsr42apz1in1n9b9ilg3-glibc-2.37-8-dev/include' '-idirafter' '/nix/store/dj5anrpwcn0p6h3xnqyr5mz30fc7l825-gcc-12.2.0/lib/gcc/x86_64-unknown-linux-gnu/12.2.0/include-fixed' '-B' '/nix/store/vaxgqbm6h3zvhpgk9xqqk97hqjp9gzvs-gcc-12.2.0-lib/lib' '-B' '/nix/store/b5mkki8bysygaf7a01jpj88zrxibkrv4-gcc-wrapper-12.2.0/bin/' '-frandom-seed=g7ms0vazvy' '-isystem' '/nix/store/f3689ajsskyl7rn4d943ph3fn59mnirm-shogun-6.1.4-dev/include' '-isystem' '/nix/store/1fi684laj9vqifsps4s8v2xysgfdaz1p-dlib-19.24/include' '-isystem' '/nix/store/f3689ajsskyl7rn4d943ph3fn59mnirm-shogun-6.1.4-dev/include' '-isystem' '/nix/store/1fi684laj9vqifsps4s8v2xysgfdaz1p-dlib-19.24/include' '-mtune=generic' '-march=x86-64' '-dumpdir' 'CMakeFiles/cmTC_795bf.dir/']
  ignore line: [ /nix/store/dj5anrpwcn0p6h3xnqyr5mz30fc7l825-gcc-12.2.0/libexec/gcc/x86_64-unknown-linux-gnu/12.2.0/cc1 -quiet -v -U _FORTIFY_SOURCE -D _FORTIFY_SOURCE=2 -idirafter /nix/store/bhhb91angi23wsr42apz1in1n9b9ilg3-glibc-2.37-8-dev/include -idirafter /nix/store/dj5anrpwcn0p6h3xnqyr5mz30fc7l825-gcc-12.2.0/lib/gcc/x86_64-unknown-linux-gnu/12.2.0/include-fixed -isystem /nix/store/f3689ajsskyl7rn4d943ph3fn59mnirm-shogun-6.1.4-dev/include -isystem /nix/store/1fi684laj9vqifsps4s8v2xysgfdaz1p-dlib-19.24/include -isystem /nix/store/f3689ajsskyl7rn4d943ph3fn59mnirm-shogun-6.1.4-dev/include -isystem /nix/store/1fi684laj9vqifsps4s8v2xysgfdaz1p-dlib-19.24/include /nix/store/l94cn27yfm8mackgy708alcj9zczxj67-cmake-3.25.3/share/cmake-3.25/Modules/CMakeCCompilerABI.c -quiet -dumpdir CMakeFiles/cmTC_795bf.dir/ -dumpbase CMakeCCompilerABI.c.c -dumpbase-ext .c -mtune=generic -march=x86-64 -O2 -Wformat=1 -Wformat-security -Werror=format-security -version -fPIC -fstack-protector-strong -fno-strict-overflow -frandom-seed=g7ms0vazvy --param=ssp-buffer-size=4 -o /tmp/nix-shell.xuQc2B/ccfBkr7L.s]
  ignore line: [GNU C17 (GCC) version 12.2.0 (x86_64-unknown-linux-gnu)]
  ignore line: [	compiled by GNU C version 12.2.0  GMP version 6.2.1  MPFR version 4.2.0  MPC version 1.3.1  isl version isl-0.20-GMP]
  ignore line: []
  ignore line: [GGC heuristics: --param ggc-min-expand=100 --param ggc-min-heapsize=131072]
  ignore line: [ignoring duplicate directory "/nix/store/f3689ajsskyl7rn4d943ph3fn59mnirm-shogun-6.1.4-dev/include"]
  ignore line: [ignoring duplicate directory "/nix/store/1fi684laj9vqifsps4s8v2xysgfdaz1p-dlib-19.24/include"]
  ignore line: [ignoring nonexistent directory "/nix/store/dj5anrpwcn0p6h3xnqyr5mz30fc7l825-gcc-12.2.0/lib/gcc/x86_64-unknown-linux-gnu/12.2.0/../../../../x86_64-unknown-linux-gnu/include"]
  ignore line: [ignoring duplicate directory "/nix/store/bhhb91angi23wsr42apz1in1n9b9ilg3-glibc-2.37-8-dev/include"]
  ignore line: [ignoring duplicate directory "/nix/store/dj5anrpwcn0p6h3xnqyr5mz30fc7l825-gcc-12.2.0/lib/gcc/x86_64-unknown-linux-gnu/12.2.0/include-fixed"]
  ignore line: [#include "..." search starts here:]
  ignore line: [#include <...> search starts here:]
  ignore line: [ /nix/store/f3689ajsskyl7rn4d943ph3fn59mnirm-shogun-6.1.4-dev/include]
  ignore line: [ /nix/store/1fi684laj9vqifsps4s8v2xysgfdaz1p-dlib-19.24/include]
  ignore line: [ /nix/store/dj5anrpwcn0p6h3xnqyr5mz30fc7l825-gcc-12.2.0/lib/gcc/x86_64-unknown-linux-gnu/12.2.0/include]
  ignore line: [ /nix/store/dj5anrpwcn0p6h3xnqyr5mz30fc7l825-gcc-12.2.0/include]
  ignore line: [ /nix/store/dj5anrpwcn0p6h3xnqyr5mz30fc7l825-gcc-12.2.0/lib/gcc/x86_64-unknown-linux-gnu/12.2.0/include-fixed]
  ignore line: [ /nix/store/bhhb91angi23wsr42apz1in1n9b9ilg3-glibc-2.37-8-dev/include]
  ignore line: [End of search list.]
  ignore line: [GNU C17 (GCC) version 12.2.0 (x86_64-unknown-linux-gnu)]
  ignore line: [	compiled by GNU C version 12.2.0  GMP version 6.2.1  MPFR version 4.2.0  MPC version 1.3.1  isl version isl-0.20-GMP]
  ignore line: []
  ignore line: [GGC heuristics: --param ggc-min-expand=100 --param ggc-min-heapsize=131072]
  ignore line: [Compiler executable checksum: 23773671bc2083ba6572d91c76032a62]
  ignore line: [COLLECT_GCC_OPTIONS='-fPIC' '-Wformat=1' '-Wformat-security' '-Werror=format-security' '-fstack-protector-strong' '--param=ssp-buffer-size=4' '-O2' '-U' '_FORTIFY_SOURCE' '-D' '_FORTIFY_SOURCE=2' '-fno-strict-overflow' '-v' '-o' 'CMakeFiles/cmTC_795bf.dir/CMakeCCompilerABI.c.o' '-c' '-B' '/nix/store/0z5kcds7b6qmm373s3b5w9ykvqbgw87i-glibc-2.37-8/lib/' '-idirafter' '/nix/store/bhhb91angi23wsr42apz1in1n9b9ilg3-glibc-2.37-8-dev/include' '-idirafter' '/nix/store/dj5anrpwcn0p6h3xnqyr5mz30fc7l825-gcc-12.2.0/lib/gcc/x86_64-unknown-linux-gnu/12.2.0/include-fixed' '-B' '/nix/store/vaxgqbm6h3zvhpgk9xqqk97hqjp9gzvs-gcc-12.2.0-lib/lib' '-B' '/nix/store/b5mkki8bysygaf7a01jpj88zrxibkrv4-gcc-wrapper-12.2.0/bin/' '-frandom-seed=g7ms0vazvy' '-isystem' '/nix/store/f3689ajsskyl7rn4d943ph3fn59mnirm-shogun-6.1.4-dev/include' '-isystem' '/nix/store/1fi684laj9vqifsps4s8v2xysgfdaz1p-dlib-19.24/include' '-isystem' '/nix/store/f3689ajsskyl7rn4d943ph3fn59mnirm-shogun-6.1.4-dev/include' '-isystem' '/nix/store/1fi684laj9vqifsps4s8v2xysgfdaz1p-dlib-19.24/include' '-mtune=generic' '-march=x86-64' '-dumpdir' 'CMakeFiles/cmTC_795bf.dir/']
  ignore line: [ /nix/store/b5mkki8bysygaf7a01jpj88zrxibkrv4-gcc-wrapper-12.2.0/bin/as -v --64 -o CMakeFiles/cmTC_795bf.dir/CMakeCCompilerABI.c.o /tmp/nix-shell.xuQc2B/ccfBkr7L.s]
  ignore line: [GNU assembler version 2.40 (x86_64-unknown-linux-gnu) using BFD version (GNU Binutils) 2.40]
  ignore line: [COMPILER_PATH=/nix/store/0z5kcds7b6qmm373s3b5w9ykvqbgw87i-glibc-2.37-8/lib/:/nix/store/vaxgqbm6h3zvhpgk9xqqk97hqjp9gzvs-gcc-12.2.0-lib/lib/:/nix/store/b5mkki8bysygaf7a01jpj88zrxibkrv4-gcc-wrapper-12.2.0/bin/:/nix/store/dj5anrpwcn0p6h3xnqyr5mz30fc7l825-gcc-12.2.0/libexec/gcc/x86_64-unknown-linux-gnu/12.2.0/:/nix/store/dj5anrpwcn0p6h3xnqyr5mz30fc7l825-gcc-12.2.0/libexec/gcc/x86_64-unknown-linux-gnu/12.2.0/:/nix/store/dj5anrpwcn0p6h3xnqyr5mz30fc7l825-gcc-12.2.0/libexec/gcc/x86_64-unknown-linux-gnu/:/nix/store/dj5anrpwcn0p6h3xnqyr5mz30fc7l825-gcc-12.2.0/lib/gcc/x86_64-unknown-linux-gnu/12.2.0/:/nix/store/dj5anrpwcn0p6h3xnqyr5mz30fc7l825-gcc-12.2.0/lib/gcc/x86_64-unknown-linux-gnu/]
  ignore line: [LIBRARY_PATH=/nix/store/0z5kcds7b6qmm373s3b5w9ykvqbgw87i-glibc-2.37-8/lib/:/nix/store/vaxgqbm6h3zvhpgk9xqqk97hqjp9gzvs-gcc-12.2.0-lib/lib/:/nix/store/b5mkki8bysygaf7a01jpj88zrxibkrv4-gcc-wrapper-12.2.0/bin/:/nix/store/dj5anrpwcn0p6h3xnqyr5mz30fc7l825-gcc-12.2.0/lib/gcc/x86_64-unknown-linux-gnu/12.2.0/:/nix/store/dj5anrpwcn0p6h3xnqyr5mz30fc7l825-gcc-12.2.0/lib/gcc/x86_64-unknown-linux-gnu/12.2.0/../../../../lib64/:/nix/store/dj5anrpwcn0p6h3xnqyr5mz30fc7l825-gcc-12.2.0/lib/gcc/x86_64-unknown-linux-gnu/12.2.0/../../../]
  ignore line: [COLLECT_GCC_OPTIONS='-fPIC' '-Wformat=1' '-Wformat-security' '-Werror=format-security' '-fstack-protector-strong' '--param=ssp-buffer-size=4' '-O2' '-U' '_FORTIFY_SOURCE' '-D' '_FORTIFY_SOURCE=2' '-fno-strict-overflow' '-v' '-o' 'CMakeFiles/cmTC_795bf.dir/CMakeCCompilerABI.c.o' '-c' '-B' '/nix/store/0z5kcds7b6qmm373s3b5w9ykvqbgw87i-glibc-2.37-8/lib/' '-idirafter' '/nix/store/bhhb91angi23wsr42apz1in1n9b9ilg3-glibc-2.37-8-dev/include' '-idirafter' '/nix/store/dj5anrpwcn0p6h3xnqyr5mz30fc7l825-gcc-12.2.0/lib/gcc/x86_64-unknown-linux-gnu/12.2.0/include-fixed' '-B' '/nix/store/vaxgqbm6h3zvhpgk9xqqk97hqjp9gzvs-gcc-12.2.0-lib/lib' '-B' '/nix/store/b5mkki8bysygaf7a01jpj88zrxibkrv4-gcc-wrapper-12.2.0/bin/' '-frandom-seed=g7ms0vazvy' '-isystem' '/nix/store/f3689ajsskyl7rn4d943ph3fn59mnirm-shogun-6.1.4-dev/include' '-isystem' '/nix/store/1fi684laj9vqifsps4s8v2xysgfdaz1p-dlib-19.24/include' '-isystem' '/nix/store/f3689ajsskyl7rn4d943ph3fn59mnirm-shogun-6.1.4-dev/include' '-isystem' '/nix/store/1fi684laj9vqifsps4s8v2xysgfdaz1p-dlib-19.24/include' '-mtune=generic' '-march=x86-64' '-dumpdir' 'CMakeFiles/cmTC_795bf.dir/CMakeCCompilerABI.c.']
  ignore line: [Linking C executable cmTC_795bf]
  ignore line: [/nix/store/l94cn27yfm8mackgy708alcj9zczxj67-cmake-3.25.3/bin/cmake -E cmake_link_script CMakeFiles/cmTC_795bf.dir/link.txt --verbose=1]
  ignore line: [/nix/store/b5mkki8bysygaf7a01jpj88zrxibkrv4-gcc-wrapper-12.2.0/bin/gcc  -v CMakeFiles/cmTC_795bf.dir/CMakeCCompilerABI.c.o -o cmTC_795bf ]
  ignore line: [Using built-in specs.]
  ignore line: [COLLECT_GCC=/nix/store/dj5anrpwcn0p6h3xnqyr5mz30fc7l825-gcc-12.2.0/bin/gcc]
  ignore line: [COLLECT_LTO_WRAPPER=/nix/store/dj5anrpwcn0p6h3xnqyr5mz30fc7l825-gcc-12.2.0/libexec/gcc/x86_64-unknown-linux-gnu/12.2.0/lto-wrapper]
  ignore line: [Target: x86_64-unknown-linux-gnu]
  ignore line: [Configured with: ]
  ignore line: [Thread model: posix]
  ignore line: [Supported LTO compression algorithms: zlib]
  ignore line: [gcc version 12.2.0 (GCC) ]
  ignore line: [COMPILER_PATH=/nix/store/0z5kcds7b6qmm373s3b5w9ykvqbgw87i-glibc-2.37-8/lib/:/nix/store/vaxgqbm6h3zvhpgk9xqqk97hqjp9gzvs-gcc-12.2.0-lib/lib/:/nix/store/b5mkki8bysygaf7a01jpj88zrxibkrv4-gcc-wrapper-12.2.0/bin/:/nix/store/dj5anrpwcn0p6h3xnqyr5mz30fc7l825-gcc-12.2.0/libexec/gcc/x86_64-unknown-linux-gnu/12.2.0/:/nix/store/dj5anrpwcn0p6h3xnqyr5mz30fc7l825-gcc-12.2.0/libexec/gcc/x86_64-unknown-linux-gnu/12.2.0/:/nix/store/dj5anrpwcn0p6h3xnqyr5mz30fc7l825-gcc-12.2.0/libexec/gcc/x86_64-unknown-linux-gnu/:/nix/store/dj5anrpwcn0p6h3xnqyr5mz30fc7l825-gcc-12.2.0/lib/gcc/x86_64-unknown-linux-gnu/12.2.0/:/nix/store/dj5anrpwcn0p6h3xnqyr5mz30fc7l825-gcc-12.2.0/lib/gcc/x86_64-unknown-linux-gnu/]
  ignore line: [LIBRARY_PATH=/nix/store/0z5kcds7b6qmm373s3b5w9ykvqbgw87i-glibc-2.37-8/lib/:/nix/store/vaxgqbm6h3zvhpgk9xqqk97hqjp9gzvs-gcc-12.2.0-lib/lib/:/nix/store/b5mkki8bysygaf7a01jpj88zrxibkrv4-gcc-wrapper-12.2.0/bin/:/nix/store/dj5anrpwcn0p6h3xnqyr5mz30fc7l825-gcc-12.2.0/lib/gcc/x86_64-unknown-linux-gnu/12.2.0/:/nix/store/dj5anrpwcn0p6h3xnqyr5mz30fc7l825-gcc-12.2.0/lib/gcc/x86_64-unknown-linux-gnu/12.2.0/../../../../lib64/:/nix/store/dj5anrpwcn0p6h3xnqyr5mz30fc7l825-gcc-12.2.0/lib/gcc/x86_64-unknown-linux-gnu/12.2.0/../../../]
  ignore line: [COLLECT_GCC_OPTIONS='-fPIC' '-Wformat=1' '-Wformat-security' '-Werror=format-security' '-fstack-protector-strong' '--param=ssp-buffer-size=4' '-O2' '-U' '_FORTIFY_SOURCE' '-D' '_FORTIFY_SOURCE=2' '-fno-strict-overflow' '-v' '-o' 'cmTC_795bf' '-B' '/nix/store/0z5kcds7b6qmm373s3b5w9ykvqbgw87i-glibc-2.37-8/lib/' '-idirafter' '/nix/store/bhhb91angi23wsr42apz1in1n9b9ilg3-glibc-2.37-8-dev/include' '-idirafter' '/nix/store/dj5anrpwcn0p6h3xnqyr5mz30fc7l825-gcc-12.2.0/lib/gcc/x86_64-unknown-linux-gnu/12.2.0/include-fixed' '-B' '/nix/store/vaxgqbm6h3zvhpgk9xqqk97hqjp9gzvs-gcc-12.2.0-lib/lib' '-B' '/nix/store/b5mkki8bysygaf7a01jpj88zrxibkrv4-gcc-wrapper-12.2.0/bin/' '-frandom-seed=g7ms0vazvy' '-isystem' '/nix/store/f3689ajsskyl7rn4d943ph3fn59mnirm-shogun-6.1.4-dev/include' '-isystem' '/nix/store/1fi684laj9vqifsps4s8v2xysgfdaz1p-dlib-19.24/include' '-isystem' '/nix/store/f3689ajsskyl7rn4d943ph3fn59mnirm-shogun-6.1.4-dev/include' '-isystem' '/nix/store/1fi684laj9vqifsps4s8v2xysgfdaz1p-dlib-19.24/include' '-L/nix/store/79hrjyvqzkxbkddmn34b4kq5mma48xwz-shogun-6.1.4/lib' '-L/nix/store/1fi684laj9vqifsps4s8v2xysgfdaz1p-dlib-19.24/lib' '-L/nix/store/79hrjyvqzkxbkddmn34b4kq5mma48xwz-shogun-6.1.4/lib' '-L/nix/store/1fi684laj9vqifsps4s8v2xysgfdaz1p-dlib-19.24/lib' '-L/nix/store/0z5kcds7b6qmm373s3b5w9ykvqbgw87i-glibc-2.37-8/lib' '-L/nix/store/dj5anrpwcn0p6h3xnqyr5mz30fc7l825-gcc-12.2.0/lib/gcc/x86_64-unknown-linux-gnu/12.2.0' '-L/nix/store/vaxgqbm6h3zvhpgk9xqqk97hqjp9gzvs-gcc-12.2.0-lib/x86_64-unknown-linux-gnu/lib' '-L/nix/store/vaxgqbm6h3zvhpgk9xqqk97hqjp9gzvs-gcc-12.2.0-lib/lib' '-mtune=generic' '-march=x86-64' '-dumpdir' 'cmTC_795bf.']
  link line: [ /nix/store/dj5anrpwcn0p6h3xnqyr5mz30fc7l825-gcc-12.2.0/libexec/gcc/x86_64-unknown-linux-gnu/12.2.0/collect2 -plugin /nix/store/dj5anrpwcn0p6h3xnqyr5mz30fc7l825-gcc-12.2.0/libexec/gcc/x86_64-unknown-linux-gnu/12.2.0/liblto_plugin.so -plugin-opt=/nix/store/dj5anrpwcn0p6h3xnqyr5mz30fc7l825-gcc-12.2.0/libexec/gcc/x86_64-unknown-linux-gnu/12.2.0/lto-wrapper -plugin-opt=-fresolution=/tmp/nix-shell.xuQc2B/ccBignR4.res -plugin-opt=-pass-through=-lgcc -plugin-opt=-pass-through=-lgcc_s -plugin-opt=-pass-through=-lc -plugin-opt=-pass-through=-lgcc -plugin-opt=-pass-through=-lgcc_s --eh-frame-hdr -m elf_x86_64 -dynamic-linker /nix/store/0z5kcds7b6qmm373s3b5w9ykvqbgw87i-glibc-2.37-8/lib64/ld-linux-x86-64.so.2 -o cmTC_795bf /nix/store/0z5kcds7b6qmm373s3b5w9ykvqbgw87i-glibc-2.37-8/lib/crt1.o /nix/store/0z5kcds7b6qmm373s3b5w9ykvqbgw87i-glibc-2.37-8/lib/crti.o /nix/store/dj5anrpwcn0p6h3xnqyr5mz30fc7l825-gcc-12.2.0/lib/gcc/x86_64-unknown-linux-gnu/12.2.0/crtbegin.o -L/nix/store/79hrjyvqzkxbkddmn34b4kq5mma48xwz-shogun-6.1.4/lib -L/nix/store/1fi684laj9vqifsps4s8v2xysgfdaz1p-dlib-19.24/lib -L/nix/store/79hrjyvqzkxbkddmn34b4kq5mma48xwz-shogun-6.1.4/lib -L/nix/store/1fi684laj9vqifsps4s8v2xysgfdaz1p-dlib-19.24/lib -L/nix/store/0z5kcds7b6qmm373s3b5w9ykvqbgw87i-glibc-2.37-8/lib -L/nix/store/dj5anrpwcn0p6h3xnqyr5mz30fc7l825-gcc-12.2.0/lib/gcc/x86_64-unknown-linux-gnu/12.2.0 -L/nix/store/vaxgqbm6h3zvhpgk9xqqk97hqjp9gzvs-gcc-12.2.0-lib/x86_64-unknown-linux-gnu/lib -L/nix/store/vaxgqbm6h3zvhpgk9xqqk97hqjp9gzvs-gcc-12.2.0-lib/lib -L/nix/store/0z5kcds7b6qmm373s3b5w9ykvqbgw87i-glibc-2.37-8/lib -L/nix/store/vaxgqbm6h3zvhpgk9xqqk97hqjp9gzvs-gcc-12.2.0-lib/lib -L/nix/store/b5mkki8bysygaf7a01jpj88zrxibkrv4-gcc-wrapper-12.2.0/bin -L/nix/store/dj5anrpwcn0p6h3xnqyr5mz30fc7l825-gcc-12.2.0/lib/gcc/x86_64-unknown-linux-gnu/12.2.0 -L/nix/store/dj5anrpwcn0p6h3xnqyr5mz30fc7l825-gcc-12.2.0/lib/gcc/x86_64-unknown-linux-gnu/12.2.0/../../../../lib64 -L/nix/store/dj5anrpwcn0p6h3xnqyr5mz30fc7l825-gcc-12.2.0/lib/gcc/x86_64-unknown-linux-gnu/12.2.0/../../.. -dynamic-linker=/nix/store/0z5kcds7b6qmm373s3b5w9ykvqbgw87i-glibc-2.37-8/lib/ld-linux-x86-64.so.2 CMakeFiles/cmTC_795bf.dir/CMakeCCompilerABI.c.o -rpath /home/jaen/Projects/nix/gerwant2/Praca/outputs/out/lib64 -rpath /home/jaen/Projects/nix/gerwant2/Praca/outputs/out/lib -lgcc --push-state --as-needed -lgcc_s --pop-state -lc -lgcc --push-state --as-needed -lgcc_s --pop-state /nix/store/dj5anrpwcn0p6h3xnqyr5mz30fc7l825-gcc-12.2.0/lib/gcc/x86_64-unknown-linux-gnu/12.2.0/crtend.o /nix/store/0z5kcds7b6qmm373s3b5w9ykvqbgw87i-glibc-2.37-8/lib/crtn.o]
    arg [/nix/store/dj5anrpwcn0p6h3xnqyr5mz30fc7l825-gcc-12.2.0/libexec/gcc/x86_64-unknown-linux-gnu/12.2.0/collect2] ==> ignore
    arg [-plugin] ==> ignore
    arg [/nix/store/dj5anrpwcn0p6h3xnqyr5mz30fc7l825-gcc-12.2.0/libexec/gcc/x86_64-unknown-linux-gnu/12.2.0/liblto_plugin.so] ==> ignore
    arg [-plugin-opt=/nix/store/dj5anrpwcn0p6h3xnqyr5mz30fc7l825-gcc-12.2.0/libexec/gcc/x86_64-unknown-linux-gnu/12.2.0/lto-wrapper] ==> ignore
    arg [-plugin-opt=-fresolution=/tmp/nix-shell.xuQc2B/ccBignR4.res] ==> ignore
    arg [-plugin-opt=-pass-through=-lgcc] ==> ignore
    arg [-plugin-opt=-pass-through=-lgcc_s] ==> ignore
    arg [-plugin-opt=-pass-through=-lc] ==> ignore
    arg [-plugin-opt=-pass-through=-lgcc] ==> ignore
    arg [-plugin-opt=-pass-through=-lgcc_s] ==> ignore
    arg [--eh-frame-hdr] ==> ignore
    arg [-m] ==> ignore
    arg [elf_x86_64] ==> ignore
    arg [-dynamic-linker] ==> ignore
    arg [/nix/store/0z5kcds7b6qmm373s3b5w9ykvqbgw87i-glibc-2.37-8/lib64/ld-linux-x86-64.so.2] ==> ignore
    arg [-o] ==> ignore
    arg [cmTC_795bf] ==> ignore
    arg [/nix/store/0z5kcds7b6qmm373s3b5w9ykvqbgw87i-glibc-2.37-8/lib/crt1.o] ==> obj [/nix/store/0z5kcds7b6qmm373s3b5w9ykvqbgw87i-glibc-2.37-8/lib/crt1.o]
    arg [/nix/store/0z5kcds7b6qmm373s3b5w9ykvqbgw87i-glibc-2.37-8/lib/crti.o] ==> obj [/nix/store/0z5kcds7b6qmm373s3b5w9ykvqbgw87i-glibc-2.37-8/lib/crti.o]
    arg [/nix/store/dj5anrpwcn0p6h3xnqyr5mz30fc7l825-gcc-12.2.0/lib/gcc/x86_64-unknown-linux-gnu/12.2.0/crtbegin.o] ==> obj [/nix/store/dj5anrpwcn0p6h3xnqyr5mz30fc7l825-gcc-12.2.0/lib/gcc/x86_64-unknown-linux-gnu/12.2.0/crtbegin.o]
    arg [-L/nix/store/79hrjyvqzkxbkddmn34b4kq5mma48xwz-shogun-6.1.4/lib] ==> dir [/nix/store/79hrjyvqzkxbkddmn34b4kq5mma48xwz-shogun-6.1.4/lib]
    arg [-L/nix/store/1fi684laj9vqifsps4s8v2xysgfdaz1p-dlib-19.24/lib] ==> dir [/nix/store/1fi684laj9vqifsps4s8v2xysgfdaz1p-dlib-19.24/lib]
    arg [-L/nix/store/79hrjyvqzkxbkddmn34b4kq5mma48xwz-shogun-6.1.4/lib] ==> dir [/nix/store/79hrjyvqzkxbkddmn34b4kq5mma48xwz-shogun-6.1.4/lib]
    arg [-L/nix/store/1fi684laj9vqifsps4s8v2xysgfdaz1p-dlib-19.24/lib] ==> dir [/nix/store/1fi684laj9vqifsps4s8v2xysgfdaz1p-dlib-19.24/lib]
    arg [-L/nix/store/0z5kcds7b6qmm373s3b5w9ykvqbgw87i-glibc-2.37-8/lib] ==> dir [/nix/store/0z5kcds7b6qmm373s3b5w9ykvqbgw87i-glibc-2.37-8/lib]
    arg [-L/nix/store/dj5anrpwcn0p6h3xnqyr5mz30fc7l825-gcc-12.2.0/lib/gcc/x86_64-unknown-linux-gnu/12.2.0] ==> dir [/nix/store/dj5anrpwcn0p6h3xnqyr5mz30fc7l825-gcc-12.2.0/lib/gcc/x86_64-unknown-linux-gnu/12.2.0]
    arg [-L/nix/store/vaxgqbm6h3zvhpgk9xqqk97hqjp9gzvs-gcc-12.2.0-lib/x86_64-unknown-linux-gnu/lib] ==> dir [/nix/store/vaxgqbm6h3zvhpgk9xqqk97hqjp9gzvs-gcc-12.2.0-lib/x86_64-unknown-linux-gnu/lib]
    arg [-L/nix/store/vaxgqbm6h3zvhpgk9xqqk97hqjp9gzvs-gcc-12.2.0-lib/lib] ==> dir [/nix/store/vaxgqbm6h3zvhpgk9xqqk97hqjp9gzvs-gcc-12.2.0-lib/lib]
    arg [-L/nix/store/0z5kcds7b6qmm373s3b5w9ykvqbgw87i-glibc-2.37-8/lib] ==> dir [/nix/store/0z5kcds7b6qmm373s3b5w9ykvqbgw87i-glibc-2.37-8/lib]
    arg [-L/nix/store/vaxgqbm6h3zvhpgk9xqqk97hqjp9gzvs-gcc-12.2.0-lib/lib] ==> dir [/nix/store/vaxgqbm6h3zvhpgk9xqqk97hqjp9gzvs-gcc-12.2.0-lib/lib]
    arg [-L/nix/store/b5mkki8bysygaf7a01jpj88zrxibkrv4-gcc-wrapper-12.2.0/bin] ==> dir [/nix/store/b5mkki8bysygaf7a01jpj88zrxibkrv4-gcc-wrapper-12.2.0/bin]
    arg [-L/nix/store/dj5anrpwcn0p6h3xnqyr5mz30fc7l825-gcc-12.2.0/lib/gcc/x86_64-unknown-linux-gnu/12.2.0] ==> dir [/nix/store/dj5anrpwcn0p6h3xnqyr5mz30fc7l825-gcc-12.2.0/lib/gcc/x86_64-unknown-linux-gnu/12.2.0]
    arg [-L/nix/store/dj5anrpwcn0p6h3xnqyr5mz30fc7l825-gcc-12.2.0/lib/gcc/x86_64-unknown-linux-gnu/12.2.0/../../../../lib64] ==> dir [/nix/store/dj5anrpwcn0p6h3xnqyr5mz30fc7l825-gcc-12.2.0/lib/gcc/x86_64-unknown-linux-gnu/12.2.0/../../../../lib64]
    arg [-L/nix/store/dj5anrpwcn0p6h3xnqyr5mz30fc7l825-gcc-12.2.0/lib/gcc/x86_64-unknown-linux-gnu/12.2.0/../../..] ==> dir [/nix/store/dj5anrpwcn0p6h3xnqyr5mz30fc7l825-gcc-12.2.0/lib/gcc/x86_64-unknown-linux-gnu/12.2.0/../../..]
    arg [-dynamic-linker=/nix/store/0z5kcds7b6qmm373s3b5w9ykvqbgw87i-glibc-2.37-8/lib/ld-linux-x86-64.so.2] ==> ignore
    arg [CMakeFiles/cmTC_795bf.dir/CMakeCCompilerABI.c.o] ==> ignore
    arg [-rpath] ==> ignore
    arg [/home/jaen/Projects/nix/gerwant2/Praca/outputs/out/lib64] ==> ignore
    arg [-rpath] ==> ignore
    arg [/home/jaen/Projects/nix/gerwant2/Praca/outputs/out/lib] ==> ignore
    arg [-lgcc] ==> lib [gcc]
    arg [--push-state] ==> ignore
    arg [--as-needed] ==> ignore
    arg [-lgcc_s] ==> lib [gcc_s]
    arg [--pop-state] ==> ignore
    arg [-lc] ==> lib [c]
    arg [-lgcc] ==> lib [gcc]
    arg [--push-state] ==> ignore
    arg [--as-needed] ==> ignore
    arg [-lgcc_s] ==> lib [gcc_s]
    arg [--pop-state] ==> ignore
    arg [/nix/store/dj5anrpwcn0p6h3xnqyr5mz30fc7l825-gcc-12.2.0/lib/gcc/x86_64-unknown-linux-gnu/12.2.0/crtend.o] ==> obj [/nix/store/dj5anrpwcn0p6h3xnqyr5mz30fc7l825-gcc-12.2.0/lib/gcc/x86_64-unknown-linux-gnu/12.2.0/crtend.o]
    arg [/nix/store/0z5kcds7b6qmm373s3b5w9ykvqbgw87i-glibc-2.37-8/lib/crtn.o] ==> obj [/nix/store/0z5kcds7b6qmm373s3b5w9ykvqbgw87i-glibc-2.37-8/lib/crtn.o]
  collapse library dir [/nix/store/79hrjyvqzkxbkddmn34b4kq5mma48xwz-shogun-6.1.4/lib] ==> [/nix/store/79hrjyvqzkxbkddmn34b4kq5mma48xwz-shogun-6.1.4/lib]
  collapse library dir [/nix/store/1fi684laj9vqifsps4s8v2xysgfdaz1p-dlib-19.24/lib] ==> [/nix/store/1fi684laj9vqifsps4s8v2xysgfdaz1p-dlib-19.24/lib]
  collapse library dir [/nix/store/79hrjyvqzkxbkddmn34b4kq5mma48xwz-shogun-6.1.4/lib] ==> [/nix/store/79hrjyvqzkxbkddmn34b4kq5mma48xwz-shogun-6.1.4/lib]
  collapse library dir [/nix/store/1fi684laj9vqifsps4s8v2xysgfdaz1p-dlib-19.24/lib] ==> [/nix/store/1fi684laj9vqifsps4s8v2xysgfdaz1p-dlib-19.24/lib]
  collapse library dir [/nix/store/0z5kcds7b6qmm373s3b5w9ykvqbgw87i-glibc-2.37-8/lib] ==> [/nix/store/0z5kcds7b6qmm373s3b5w9ykvqbgw87i-glibc-2.37-8/lib]
  collapse library dir [/nix/store/dj5anrpwcn0p6h3xnqyr5mz30fc7l825-gcc-12.2.0/lib/gcc/x86_64-unknown-linux-gnu/12.2.0] ==> [/nix/store/dj5anrpwcn0p6h3xnqyr5mz30fc7l825-gcc-12.2.0/lib/gcc/x86_64-unknown-linux-gnu/12.2.0]
  collapse library dir [/nix/store/vaxgqbm6h3zvhpgk9xqqk97hqjp9gzvs-gcc-12.2.0-lib/x86_64-unknown-linux-gnu/lib] ==> [/nix/store/vaxgqbm6h3zvhpgk9xqqk97hqjp9gzvs-gcc-12.2.0-lib/x86_64-unknown-linux-gnu/lib]
  collapse library dir [/nix/store/vaxgqbm6h3zvhpgk9xqqk97hqjp9gzvs-gcc-12.2.0-lib/lib] ==> [/nix/store/vaxgqbm6h3zvhpgk9xqqk97hqjp9gzvs-gcc-12.2.0-lib/lib]
  collapse library dir [/nix/store/0z5kcds7b6qmm373s3b5w9ykvqbgw87i-glibc-2.37-8/lib] ==> [/nix/store/0z5kcds7b6qmm373s3b5w9ykvqbgw87i-glibc-2.37-8/lib]
  collapse library dir [/nix/store/vaxgqbm6h3zvhpgk9xqqk97hqjp9gzvs-gcc-12.2.0-lib/lib] ==> [/nix/store/vaxgqbm6h3zvhpgk9xqqk97hqjp9gzvs-gcc-12.2.0-lib/lib]
  collapse library dir [/nix/store/b5mkki8bysygaf7a01jpj88zrxibkrv4-gcc-wrapper-12.2.0/bin] ==> [/nix/store/b5mkki8bysygaf7a01jpj88zrxibkrv4-gcc-wrapper-12.2.0/bin]
  collapse library dir [/nix/store/dj5anrpwcn0p6h3xnqyr5mz30fc7l825-gcc-12.2.0/lib/gcc/x86_64-unknown-linux-gnu/12.2.0] ==> [/nix/store/dj5anrpwcn0p6h3xnqyr5mz30fc7l825-gcc-12.2.0/lib/gcc/x86_64-unknown-linux-gnu/12.2.0]
  collapse library dir [/nix/store/dj5anrpwcn0p6h3xnqyr5mz30fc7l825-gcc-12.2.0/lib/gcc/x86_64-unknown-linux-gnu/12.2.0/../../../../lib64] ==> [/nix/store/dj5anrpwcn0p6h3xnqyr5mz30fc7l825-gcc-12.2.0/lib64]
  collapse library dir [/nix/store/dj5anrpwcn0p6h3xnqyr5mz30fc7l825-gcc-12.2.0/lib/gcc/x86_64-unknown-linux-gnu/12.2.0/../../..] ==> [/nix/store/dj5anrpwcn0p6h3xnqyr5mz30fc7l825-gcc-12.2.0/lib]
  implicit libs: [gcc;gcc_s;c;gcc;gcc_s]
  implicit objs: [/nix/store/0z5kcds7b6qmm373s3b5w9ykvqbgw87i-glibc-2.37-8/lib/crt1.o;/nix/store/0z5kcds7b6qmm373s3b5w9ykvqbgw87i-glibc-2.37-8/lib/crti.o;/nix/store/dj5anrpwcn0p6h3xnqyr5mz30fc7l825-gcc-12.2.0/lib/gcc/x86_64-unknown-linux-gnu/12.2.0/crtbegin.o;/nix/store/dj5anrpwcn0p6h3xnqyr5mz30fc7l825-gcc-12.2.0/lib/gcc/x86_64-unknown-linux-gnu/12.2.0/crtend.o;/nix/store/0z5kcds7b6qmm373s3b5w9ykvqbgw87i-glibc-2.37-8/lib/crtn.o]
  implicit dirs: [/nix/store/79hrjyvqzkxbkddmn34b4kq5mma48xwz-shogun-6.1.4/lib;/nix/store/1fi684laj9vqifsps4s8v2xysgfdaz1p-dlib-19.24/lib;/nix/store/0z5kcds7b6qmm373s3b5w9ykvqbgw87i-glibc-2.37-8/lib;/nix/store/dj5anrpwcn0p6h3xnqyr5mz30fc7l825-gcc-12.2.0/lib/gcc/x86_64-unknown-linux-gnu/12.2.0;/nix/store/vaxgqbm6h3zvhpgk9xqqk97hqjp9gzvs-gcc-12.2.0-lib/x86_64-unknown-linux-gnu/lib;/nix/store/vaxgqbm6h3zvhpgk9xqqk97hqjp9gzvs-gcc-12.2.0-lib/lib;/nix/store/b5mkki8bysygaf7a01jpj88zrxibkrv4-gcc-wrapper-12.2.0/bin;/nix/store/dj5anrpwcn0p6h3xnqyr5mz30fc7l825-gcc-12.2.0/lib64;/nix/store/dj5anrpwcn0p6h3xnqyr5mz30fc7l825-gcc-12.2.0/lib]
  implicit fwks: []


Detecting CXX compiler ABI info compiled with the following output:
Change Dir: /home/jaen/Projects/nix/gerwant2/Praca/Result/CMakeFiles/CMakeScratch/TryCompile-oDAJ7k

Run Build Command(s):/nix/store/03vys33ya5y7a7nkwgzywaazivcwhc4m-gnumake-4.4.1/bin/make -f Makefile cmTC_a66cf/fast && /nix/store/03vys33ya5y7a7nkwgzywaazivcwhc4m-gnumake-4.4.1/bin/make  -f CMakeFiles/cmTC_a66cf.dir/build.make CMakeFiles/cmTC_a66cf.dir/build
make[1]: Entering directory '/home/jaen/Projects/nix/gerwant2/Praca/Result/CMakeFiles/CMakeScratch/TryCompile-oDAJ7k'
Building CXX object CMakeFiles/cmTC_a66cf.dir/CMakeCXXCompilerABI.cpp.o
/nix/store/b5mkki8bysygaf7a01jpj88zrxibkrv4-gcc-wrapper-12.2.0/bin/g++   -v -o CMakeFiles/cmTC_a66cf.dir/CMakeCXXCompilerABI.cpp.o -c /nix/store/l94cn27yfm8mackgy708alcj9zczxj67-cmake-3.25.3/share/cmake-3.25/Modules/CMakeCXXCompilerABI.cpp
Using built-in specs.
COLLECT_GCC=/nix/store/dj5anrpwcn0p6h3xnqyr5mz30fc7l825-gcc-12.2.0/bin/g++
Target: x86_64-unknown-linux-gnu
Configured with: 
Thread model: posix
Supported LTO compression algorithms: zlib
gcc version 12.2.0 (GCC) 
COLLECT_GCC_OPTIONS='-fPIC' '-Wformat=1' '-Wformat-security' '-Werror=format-security' '-fstack-protector-strong' '--param=ssp-buffer-size=4' '-O2' '-U' '_FORTIFY_SOURCE' '-D' '_FORTIFY_SOURCE=2' '-fno-strict-overflow' '-v' '-o' 'CMakeFiles/cmTC_a66cf.dir/CMakeCXXCompilerABI.cpp.o' '-c' '-B' '/nix/store/0z5kcds7b6qmm373s3b5w9ykvqbgw87i-glibc-2.37-8/lib/' '-idirafter' '/nix/store/bhhb91angi23wsr42apz1in1n9b9ilg3-glibc-2.37-8-dev/include' '-idirafter' '/nix/store/dj5anrpwcn0p6h3xnqyr5mz30fc7l825-gcc-12.2.0/lib/gcc/x86_64-unknown-linux-gnu/12.2.0/include-fixed' '-B' '/nix/store/vaxgqbm6h3zvhpgk9xqqk97hqjp9gzvs-gcc-12.2.0-lib/lib' '-B' '/nix/store/b5mkki8bysygaf7a01jpj88zrxibkrv4-gcc-wrapper-12.2.0/bin/' '-frandom-seed=g7ms0vazvy' '-isystem' '/nix/store/f3689ajsskyl7rn4d943ph3fn59mnirm-shogun-6.1.4-dev/include' '-isystem' '/nix/store/1fi684laj9vqifsps4s8v2xysgfdaz1p-dlib-19.24/include' '-isystem' '/nix/store/f3689ajsskyl7rn4d943ph3fn59mnirm-shogun-6.1.4-dev/include' '-isystem' '/nix/store/1fi684laj9vqifsps4s8v2xysgfdaz1p-dlib-19.24/include' '-shared-libgcc' '-mtune=generic' '-march=x86-64' '-dumpdir' 'CMakeFiles/cmTC_a66cf.dir/'
 /nix/store/dj5anrpwcn0p6h3xnqyr5mz30fc7l825-gcc-12.2.0/libexec/gcc/x86_64-unknown-linux-gnu/12.2.0/cc1plus -quiet -v -D_GNU_SOURCE -U _FORTIFY_SOURCE -D _FORTIFY_SOURCE=2 -idirafter /nix/store/bhhb91angi23wsr42apz1in1n9b9ilg3-glibc-2.37-8-dev/include -idirafter /nix/store/dj5anrpwcn0p6h3xnqyr5mz30fc7l825-gcc-12.2.0/lib/gcc/x86_64-unknown-linux-gnu/12.2.0/include-fixed -isystem /nix/store/f3689ajsskyl7rn4d943ph3fn59mnirm-shogun-6.1.4-dev/include -isystem /nix/store/1fi684laj9vqifsps4s8v2xysgfdaz1p-dlib-19.24/include -isystem /nix/store/f3689ajsskyl7rn4d943ph3fn59mnirm-shogun-6.1.4-dev/include -isystem /nix/store/1fi684laj9vqifsps4s8v2xysgfdaz1p-dlib-19.24/include /nix/store/l94cn27yfm8mackgy708alcj9zczxj67-cmake-3.25.3/share/cmake-3.25/Modules/CMakeCXXCompilerABI.cpp -quiet -dumpdir CMakeFiles/cmTC_a66cf.dir/ -dumpbase CMakeCXXCompilerABI.cpp.cpp -dumpbase-ext .cpp -mtune=generic -march=x86-64 -O2 -Wformat=1 -Wformat-security -Werror=format-security -version -fPIC -fstack-protector-strong -fno-strict-overflow -frandom-seed=g7ms0vazvy --param=ssp-buffer-size=4 -o /tmp/nix-shell.xuQc2B/ccg474WY.s
GNU C++17 (GCC) version 12.2.0 (x86_64-unknown-linux-gnu)
	compiled by GNU C version 12.2.0, GMP version 6.2.1, MPFR version 4.2.0, MPC version 1.3.1, isl version isl-0.20-GMP

GGC heuristics: --param ggc-min-expand=100 --param ggc-min-heapsize=131072
ignoring duplicate directory "/nix/store/f3689ajsskyl7rn4d943ph3fn59mnirm-shogun-6.1.4-dev/include"
ignoring duplicate directory "/nix/store/1fi684laj9vqifsps4s8v2xysgfdaz1p-dlib-19.24/include"
ignoring nonexistent directory "/nix/store/dj5anrpwcn0p6h3xnqyr5mz30fc7l825-gcc-12.2.0/lib/gcc/x86_64-unknown-linux-gnu/12.2.0/../../../../x86_64-unknown-linux-gnu/include"
ignoring duplicate directory "/nix/store/bhhb91angi23wsr42apz1in1n9b9ilg3-glibc-2.37-8-dev/include"
ignoring duplicate directory "/nix/store/dj5anrpwcn0p6h3xnqyr5mz30fc7l825-gcc-12.2.0/lib/gcc/x86_64-unknown-linux-gnu/12.2.0/include-fixed"
#include "..." search starts here:
#include <...> search starts here:
 /nix/store/f3689ajsskyl7rn4d943ph3fn59mnirm-shogun-6.1.4-dev/include
 /nix/store/1fi684laj9vqifsps4s8v2xysgfdaz1p-dlib-19.24/include
 /nix/store/dj5anrpwcn0p6h3xnqyr5mz30fc7l825-gcc-12.2.0/lib/gcc/x86_64-unknown-linux-gnu/12.2.0/../../../../include/c++/12.2.0
 /nix/store/dj5anrpwcn0p6h3xnqyr5mz30fc7l825-gcc-12.2.0/lib/gcc/x86_64-unknown-linux-gnu/12.2.0/../../../../include/c++/12.2.0/x86_64-unknown-linux-gnu
 /nix/store/dj5anrpwcn0p6h3xnqyr5mz30fc7l825-gcc-12.2.0/lib/gcc/x86_64-unknown-linux-gnu/12.2.0/../../../../include/c++/12.2.0/backward
 /nix/store/dj5anrpwcn0p6h3xnqyr5mz30fc7l825-gcc-12.2.0/lib/gcc/x86_64-unknown-linux-gnu/12.2.0/include
 /nix/store/dj5anrpwcn0p6h3xnqyr5mz30fc7l825-gcc-12.2.0/include
 /nix/store/dj5anrpwcn0p6h3xnqyr5mz30fc7l825-gcc-12.2.0/lib/gcc/x86_64-unknown-linux-gnu/12.2.0/include-fixed
 /nix/store/bhhb91angi23wsr42apz1in1n9b9ilg3-glibc-2.37-8-dev/include
End of search list.
GNU C++17 (GCC) version 12.2.0 (x86_64-unknown-linux-gnu)
	compiled by GNU C version 12.2.0, GMP version 6.2.1, MPFR version 4.2.0, MPC version 1.3.1, isl version isl-0.20-GMP

GGC heuristics: --param ggc-min-expand=100 --param ggc-min-heapsize=131072
Compiler executable checksum: 6a38318ea09b4209d06018a411cb8478
COLLECT_GCC_OPTIONS='-fPIC' '-Wformat=1' '-Wformat-security' '-Werror=format-security' '-fstack-protector-strong' '--param=ssp-buffer-size=4' '-O2' '-U' '_FORTIFY_SOURCE' '-D' '_FORTIFY_SOURCE=2' '-fno-strict-overflow' '-v' '-o' 'CMakeFiles/cmTC_a66cf.dir/CMakeCXXCompilerABI.cpp.o' '-c' '-B' '/nix/store/0z5kcds7b6qmm373s3b5w9ykvqbgw87i-glibc-2.37-8/lib/' '-idirafter' '/nix/store/bhhb91angi23wsr42apz1in1n9b9ilg3-glibc-2.37-8-dev/include' '-idirafter' '/nix/store/dj5anrpwcn0p6h3xnqyr5mz30fc7l825-gcc-12.2.0/lib/gcc/x86_64-unknown-linux-gnu/12.2.0/include-fixed' '-B' '/nix/store/vaxgqbm6h3zvhpgk9xqqk97hqjp9gzvs-gcc-12.2.0-lib/lib' '-B' '/nix/store/b5mkki8bysygaf7a01jpj88zrxibkrv4-gcc-wrapper-12.2.0/bin/' '-frandom-seed=g7ms0vazvy' '-isystem' '/nix/store/f3689ajsskyl7rn4d943ph3fn59mnirm-shogun-6.1.4-dev/include' '-isystem' '/nix/store/1fi684laj9vqifsps4s8v2xysgfdaz1p-dlib-19.24/include' '-isystem' '/nix/store/f3689ajsskyl7rn4d943ph3fn59mnirm-shogun-6.1.4-dev/include' '-isystem' '/nix/store/1fi684laj9vqifsps4s8v2xysgfdaz1p-dlib-19.24/include' '-shared-libgcc' '-mtune=generic' '-march=x86-64' '-dumpdir' 'CMakeFiles/cmTC_a66cf.dir/'
 /nix/store/b5mkki8bysygaf7a01jpj88zrxibkrv4-gcc-wrapper-12.2.0/bin/as -v --64 -o CMakeFiles/cmTC_a66cf.dir/CMakeCXXCompilerABI.cpp.o /tmp/nix-shell.xuQc2B/ccg474WY.s
GNU assembler version 2.40 (x86_64-unknown-linux-gnu) using BFD version (GNU Binutils) 2.40
COMPILER_PATH=/nix/store/0z5kcds7b6qmm373s3b5w9ykvqbgw87i-glibc-2.37-8/lib/:/nix/store/vaxgqbm6h3zvhpgk9xqqk97hqjp9gzvs-gcc-12.2.0-lib/lib/:/nix/store/b5mkki8bysygaf7a01jpj88zrxibkrv4-gcc-wrapper-12.2.0/bin/:/nix/store/dj5anrpwcn0p6h3xnqyr5mz30fc7l825-gcc-12.2.0/libexec/gcc/x86_64-unknown-linux-gnu/12.2.0/:/nix/store/dj5anrpwcn0p6h3xnqyr5mz30fc7l825-gcc-12.2.0/libexec/gcc/x86_64-unknown-linux-gnu/12.2.0/:/nix/store/dj5anrpwcn0p6h3xnqyr5mz30fc7l825-gcc-12.2.0/libexec/gcc/x86_64-unknown-linux-gnu/:/nix/store/dj5anrpwcn0p6h3xnqyr5mz30fc7l825-gcc-12.2.0/lib/gcc/x86_64-unknown-linux-gnu/12.2.0/:/nix/store/dj5anrpwcn0p6h3xnqyr5mz30fc7l825-gcc-12.2.0/lib/gcc/x86_64-unknown-linux-gnu/
LIBRARY_PATH=/nix/store/0z5kcds7b6qmm373s3b5w9ykvqbgw87i-glibc-2.37-8/lib/:/nix/store/vaxgqbm6h3zvhpgk9xqqk97hqjp9gzvs-gcc-12.2.0-lib/lib/:/nix/store/b5mkki8bysygaf7a01jpj88zrxibkrv4-gcc-wrapper-12.2.0/bin/:/nix/store/dj5anrpwcn0p6h3xnqyr5mz30fc7l825-gcc-12.2.0/lib/gcc/x86_64-unknown-linux-gnu/12.2.0/:/nix/store/dj5anrpwcn0p6h3xnqyr5mz30fc7l825-gcc-12.2.0/lib/gcc/x86_64-unknown-linux-gnu/12.2.0/../../../../lib64/:/nix/store/dj5anrpwcn0p6h3xnqyr5mz30fc7l825-gcc-12.2.0/lib/gcc/x86_64-unknown-linux-gnu/12.2.0/../../../
COLLECT_GCC_OPTIONS='-fPIC' '-Wformat=1' '-Wformat-security' '-Werror=format-security' '-fstack-protector-strong' '--param=ssp-buffer-size=4' '-O2' '-U' '_FORTIFY_SOURCE' '-D' '_FORTIFY_SOURCE=2' '-fno-strict-overflow' '-v' '-o' 'CMakeFiles/cmTC_a66cf.dir/CMakeCXXCompilerABI.cpp.o' '-c' '-B' '/nix/store/0z5kcds7b6qmm373s3b5w9ykvqbgw87i-glibc-2.37-8/lib/' '-idirafter' '/nix/store/bhhb91angi23wsr42apz1in1n9b9ilg3-glibc-2.37-8-dev/include' '-idirafter' '/nix/store/dj5anrpwcn0p6h3xnqyr5mz30fc7l825-gcc-12.2.0/lib/gcc/x86_64-unknown-linux-gnu/12.2.0/include-fixed' '-B' '/nix/store/vaxgqbm6h3zvhpgk9xqqk97hqjp9gzvs-gcc-12.2.0-lib/lib' '-B' '/nix/store/b5mkki8bysygaf7a01jpj88zrxibkrv4-gcc-wrapper-12.2.0/bin/' '-frandom-seed=g7ms0vazvy' '-isystem' '/nix/store/f3689ajsskyl7rn4d943ph3fn59mnirm-shogun-6.1.4-dev/include' '-isystem' '/nix/store/1fi684laj9vqifsps4s8v2xysgfdaz1p-dlib-19.24/include' '-isystem' '/nix/store/f3689ajsskyl7rn4d943ph3fn59mnirm-shogun-6.1.4-dev/include' '-isystem' '/nix/store/1fi684laj9vqifsps4s8v2xysgfdaz1p-dlib-19.24/include' '-shared-libgcc' '-mtune=generic' '-march=x86-64' '-dumpdir' 'CMakeFiles/cmTC_a66cf.dir/CMakeCXXCompilerABI.cpp.'
Linking CXX executable cmTC_a66cf
/nix/store/l94cn27yfm8mackgy708alcj9zczxj67-cmake-3.25.3/bin/cmake -E cmake_link_script CMakeFiles/cmTC_a66cf.dir/link.txt --verbose=1
/nix/store/b5mkki8bysygaf7a01jpj88zrxibkrv4-gcc-wrapper-12.2.0/bin/g++  -v CMakeFiles/cmTC_a66cf.dir/CMakeCXXCompilerABI.cpp.o -o cmTC_a66cf 
Using built-in specs.
COLLECT_GCC=/nix/store/dj5anrpwcn0p6h3xnqyr5mz30fc7l825-gcc-12.2.0/bin/g++
COLLECT_LTO_WRAPPER=/nix/store/dj5anrpwcn0p6h3xnqyr5mz30fc7l825-gcc-12.2.0/libexec/gcc/x86_64-unknown-linux-gnu/12.2.0/lto-wrapper
Target: x86_64-unknown-linux-gnu
Configured with: 
Thread model: posix
Supported LTO compression algorithms: zlib
gcc version 12.2.0 (GCC) 
COMPILER_PATH=/nix/store/0z5kcds7b6qmm373s3b5w9ykvqbgw87i-glibc-2.37-8/lib/:/nix/store/vaxgqbm6h3zvhpgk9xqqk97hqjp9gzvs-gcc-12.2.0-lib/lib/:/nix/store/b5mkki8bysygaf7a01jpj88zrxibkrv4-gcc-wrapper-12.2.0/bin/:/nix/store/dj5anrpwcn0p6h3xnqyr5mz30fc7l825-gcc-12.2.0/libexec/gcc/x86_64-unknown-linux-gnu/12.2.0/:/nix/store/dj5anrpwcn0p6h3xnqyr5mz30fc7l825-gcc-12.2.0/libexec/gcc/x86_64-unknown-linux-gnu/12.2.0/:/nix/store/dj5anrpwcn0p6h3xnqyr5mz30fc7l825-gcc-12.2.0/libexec/gcc/x86_64-unknown-linux-gnu/:/nix/store/dj5anrpwcn0p6h3xnqyr5mz30fc7l825-gcc-12.2.0/lib/gcc/x86_64-unknown-linux-gnu/12.2.0/:/nix/store/dj5anrpwcn0p6h3xnqyr5mz30fc7l825-gcc-12.2.0/lib/gcc/x86_64-unknown-linux-gnu/
LIBRARY_PATH=/nix/store/0z5kcds7b6qmm373s3b5w9ykvqbgw87i-glibc-2.37-8/lib/:/nix/store/vaxgqbm6h3zvhpgk9xqqk97hqjp9gzvs-gcc-12.2.0-lib/lib/:/nix/store/b5mkki8bysygaf7a01jpj88zrxibkrv4-gcc-wrapper-12.2.0/bin/:/nix/store/dj5anrpwcn0p6h3xnqyr5mz30fc7l825-gcc-12.2.0/lib/gcc/x86_64-unknown-linux-gnu/12.2.0/:/nix/store/dj5anrpwcn0p6h3xnqyr5mz30fc7l825-gcc-12.2.0/lib/gcc/x86_64-unknown-linux-gnu/12.2.0/../../../../lib64/:/nix/store/dj5anrpwcn0p6h3xnqyr5mz30fc7l825-gcc-12.2.0/lib/gcc/x86_64-unknown-linux-gnu/12.2.0/../../../
COLLECT_GCC_OPTIONS='-fPIC' '-Wformat=1' '-Wformat-security' '-Werror=format-security' '-fstack-protector-strong' '--param=ssp-buffer-size=4' '-O2' '-U' '_FORTIFY_SOURCE' '-D' '_FORTIFY_SOURCE=2' '-fno-strict-overflow' '-v' '-o' 'cmTC_a66cf' '-B' '/nix/store/0z5kcds7b6qmm373s3b5w9ykvqbgw87i-glibc-2.37-8/lib/' '-idirafter' '/nix/store/bhhb91angi23wsr42apz1in1n9b9ilg3-glibc-2.37-8-dev/include' '-idirafter' '/nix/store/dj5anrpwcn0p6h3xnqyr5mz30fc7l825-gcc-12.2.0/lib/gcc/x86_64-unknown-linux-gnu/12.2.0/include-fixed' '-B' '/nix/store/vaxgqbm6h3zvhpgk9xqqk97hqjp9gzvs-gcc-12.2.0-lib/lib' '-B' '/nix/store/b5mkki8bysygaf7a01jpj88zrxibkrv4-gcc-wrapper-12.2.0/bin/' '-frandom-seed=g7ms0vazvy' '-isystem' '/nix/store/f3689ajsskyl7rn4d943ph3fn59mnirm-shogun-6.1.4-dev/include' '-isystem' '/nix/store/1fi684laj9vqifsps4s8v2xysgfdaz1p-dlib-19.24/include' '-isystem' '/nix/store/f3689ajsskyl7rn4d943ph3fn59mnirm-shogun-6.1.4-dev/include' '-isystem' '/nix/store/1fi684laj9vqifsps4s8v2xysgfdaz1p-dlib-19.24/include' '-L/nix/store/79hrjyvqzkxbkddmn34b4kq5mma48xwz-shogun-6.1.4/lib' '-L/nix/store/1fi684laj9vqifsps4s8v2xysgfdaz1p-dlib-19.24/lib' '-L/nix/store/79hrjyvqzkxbkddmn34b4kq5mma48xwz-shogun-6.1.4/lib' '-L/nix/store/1fi684laj9vqifsps4s8v2xysgfdaz1p-dlib-19.24/lib' '-L/nix/store/0z5kcds7b6qmm373s3b5w9ykvqbgw87i-glibc-2.37-8/lib' '-L/nix/store/dj5anrpwcn0p6h3xnqyr5mz30fc7l825-gcc-12.2.0/lib/gcc/x86_64-unknown-linux-gnu/12.2.0' '-L/nix/store/vaxgqbm6h3zvhpgk9xqqk97hqjp9gzvs-gcc-12.2.0-lib/x86_64-unknown-linux-gnu/lib' '-L/nix/store/vaxgqbm6h3zvhpgk9xqqk97hqjp9gzvs-gcc-12.2.0-lib/lib' '-shared-libgcc' '-mtune=generic' '-march=x86-64' '-dumpdir' 'cmTC_a66cf.'
 /nix/store/dj5anrpwcn0p6h3xnqyr5mz30fc7l825-gcc-12.2.0/libexec/gcc/x86_64-unknown-linux-gnu/12.2.0/collect2 -plugin /nix/store/dj5anrpwcn0p6h3xnqyr5mz30fc7l825-gcc-12.2.0/libexec/gcc/x86_64-unknown-linux-gnu/12.2.0/liblto_plugin.so -plugin-opt=/nix/store/dj5anrpwcn0p6h3xnqyr5mz30fc7l825-gcc-12.2.0/libexec/gcc/x86_64-unknown-linux-gnu/12.2.0/lto-wrapper -plugin-opt=-fresolution=/tmp/nix-shell.xuQc2B/cccyoNb8.res -plugin-opt=-pass-through=-lgcc_s -plugin-opt=-pass-through=-lgcc -plugin-opt=-pass-through=-lc -plugin-opt=-pass-through=-lgcc_s -plugin-opt=-pass-through=-lgcc --eh-frame-hdr -m elf_x86_64 -dynamic-linker /nix/store/0z5kcds7b6qmm373s3b5w9ykvqbgw87i-glibc-2.37-8/lib64/ld-linux-x86-64.so.2 -o cmTC_a66cf /nix/store/0z5kcds7b6qmm373s3b5w9ykvqbgw87i-glibc-2.37-8/lib/crt1.o /nix/store/0z5kcds7b6qmm373s3b5w9ykvqbgw87i-glibc-2.37-8/lib/crti.o /nix/store/dj5anrpwcn0p6h3xnqyr5mz30fc7l825-gcc-12.2.0/lib/gcc/x86_64-unknown-linux-gnu/12.2.0/crtbegin.o -L/nix/store/79hrjyvqzkxbkddmn34b4kq5mma48xwz-shogun-6.1.4/lib -L/nix/store/1fi684laj9vqifsps4s8v2xysgfdaz1p-dlib-19.24/lib -L/nix/store/79hrjyvqzkxbkddmn34b4kq5mma48xwz-shogun-6.1.4/lib -L/nix/store/1fi684laj9vqifsps4s8v2xysgfdaz1p-dlib-19.24/lib -L/nix/store/0z5kcds7b6qmm373s3b5w9ykvqbgw87i-glibc-2.37-8/lib -L/nix/store/dj5anrpwcn0p6h3xnqyr5mz30fc7l825-gcc-12.2.0/lib/gcc/x86_64-unknown-linux-gnu/12.2.0 -L/nix/store/vaxgqbm6h3zvhpgk9xqqk97hqjp9gzvs-gcc-12.2.0-lib/x86_64-unknown-linux-gnu/lib -L/nix/store/vaxgqbm6h3zvhpgk9xqqk97hqjp9gzvs-gcc-12.2.0-lib/lib -L/nix/store/0z5kcds7b6qmm373s3b5w9ykvqbgw87i-glibc-2.37-8/lib -L/nix/store/vaxgqbm6h3zvhpgk9xqqk97hqjp9gzvs-gcc-12.2.0-lib/lib -L/nix/store/b5mkki8bysygaf7a01jpj88zrxibkrv4-gcc-wrapper-12.2.0/bin -L/nix/store/dj5anrpwcn0p6h3xnqyr5mz30fc7l825-gcc-12.2.0/lib/gcc/x86_64-unknown-linux-gnu/12.2.0 -L/nix/store/dj5anrpwcn0p6h3xnqyr5mz30fc7l825-gcc-12.2.0/lib/gcc/x86_64-unknown-linux-gnu/12.2.0/../../../../lib64 -L/nix/store/dj5anrpwcn0p6h3xnqyr5mz30fc7l825-gcc-12.2.0/lib/gcc/x86_64-unknown-linux-gnu/12.2.0/../../.. -dynamic-linker=/nix/store/0z5kcds7b6qmm373s3b5w9ykvqbgw87i-glibc-2.37-8/lib/ld-linux-x86-64.so.2 CMakeFiles/cmTC_a66cf.dir/CMakeCXXCompilerABI.cpp.o -rpath /home/jaen/Projects/nix/gerwant2/Praca/outputs/out/lib64 -rpath /home/jaen/Projects/nix/gerwant2/Praca/outputs/out/lib -lstdc++ -lm -lgcc_s -lgcc -lc -lgcc_s -lgcc /nix/store/dj5anrpwcn0p6h3xnqyr5mz30fc7l825-gcc-12.2.0/lib/gcc/x86_64-unknown-linux-gnu/12.2.0/crtend.o /nix/store/0z5kcds7b6qmm373s3b5w9ykvqbgw87i-glibc-2.37-8/lib/crtn.o
COLLECT_GCC_OPTIONS='-fPIC' '-Wformat=1' '-Wformat-security' '-Werror=format-security' '-fstack-protector-strong' '--param=ssp-buffer-size=4' '-O2' '-U' '_FORTIFY_SOURCE' '-D' '_FORTIFY_SOURCE=2' '-fno-strict-overflow' '-v' '-o' 'cmTC_a66cf' '-B' '/nix/store/0z5kcds7b6qmm373s3b5w9ykvqbgw87i-glibc-2.37-8/lib/' '-idirafter' '/nix/store/bhhb91angi23wsr42apz1in1n9b9ilg3-glibc-2.37-8-dev/include' '-idirafter' '/nix/store/dj5anrpwcn0p6h3xnqyr5mz30fc7l825-gcc-12.2.0/lib/gcc/x86_64-unknown-linux-gnu/12.2.0/include-fixed' '-B' '/nix/store/vaxgqbm6h3zvhpgk9xqqk97hqjp9gzvs-gcc-12.2.0-lib/lib' '-B' '/nix/store/b5mkki8bysygaf7a01jpj88zrxibkrv4-gcc-wrapper-12.2.0/bin/' '-frandom-seed=g7ms0vazvy' '-isystem' '/nix/store/f3689ajsskyl7rn4d943ph3fn59mnirm-shogun-6.1.4-dev/include' '-isystem' '/nix/store/1fi684laj9vqifsps4s8v2xysgfdaz1p-dlib-19.24/include' '-isystem' '/nix/store/f3689ajsskyl7rn4d943ph3fn59mnirm-shogun-6.1.4-dev/include' '-isystem' '/nix/store/1fi684laj9vqifsps4s8v2xysgfdaz1p-dlib-19.24/include' '-L/nix/store/79hrjyvqzkxbkddmn34b4kq5mma48xwz-shogun-6.1.4/lib' '-L/nix/store/1fi684laj9vqifsps4s8v2xysgfdaz1p-dlib-19.24/lib' '-L/nix/store/79hrjyvqzkxbkddmn34b4kq5mma48xwz-shogun-6.1.4/lib' '-L/nix/store/1fi684laj9vqifsps4s8v2xysgfdaz1p-dlib-19.24/lib' '-L/nix/store/0z5kcds7b6qmm373s3b5w9ykvqbgw87i-glibc-2.37-8/lib' '-L/nix/store/dj5anrpwcn0p6h3xnqyr5mz30fc7l825-gcc-12.2.0/lib/gcc/x86_64-unknown-linux-gnu/12.2.0' '-L/nix/store/vaxgqbm6h3zvhpgk9xqqk97hqjp9gzvs-gcc-12.2.0-lib/x86_64-unknown-linux-gnu/lib' '-L/nix/store/vaxgqbm6h3zvhpgk9xqqk97hqjp9gzvs-gcc-12.2.0-lib/lib' '-shared-libgcc' '-mtune=generic' '-march=x86-64' '-dumpdir' 'cmTC_a66cf.'
make[1]: Leaving directory '/home/jaen/Projects/nix/gerwant2/Praca/Result/CMakeFiles/CMakeScratch/TryCompile-oDAJ7k'



Parsed CXX implicit include dir info from above output: rv=done
  found start of include info
  found start of implicit include info
    add: [/nix/store/f3689ajsskyl7rn4d943ph3fn59mnirm-shogun-6.1.4-dev/include]
    add: [/nix/store/1fi684laj9vqifsps4s8v2xysgfdaz1p-dlib-19.24/include]
    add: [/nix/store/dj5anrpwcn0p6h3xnqyr5mz30fc7l825-gcc-12.2.0/lib/gcc/x86_64-unknown-linux-gnu/12.2.0/../../../../include/c++/12.2.0]
    add: [/nix/store/dj5anrpwcn0p6h3xnqyr5mz30fc7l825-gcc-12.2.0/lib/gcc/x86_64-unknown-linux-gnu/12.2.0/../../../../include/c++/12.2.0/x86_64-unknown-linux-gnu]
    add: [/nix/store/dj5anrpwcn0p6h3xnqyr5mz30fc7l825-gcc-12.2.0/lib/gcc/x86_64-unknown-linux-gnu/12.2.0/../../../../include/c++/12.2.0/backward]
    add: [/nix/store/dj5anrpwcn0p6h3xnqyr5mz30fc7l825-gcc-12.2.0/lib/gcc/x86_64-unknown-linux-gnu/12.2.0/include]
    add: [/nix/store/dj5anrpwcn0p6h3xnqyr5mz30fc7l825-gcc-12.2.0/include]
    add: [/nix/store/dj5anrpwcn0p6h3xnqyr5mz30fc7l825-gcc-12.2.0/lib/gcc/x86_64-unknown-linux-gnu/12.2.0/include-fixed]
    add: [/nix/store/bhhb91angi23wsr42apz1in1n9b9ilg3-glibc-2.37-8-dev/include]
  end of search list found
  collapse include dir [/nix/store/f3689ajsskyl7rn4d943ph3fn59mnirm-shogun-6.1.4-dev/include] ==> [/nix/store/f3689ajsskyl7rn4d943ph3fn59mnirm-shogun-6.1.4-dev/include]
  collapse include dir [/nix/store/1fi684laj9vqifsps4s8v2xysgfdaz1p-dlib-19.24/include] ==> [/nix/store/1fi684laj9vqifsps4s8v2xysgfdaz1p-dlib-19.24/include]
  collapse include dir [/nix/store/dj5anrpwcn0p6h3xnqyr5mz30fc7l825-gcc-12.2.0/lib/gcc/x86_64-unknown-linux-gnu/12.2.0/../../../../include/c++/12.2.0] ==> [/nix/store/dj5anrpwcn0p6h3xnqyr5mz30fc7l825-gcc-12.2.0/include/c++/12.2.0]
  collapse include dir [/nix/store/dj5anrpwcn0p6h3xnqyr5mz30fc7l825-gcc-12.2.0/lib/gcc/x86_64-unknown-linux-gnu/12.2.0/../../../../include/c++/12.2.0/x86_64-unknown-linux-gnu] ==> [/nix/store/dj5anrpwcn0p6h3xnqyr5mz30fc7l825-gcc-12.2.0/include/c++/12.2.0/x86_64-unknown-linux-gnu]
  collapse include dir [/nix/store/dj5anrpwcn0p6h3xnqyr5mz30fc7l825-gcc-12.2.0/lib/gcc/x86_64-unknown-linux-gnu/12.2.0/../../../../include/c++/12.2.0/backward] ==> [/nix/store/dj5anrpwcn0p6h3xnqyr5mz30fc7l825-gcc-12.2.0/include/c++/12.2.0/backward]
  collapse include dir [/nix/store/dj5anrpwcn0p6h3xnqyr5mz30fc7l825-gcc-12.2.0/lib/gcc/x86_64-unknown-linux-gnu/12.2.0/include] ==> [/nix/store/dj5anrpwcn0p6h3xnqyr5mz30fc7l825-gcc-12.2.0/lib/gcc/x86_64-unknown-linux-gnu/12.2.0/include]
  collapse include dir [/nix/store/dj5anrpwcn0p6h3xnqyr5mz30fc7l825-gcc-12.2.0/include] ==> [/nix/store/dj5anrpwcn0p6h3xnqyr5mz30fc7l825-gcc-12.2.0/include]
  collapse include dir [/nix/store/dj5anrpwcn0p6h3xnqyr5mz30fc7l825-gcc-12.2.0/lib/gcc/x86_64-unknown-linux-gnu/12.2.0/include-fixed] ==> [/nix/store/dj5anrpwcn0p6h3xnqyr5mz30fc7l825-gcc-12.2.0/lib/gcc/x86_64-unknown-linux-gnu/12.2.0/include-fixed]
  collapse include dir [/nix/store/bhhb91angi23wsr42apz1in1n9b9ilg3-glibc-2.37-8-dev/include] ==> [/nix/store/bhhb91angi23wsr42apz1in1n9b9ilg3-glibc-2.37-8-dev/include]
  implicit include dirs: [/nix/store/f3689ajsskyl7rn4d943ph3fn59mnirm-shogun-6.1.4-dev/include;/nix/store/1fi684laj9vqifsps4s8v2xysgfdaz1p-dlib-19.24/include;/nix/store/dj5anrpwcn0p6h3xnqyr5mz30fc7l825-gcc-12.2.0/include/c++/12.2.0;/nix/store/dj5anrpwcn0p6h3xnqyr5mz30fc7l825-gcc-12.2.0/include/c++/12.2.0/x86_64-unknown-linux-gnu;/nix/store/dj5anrpwcn0p6h3xnqyr5mz30fc7l825-gcc-12.2.0/include/c++/12.2.0/backward;/nix/store/dj5anrpwcn0p6h3xnqyr5mz30fc7l825-gcc-12.2.0/lib/gcc/x86_64-unknown-linux-gnu/12.2.0/include;/nix/store/dj5anrpwcn0p6h3xnqyr5mz30fc7l825-gcc-12.2.0/include;/nix/store/dj5anrpwcn0p6h3xnqyr5mz30fc7l825-gcc-12.2.0/lib/gcc/x86_64-unknown-linux-gnu/12.2.0/include-fixed;/nix/store/bhhb91angi23wsr42apz1in1n9b9ilg3-glibc-2.37-8-dev/include]


Parsed CXX implicit link information from above output:
  link line regex: [^( *|.*[/\])(ld|CMAKE_LINK_STARTFILE-NOTFOUND|([^/\]+-)?ld|collect2)[^/\]*( |$)]
  ignore line: [Change Dir: /home/jaen/Projects/nix/gerwant2/Praca/Result/CMakeFiles/CMakeScratch/TryCompile-oDAJ7k]
  ignore line: []
  ignore line: [Run Build Command(s):/nix/store/03vys33ya5y7a7nkwgzywaazivcwhc4m-gnumake-4.4.1/bin/make -f Makefile cmTC_a66cf/fast && /nix/store/03vys33ya5y7a7nkwgzywaazivcwhc4m-gnumake-4.4.1/bin/make  -f CMakeFiles/cmTC_a66cf.dir/build.make CMakeFiles/cmTC_a66cf.dir/build]
  ignore line: [make[1]: Entering directory '/home/jaen/Projects/nix/gerwant2/Praca/Result/CMakeFiles/CMakeScratch/TryCompile-oDAJ7k']
  ignore line: [Building CXX object CMakeFiles/cmTC_a66cf.dir/CMakeCXXCompilerABI.cpp.o]
  ignore line: [/nix/store/b5mkki8bysygaf7a01jpj88zrxibkrv4-gcc-wrapper-12.2.0/bin/g++   -v -o CMakeFiles/cmTC_a66cf.dir/CMakeCXXCompilerABI.cpp.o -c /nix/store/l94cn27yfm8mackgy708alcj9zczxj67-cmake-3.25.3/share/cmake-3.25/Modules/CMakeCXXCompilerABI.cpp]
  ignore line: [Using built-in specs.]
  ignore line: [COLLECT_GCC=/nix/store/dj5anrpwcn0p6h3xnqyr5mz30fc7l825-gcc-12.2.0/bin/g++]
  ignore line: [Target: x86_64-unknown-linux-gnu]
  ignore line: [Configured with: ]
  ignore line: [Thread model: posix]
  ignore line: [Supported LTO compression algorithms: zlib]
  ignore line: [gcc version 12.2.0 (GCC) ]
  ignore line: [COLLECT_GCC_OPTIONS='-fPIC' '-Wformat=1' '-Wformat-security' '-Werror=format-security' '-fstack-protector-strong' '--param=ssp-buffer-size=4' '-O2' '-U' '_FORTIFY_SOURCE' '-D' '_FORTIFY_SOURCE=2' '-fno-strict-overflow' '-v' '-o' 'CMakeFiles/cmTC_a66cf.dir/CMakeCXXCompilerABI.cpp.o' '-c' '-B' '/nix/store/0z5kcds7b6qmm373s3b5w9ykvqbgw87i-glibc-2.37-8/lib/' '-idirafter' '/nix/store/bhhb91angi23wsr42apz1in1n9b9ilg3-glibc-2.37-8-dev/include' '-idirafter' '/nix/store/dj5anrpwcn0p6h3xnqyr5mz30fc7l825-gcc-12.2.0/lib/gcc/x86_64-unknown-linux-gnu/12.2.0/include-fixed' '-B' '/nix/store/vaxgqbm6h3zvhpgk9xqqk97hqjp9gzvs-gcc-12.2.0-lib/lib' '-B' '/nix/store/b5mkki8bysygaf7a01jpj88zrxibkrv4-gcc-wrapper-12.2.0/bin/' '-frandom-seed=g7ms0vazvy' '-isystem' '/nix/store/f3689ajsskyl7rn4d943ph3fn59mnirm-shogun-6.1.4-dev/include' '-isystem' '/nix/store/1fi684laj9vqifsps4s8v2xysgfdaz1p-dlib-19.24/include' '-isystem' '/nix/store/f3689ajsskyl7rn4d943ph3fn59mnirm-shogun-6.1.4-dev/include' '-isystem' '/nix/store/1fi684laj9vqifsps4s8v2xysgfdaz1p-dlib-19.24/include' '-shared-libgcc' '-mtune=generic' '-march=x86-64' '-dumpdir' 'CMakeFiles/cmTC_a66cf.dir/']
  ignore line: [ /nix/store/dj5anrpwcn0p6h3xnqyr5mz30fc7l825-gcc-12.2.0/libexec/gcc/x86_64-unknown-linux-gnu/12.2.0/cc1plus -quiet -v -D_GNU_SOURCE -U _FORTIFY_SOURCE -D _FORTIFY_SOURCE=2 -idirafter /nix/store/bhhb91angi23wsr42apz1in1n9b9ilg3-glibc-2.37-8-dev/include -idirafter /nix/store/dj5anrpwcn0p6h3xnqyr5mz30fc7l825-gcc-12.2.0/lib/gcc/x86_64-unknown-linux-gnu/12.2.0/include-fixed -isystem /nix/store/f3689ajsskyl7rn4d943ph3fn59mnirm-shogun-6.1.4-dev/include -isystem /nix/store/1fi684laj9vqifsps4s8v2xysgfdaz1p-dlib-19.24/include -isystem /nix/store/f3689ajsskyl7rn4d943ph3fn59mnirm-shogun-6.1.4-dev/include -isystem /nix/store/1fi684laj9vqifsps4s8v2xysgfdaz1p-dlib-19.24/include /nix/store/l94cn27yfm8mackgy708alcj9zczxj67-cmake-3.25.3/share/cmake-3.25/Modules/CMakeCXXCompilerABI.cpp -quiet -dumpdir CMakeFiles/cmTC_a66cf.dir/ -dumpbase CMakeCXXCompilerABI.cpp.cpp -dumpbase-ext .cpp -mtune=generic -march=x86-64 -O2 -Wformat=1 -Wformat-security -Werror=format-security -version -fPIC -fstack-protector-strong -fno-strict-overflow -frandom-seed=g7ms0vazvy --param=ssp-buffer-size=4 -o /tmp/nix-shell.xuQc2B/ccg474WY.s]
  ignore line: [GNU C++17 (GCC) version 12.2.0 (x86_64-unknown-linux-gnu)]
  ignore line: [	compiled by GNU C version 12.2.0  GMP version 6.2.1  MPFR version 4.2.0  MPC version 1.3.1  isl version isl-0.20-GMP]
  ignore line: []
  ignore line: [GGC heuristics: --param ggc-min-expand=100 --param ggc-min-heapsize=131072]
  ignore line: [ignoring duplicate directory "/nix/store/f3689ajsskyl7rn4d943ph3fn59mnirm-shogun-6.1.4-dev/include"]
  ignore line: [ignoring duplicate directory "/nix/store/1fi684laj9vqifsps4s8v2xysgfdaz1p-dlib-19.24/include"]
  ignore line: [ignoring nonexistent directory "/nix/store/dj5anrpwcn0p6h3xnqyr5mz30fc7l825-gcc-12.2.0/lib/gcc/x86_64-unknown-linux-gnu/12.2.0/../../../../x86_64-unknown-linux-gnu/include"]
  ignore line: [ignoring duplicate directory "/nix/store/bhhb91angi23wsr42apz1in1n9b9ilg3-glibc-2.37-8-dev/include"]
  ignore line: [ignoring duplicate directory "/nix/store/dj5anrpwcn0p6h3xnqyr5mz30fc7l825-gcc-12.2.0/lib/gcc/x86_64-unknown-linux-gnu/12.2.0/include-fixed"]
  ignore line: [#include "..." search starts here:]
  ignore line: [#include <...> search starts here:]
  ignore line: [ /nix/store/f3689ajsskyl7rn4d943ph3fn59mnirm-shogun-6.1.4-dev/include]
  ignore line: [ /nix/store/1fi684laj9vqifsps4s8v2xysgfdaz1p-dlib-19.24/include]
  ignore line: [ /nix/store/dj5anrpwcn0p6h3xnqyr5mz30fc7l825-gcc-12.2.0/lib/gcc/x86_64-unknown-linux-gnu/12.2.0/../../../../include/c++/12.2.0]
  ignore line: [ /nix/store/dj5anrpwcn0p6h3xnqyr5mz30fc7l825-gcc-12.2.0/lib/gcc/x86_64-unknown-linux-gnu/12.2.0/../../../../include/c++/12.2.0/x86_64-unknown-linux-gnu]
  ignore line: [ /nix/store/dj5anrpwcn0p6h3xnqyr5mz30fc7l825-gcc-12.2.0/lib/gcc/x86_64-unknown-linux-gnu/12.2.0/../../../../include/c++/12.2.0/backward]
  ignore line: [ /nix/store/dj5anrpwcn0p6h3xnqyr5mz30fc7l825-gcc-12.2.0/lib/gcc/x86_64-unknown-linux-gnu/12.2.0/include]
  ignore line: [ /nix/store/dj5anrpwcn0p6h3xnqyr5mz30fc7l825-gcc-12.2.0/include]
  ignore line: [ /nix/store/dj5anrpwcn0p6h3xnqyr5mz30fc7l825-gcc-12.2.0/lib/gcc/x86_64-unknown-linux-gnu/12.2.0/include-fixed]
  ignore line: [ /nix/store/bhhb91angi23wsr42apz1in1n9b9ilg3-glibc-2.37-8-dev/include]
  ignore line: [End of search list.]
  ignore line: [GNU C++17 (GCC) version 12.2.0 (x86_64-unknown-linux-gnu)]
  ignore line: [	compiled by GNU C version 12.2.0  GMP version 6.2.1  MPFR version 4.2.0  MPC version 1.3.1  isl version isl-0.20-GMP]
  ignore line: []
  ignore line: [GGC heuristics: --param ggc-min-expand=100 --param ggc-min-heapsize=131072]
  ignore line: [Compiler executable checksum: 6a38318ea09b4209d06018a411cb8478]
  ignore line: [COLLECT_GCC_OPTIONS='-fPIC' '-Wformat=1' '-Wformat-security' '-Werror=format-security' '-fstack-protector-strong' '--param=ssp-buffer-size=4' '-O2' '-U' '_FORTIFY_SOURCE' '-D' '_FORTIFY_SOURCE=2' '-fno-strict-overflow' '-v' '-o' 'CMakeFiles/cmTC_a66cf.dir/CMakeCXXCompilerABI.cpp.o' '-c' '-B' '/nix/store/0z5kcds7b6qmm373s3b5w9ykvqbgw87i-glibc-2.37-8/lib/' '-idirafter' '/nix/store/bhhb91angi23wsr42apz1in1n9b9ilg3-glibc-2.37-8-dev/include' '-idirafter' '/nix/store/dj5anrpwcn0p6h3xnqyr5mz30fc7l825-gcc-12.2.0/lib/gcc/x86_64-unknown-linux-gnu/12.2.0/include-fixed' '-B' '/nix/store/vaxgqbm6h3zvhpgk9xqqk97hqjp9gzvs-gcc-12.2.0-lib/lib' '-B' '/nix/store/b5mkki8bysygaf7a01jpj88zrxibkrv4-gcc-wrapper-12.2.0/bin/' '-frandom-seed=g7ms0vazvy' '-isystem' '/nix/store/f3689ajsskyl7rn4d943ph3fn59mnirm-shogun-6.1.4-dev/include' '-isystem' '/nix/store/1fi684laj9vqifsps4s8v2xysgfdaz1p-dlib-19.24/include' '-isystem' '/nix/store/f3689ajsskyl7rn4d943ph3fn59mnirm-shogun-6.1.4-dev/include' '-isystem' '/nix/store/1fi684laj9vqifsps4s8v2xysgfdaz1p-dlib-19.24/include' '-shared-libgcc' '-mtune=generic' '-march=x86-64' '-dumpdir' 'CMakeFiles/cmTC_a66cf.dir/']
  ignore line: [ /nix/store/b5mkki8bysygaf7a01jpj88zrxibkrv4-gcc-wrapper-12.2.0/bin/as -v --64 -o CMakeFiles/cmTC_a66cf.dir/CMakeCXXCompilerABI.cpp.o /tmp/nix-shell.xuQc2B/ccg474WY.s]
  ignore line: [GNU assembler version 2.40 (x86_64-unknown-linux-gnu) using BFD version (GNU Binutils) 2.40]
  ignore line: [COMPILER_PATH=/nix/store/0z5kcds7b6qmm373s3b5w9ykvqbgw87i-glibc-2.37-8/lib/:/nix/store/vaxgqbm6h3zvhpgk9xqqk97hqjp9gzvs-gcc-12.2.0-lib/lib/:/nix/store/b5mkki8bysygaf7a01jpj88zrxibkrv4-gcc-wrapper-12.2.0/bin/:/nix/store/dj5anrpwcn0p6h3xnqyr5mz30fc7l825-gcc-12.2.0/libexec/gcc/x86_64-unknown-linux-gnu/12.2.0/:/nix/store/dj5anrpwcn0p6h3xnqyr5mz30fc7l825-gcc-12.2.0/libexec/gcc/x86_64-unknown-linux-gnu/12.2.0/:/nix/store/dj5anrpwcn0p6h3xnqyr5mz30fc7l825-gcc-12.2.0/libexec/gcc/x86_64-unknown-linux-gnu/:/nix/store/dj5anrpwcn0p6h3xnqyr5mz30fc7l825-gcc-12.2.0/lib/gcc/x86_64-unknown-linux-gnu/12.2.0/:/nix/store/dj5anrpwcn0p6h3xnqyr5mz30fc7l825-gcc-12.2.0/lib/gcc/x86_64-unknown-linux-gnu/]
  ignore line: [LIBRARY_PATH=/nix/store/0z5kcds7b6qmm373s3b5w9ykvqbgw87i-glibc-2.37-8/lib/:/nix/store/vaxgqbm6h3zvhpgk9xqqk97hqjp9gzvs-gcc-12.2.0-lib/lib/:/nix/store/b5mkki8bysygaf7a01jpj88zrxibkrv4-gcc-wrapper-12.2.0/bin/:/nix/store/dj5anrpwcn0p6h3xnqyr5mz30fc7l825-gcc-12.2.0/lib/gcc/x86_64-unknown-linux-gnu/12.2.0/:/nix/store/dj5anrpwcn0p6h3xnqyr5mz30fc7l825-gcc-12.2.0/lib/gcc/x86_64-unknown-linux-gnu/12.2.0/../../../../lib64/:/nix/store/dj5anrpwcn0p6h3xnqyr5mz30fc7l825-gcc-12.2.0/lib/gcc/x86_64-unknown-linux-gnu/12.2.0/../../../]
  ignore line: [COLLECT_GCC_OPTIONS='-fPIC' '-Wformat=1' '-Wformat-security' '-Werror=format-security' '-fstack-protector-strong' '--param=ssp-buffer-size=4' '-O2' '-U' '_FORTIFY_SOURCE' '-D' '_FORTIFY_SOURCE=2' '-fno-strict-overflow' '-v' '-o' 'CMakeFiles/cmTC_a66cf.dir/CMakeCXXCompilerABI.cpp.o' '-c' '-B' '/nix/store/0z5kcds7b6qmm373s3b5w9ykvqbgw87i-glibc-2.37-8/lib/' '-idirafter' '/nix/store/bhhb91angi23wsr42apz1in1n9b9ilg3-glibc-2.37-8-dev/include' '-idirafter' '/nix/store/dj5anrpwcn0p6h3xnqyr5mz30fc7l825-gcc-12.2.0/lib/gcc/x86_64-unknown-linux-gnu/12.2.0/include-fixed' '-B' '/nix/store/vaxgqbm6h3zvhpgk9xqqk97hqjp9gzvs-gcc-12.2.0-lib/lib' '-B' '/nix/store/b5mkki8bysygaf7a01jpj88zrxibkrv4-gcc-wrapper-12.2.0/bin/' '-frandom-seed=g7ms0vazvy' '-isystem' '/nix/store/f3689ajsskyl7rn4d943ph3fn59mnirm-shogun-6.1.4-dev/include' '-isystem' '/nix/store/1fi684laj9vqifsps4s8v2xysgfdaz1p-dlib-19.24/include' '-isystem' '/nix/store/f3689ajsskyl7rn4d943ph3fn59mnirm-shogun-6.1.4-dev/include' '-isystem' '/nix/store/1fi684laj9vqifsps4s8v2xysgfdaz1p-dlib-19.24/include' '-shared-libgcc' '-mtune=generic' '-march=x86-64' '-dumpdir' 'CMakeFiles/cmTC_a66cf.dir/CMakeCXXCompilerABI.cpp.']
  ignore line: [Linking CXX executable cmTC_a66cf]
  ignore line: [/nix/store/l94cn27yfm8mackgy708alcj9zczxj67-cmake-3.25.3/bin/cmake -E cmake_link_script CMakeFiles/cmTC_a66cf.dir/link.txt --verbose=1]
  ignore line: [/nix/store/b5mkki8bysygaf7a01jpj88zrxibkrv4-gcc-wrapper-12.2.0/bin/g++  -v CMakeFiles/cmTC_a66cf.dir/CMakeCXXCompilerABI.cpp.o -o cmTC_a66cf ]
  ignore line: [Using built-in specs.]
  ignore line: [COLLECT_GCC=/nix/store/dj5anrpwcn0p6h3xnqyr5mz30fc7l825-gcc-12.2.0/bin/g++]
  ignore line: [COLLECT_LTO_WRAPPER=/nix/store/dj5anrpwcn0p6h3xnqyr5mz30fc7l825-gcc-12.2.0/libexec/gcc/x86_64-unknown-linux-gnu/12.2.0/lto-wrapper]
  ignore line: [Target: x86_64-unknown-linux-gnu]
  ignore line: [Configured with: ]
  ignore line: [Thread model: posix]
  ignore line: [Supported LTO compression algorithms: zlib]
  ignore line: [gcc version 12.2.0 (GCC) ]
  ignore line: [COMPILER_PATH=/nix/store/0z5kcds7b6qmm373s3b5w9ykvqbgw87i-glibc-2.37-8/lib/:/nix/store/vaxgqbm6h3zvhpgk9xqqk97hqjp9gzvs-gcc-12.2.0-lib/lib/:/nix/store/b5mkki8bysygaf7a01jpj88zrxibkrv4-gcc-wrapper-12.2.0/bin/:/nix/store/dj5anrpwcn0p6h3xnqyr5mz30fc7l825-gcc-12.2.0/libexec/gcc/x86_64-unknown-linux-gnu/12.2.0/:/nix/store/dj5anrpwcn0p6h3xnqyr5mz30fc7l825-gcc-12.2.0/libexec/gcc/x86_64-unknown-linux-gnu/12.2.0/:/nix/store/dj5anrpwcn0p6h3xnqyr5mz30fc7l825-gcc-12.2.0/libexec/gcc/x86_64-unknown-linux-gnu/:/nix/store/dj5anrpwcn0p6h3xnqyr5mz30fc7l825-gcc-12.2.0/lib/gcc/x86_64-unknown-linux-gnu/12.2.0/:/nix/store/dj5anrpwcn0p6h3xnqyr5mz30fc7l825-gcc-12.2.0/lib/gcc/x86_64-unknown-linux-gnu/]
  ignore line: [LIBRARY_PATH=/nix/store/0z5kcds7b6qmm373s3b5w9ykvqbgw87i-glibc-2.37-8/lib/:/nix/store/vaxgqbm6h3zvhpgk9xqqk97hqjp9gzvs-gcc-12.2.0-lib/lib/:/nix/store/b5mkki8bysygaf7a01jpj88zrxibkrv4-gcc-wrapper-12.2.0/bin/:/nix/store/dj5anrpwcn0p6h3xnqyr5mz30fc7l825-gcc-12.2.0/lib/gcc/x86_64-unknown-linux-gnu/12.2.0/:/nix/store/dj5anrpwcn0p6h3xnqyr5mz30fc7l825-gcc-12.2.0/lib/gcc/x86_64-unknown-linux-gnu/12.2.0/../../../../lib64/:/nix/store/dj5anrpwcn0p6h3xnqyr5mz30fc7l825-gcc-12.2.0/lib/gcc/x86_64-unknown-linux-gnu/12.2.0/../../../]
  ignore line: [COLLECT_GCC_OPTIONS='-fPIC' '-Wformat=1' '-Wformat-security' '-Werror=format-security' '-fstack-protector-strong' '--param=ssp-buffer-size=4' '-O2' '-U' '_FORTIFY_SOURCE' '-D' '_FORTIFY_SOURCE=2' '-fno-strict-overflow' '-v' '-o' 'cmTC_a66cf' '-B' '/nix/store/0z5kcds7b6qmm373s3b5w9ykvqbgw87i-glibc-2.37-8/lib/' '-idirafter' '/nix/store/bhhb91angi23wsr42apz1in1n9b9ilg3-glibc-2.37-8-dev/include' '-idirafter' '/nix/store/dj5anrpwcn0p6h3xnqyr5mz30fc7l825-gcc-12.2.0/lib/gcc/x86_64-unknown-linux-gnu/12.2.0/include-fixed' '-B' '/nix/store/vaxgqbm6h3zvhpgk9xqqk97hqjp9gzvs-gcc-12.2.0-lib/lib' '-B' '/nix/store/b5mkki8bysygaf7a01jpj88zrxibkrv4-gcc-wrapper-12.2.0/bin/' '-frandom-seed=g7ms0vazvy' '-isystem' '/nix/store/f3689ajsskyl7rn4d943ph3fn59mnirm-shogun-6.1.4-dev/include' '-isystem' '/nix/store/1fi684laj9vqifsps4s8v2xysgfdaz1p-dlib-19.24/include' '-isystem' '/nix/store/f3689ajsskyl7rn4d943ph3fn59mnirm-shogun-6.1.4-dev/include' '-isystem' '/nix/store/1fi684laj9vqifsps4s8v2xysgfdaz1p-dlib-19.24/include' '-L/nix/store/79hrjyvqzkxbkddmn34b4kq5mma48xwz-shogun-6.1.4/lib' '-L/nix/store/1fi684laj9vqifsps4s8v2xysgfdaz1p-dlib-19.24/lib' '-L/nix/store/79hrjyvqzkxbkddmn34b4kq5mma48xwz-shogun-6.1.4/lib' '-L/nix/store/1fi684laj9vqifsps4s8v2xysgfdaz1p-dlib-19.24/lib' '-L/nix/store/0z5kcds7b6qmm373s3b5w9ykvqbgw87i-glibc-2.37-8/lib' '-L/nix/store/dj5anrpwcn0p6h3xnqyr5mz30fc7l825-gcc-12.2.0/lib/gcc/x86_64-unknown-linux-gnu/12.2.0' '-L/nix/store/vaxgqbm6h3zvhpgk9xqqk97hqjp9gzvs-gcc-12.2.0-lib/x86_64-unknown-linux-gnu/lib' '-L/nix/store/vaxgqbm6h3zvhpgk9xqqk97hqjp9gzvs-gcc-12.2.0-lib/lib' '-shared-libgcc' '-mtune=generic' '-march=x86-64' '-dumpdir' 'cmTC_a66cf.']
  link line: [ /nix/store/dj5anrpwcn0p6h3xnqyr5mz30fc7l825-gcc-12.2.0/libexec/gcc/x86_64-unknown-linux-gnu/12.2.0/collect2 -plugin /nix/store/dj5anrpwcn0p6h3xnqyr5mz30fc7l825-gcc-12.2.0/libexec/gcc/x86_64-unknown-linux-gnu/12.2.0/liblto_plugin.so -plugin-opt=/nix/store/dj5anrpwcn0p6h3xnqyr5mz30fc7l825-gcc-12.2.0/libexec/gcc/x86_64-unknown-linux-gnu/12.2.0/lto-wrapper -plugin-opt=-fresolution=/tmp/nix-shell.xuQc2B/cccyoNb8.res -plugin-opt=-pass-through=-lgcc_s -plugin-opt=-pass-through=-lgcc -plugin-opt=-pass-through=-lc -plugin-opt=-pass-through=-lgcc_s -plugin-opt=-pass-through=-lgcc --eh-frame-hdr -m elf_x86_64 -dynamic-linker /nix/store/0z5kcds7b6qmm373s3b5w9ykvqbgw87i-glibc-2.37-8/lib64/ld-linux-x86-64.so.2 -o cmTC_a66cf /nix/store/0z5kcds7b6qmm373s3b5w9ykvqbgw87i-glibc-2.37-8/lib/crt1.o /nix/store/0z5kcds7b6qmm373s3b5w9ykvqbgw87i-glibc-2.37-8/lib/crti.o /nix/store/dj5anrpwcn0p6h3xnqyr5mz30fc7l825-gcc-12.2.0/lib/gcc/x86_64-unknown-linux-gnu/12.2.0/crtbegin.o -L/nix/store/79hrjyvqzkxbkddmn34b4kq5mma48xwz-shogun-6.1.4/lib -L/nix/store/1fi684laj9vqifsps4s8v2xysgfdaz1p-dlib-19.24/lib -L/nix/store/79hrjyvqzkxbkddmn34b4kq5mma48xwz-shogun-6.1.4/lib -L/nix/store/1fi684laj9vqifsps4s8v2xysgfdaz1p-dlib-19.24/lib -L/nix/store/0z5kcds7b6qmm373s3b5w9ykvqbgw87i-glibc-2.37-8/lib -L/nix/store/dj5anrpwcn0p6h3xnqyr5mz30fc7l825-gcc-12.2.0/lib/gcc/x86_64-unknown-linux-gnu/12.2.0 -L/nix/store/vaxgqbm6h3zvhpgk9xqqk97hqjp9gzvs-gcc-12.2.0-lib/x86_64-unknown-linux-gnu/lib -L/nix/store/vaxgqbm6h3zvhpgk9xqqk97hqjp9gzvs-gcc-12.2.0-lib/lib -L/nix/store/0z5kcds7b6qmm373s3b5w9ykvqbgw87i-glibc-2.37-8/lib -L/nix/store/vaxgqbm6h3zvhpgk9xqqk97hqjp9gzvs-gcc-12.2.0-lib/lib -L/nix/store/b5mkki8bysygaf7a01jpj88zrxibkrv4-gcc-wrapper-12.2.0/bin -L/nix/store/dj5anrpwcn0p6h3xnqyr5mz30fc7l825-gcc-12.2.0/lib/gcc/x86_64-unknown-linux-gnu/12.2.0 -L/nix/store/dj5anrpwcn0p6h3xnqyr5mz30fc7l825-gcc-12.2.0/lib/gcc/x86_64-unknown-linux-gnu/12.2.0/../../../../lib64 -L/nix/store/dj5anrpwcn0p6h3xnqyr5mz30fc7l825-gcc-12.2.0/lib/gcc/x86_64-unknown-linux-gnu/12.2.0/../../.. -dynamic-linker=/nix/store/0z5kcds7b6qmm373s3b5w9ykvqbgw87i-glibc-2.37-8/lib/ld-linux-x86-64.so.2 CMakeFiles/cmTC_a66cf.dir/CMakeCXXCompilerABI.cpp.o -rpath /home/jaen/Projects/nix/gerwant2/Praca/outputs/out/lib64 -rpath /home/jaen/Projects/nix/gerwant2/Praca/outputs/out/lib -lstdc++ -lm -lgcc_s -lgcc -lc -lgcc_s -lgcc /nix/store/dj5anrpwcn0p6h3xnqyr5mz30fc7l825-gcc-12.2.0/lib/gcc/x86_64-unknown-linux-gnu/12.2.0/crtend.o /nix/store/0z5kcds7b6qmm373s3b5w9ykvqbgw87i-glibc-2.37-8/lib/crtn.o]
    arg [/nix/store/dj5anrpwcn0p6h3xnqyr5mz30fc7l825-gcc-12.2.0/libexec/gcc/x86_64-unknown-linux-gnu/12.2.0/collect2] ==> ignore
    arg [-plugin] ==> ignore
    arg [/nix/store/dj5anrpwcn0p6h3xnqyr5mz30fc7l825-gcc-12.2.0/libexec/gcc/x86_64-unknown-linux-gnu/12.2.0/liblto_plugin.so] ==> ignore
    arg [-plugin-opt=/nix/store/dj5anrpwcn0p6h3xnqyr5mz30fc7l825-gcc-12.2.0/libexec/gcc/x86_64-unknown-linux-gnu/12.2.0/lto-wrapper] ==> ignore
    arg [-plugin-opt=-fresolution=/tmp/nix-shell.xuQc2B/cccyoNb8.res] ==> ignore
    arg [-plugin-opt=-pass-through=-lgcc_s] ==> ignore
    arg [-plugin-opt=-pass-through=-lgcc] ==> ignore
    arg [-plugin-opt=-pass-through=-lc] ==> ignore
    arg [-plugin-opt=-pass-through=-lgcc_s] ==> ignore
    arg [-plugin-opt=-pass-through=-lgcc] ==> ignore
    arg [--eh-frame-hdr] ==> ignore
    arg [-m] ==> ignore
    arg [elf_x86_64] ==> ignore
    arg [-dynamic-linker] ==> ignore
    arg [/nix/store/0z5kcds7b6qmm373s3b5w9ykvqbgw87i-glibc-2.37-8/lib64/ld-linux-x86-64.so.2] ==> ignore
    arg [-o] ==> ignore
    arg [cmTC_a66cf] ==> ignore
    arg [/nix/store/0z5kcds7b6qmm373s3b5w9ykvqbgw87i-glibc-2.37-8/lib/crt1.o] ==> obj [/nix/store/0z5kcds7b6qmm373s3b5w9ykvqbgw87i-glibc-2.37-8/lib/crt1.o]
    arg [/nix/store/0z5kcds7b6qmm373s3b5w9ykvqbgw87i-glibc-2.37-8/lib/crti.o] ==> obj [/nix/store/0z5kcds7b6qmm373s3b5w9ykvqbgw87i-glibc-2.37-8/lib/crti.o]
    arg [/nix/store/dj5anrpwcn0p6h3xnqyr5mz30fc7l825-gcc-12.2.0/lib/gcc/x86_64-unknown-linux-gnu/12.2.0/crtbegin.o] ==> obj [/nix/store/dj5anrpwcn0p6h3xnqyr5mz30fc7l825-gcc-12.2.0/lib/gcc/x86_64-unknown-linux-gnu/12.2.0/crtbegin.o]
    arg [-L/nix/store/79hrjyvqzkxbkddmn34b4kq5mma48xwz-shogun-6.1.4/lib] ==> dir [/nix/store/79hrjyvqzkxbkddmn34b4kq5mma48xwz-shogun-6.1.4/lib]
    arg [-L/nix/store/1fi684laj9vqifsps4s8v2xysgfdaz1p-dlib-19.24/lib] ==> dir [/nix/store/1fi684laj9vqifsps4s8v2xysgfdaz1p-dlib-19.24/lib]
    arg [-L/nix/store/79hrjyvqzkxbkddmn34b4kq5mma48xwz-shogun-6.1.4/lib] ==> dir [/nix/store/79hrjyvqzkxbkddmn34b4kq5mma48xwz-shogun-6.1.4/lib]
    arg [-L/nix/store/1fi684laj9vqifsps4s8v2xysgfdaz1p-dlib-19.24/lib] ==> dir [/nix/store/1fi684laj9vqifsps4s8v2xysgfdaz1p-dlib-19.24/lib]
    arg [-L/nix/store/0z5kcds7b6qmm373s3b5w9ykvqbgw87i-glibc-2.37-8/lib] ==> dir [/nix/store/0z5kcds7b6qmm373s3b5w9ykvqbgw87i-glibc-2.37-8/lib]
    arg [-L/nix/store/dj5anrpwcn0p6h3xnqyr5mz30fc7l825-gcc-12.2.0/lib/gcc/x86_64-unknown-linux-gnu/12.2.0] ==> dir [/nix/store/dj5anrpwcn0p6h3xnqyr5mz30fc7l825-gcc-12.2.0/lib/gcc/x86_64-unknown-linux-gnu/12.2.0]
    arg [-L/nix/store/vaxgqbm6h3zvhpgk9xqqk97hqjp9gzvs-gcc-12.2.0-lib/x86_64-unknown-linux-gnu/lib] ==> dir [/nix/store/vaxgqbm6h3zvhpgk9xqqk97hqjp9gzvs-gcc-12.2.0-lib/x86_64-unknown-linux-gnu/lib]
    arg [-L/nix/store/vaxgqbm6h3zvhpgk9xqqk97hqjp9gzvs-gcc-12.2.0-lib/lib] ==> dir [/nix/store/vaxgqbm6h3zvhpgk9xqqk97hqjp9gzvs-gcc-12.2.0-lib/lib]
    arg [-L/nix/store/0z5kcds7b6qmm373s3b5w9ykvqbgw87i-glibc-2.37-8/lib] ==> dir [/nix/store/0z5kcds7b6qmm373s3b5w9ykvqbgw87i-glibc-2.37-8/lib]
    arg [-L/nix/store/vaxgqbm6h3zvhpgk9xqqk97hqjp9gzvs-gcc-12.2.0-lib/lib] ==> dir [/nix/store/vaxgqbm6h3zvhpgk9xqqk97hqjp9gzvs-gcc-12.2.0-lib/lib]
    arg [-L/nix/store/b5mkki8bysygaf7a01jpj88zrxibkrv4-gcc-wrapper-12.2.0/bin] ==> dir [/nix/store/b5mkki8bysygaf7a01jpj88zrxibkrv4-gcc-wrapper-12.2.0/bin]
    arg [-L/nix/store/dj5anrpwcn0p6h3xnqyr5mz30fc7l825-gcc-12.2.0/lib/gcc/x86_64-unknown-linux-gnu/12.2.0] ==> dir [/nix/store/dj5anrpwcn0p6h3xnqyr5mz30fc7l825-gcc-12.2.0/lib/gcc/x86_64-unknown-linux-gnu/12.2.0]
    arg [-L/nix/store/dj5anrpwcn0p6h3xnqyr5mz30fc7l825-gcc-12.2.0/lib/gcc/x86_64-unknown-linux-gnu/12.2.0/../../../../lib64] ==> dir [/nix/store/dj5anrpwcn0p6h3xnqyr5mz30fc7l825-gcc-12.2.0/lib/gcc/x86_64-unknown-linux-gnu/12.2.0/../../../../lib64]
    arg [-L/nix/store/dj5anrpwcn0p6h3xnqyr5mz30fc7l825-gcc-12.2.0/lib/gcc/x86_64-unknown-linux-gnu/12.2.0/../../..] ==> dir [/nix/store/dj5anrpwcn0p6h3xnqyr5mz30fc7l825-gcc-12.2.0/lib/gcc/x86_64-unknown-linux-gnu/12.2.0/../../..]
    arg [-dynamic-linker=/nix/store/0z5kcds7b6qmm373s3b5w9ykvqbgw87i-glibc-2.37-8/lib/ld-linux-x86-64.so.2] ==> ignore
    arg [CMakeFiles/cmTC_a66cf.dir/CMakeCXXCompilerABI.cpp.o] ==> ignore
    arg [-rpath] ==> ignore
    arg [/home/jaen/Projects/nix/gerwant2/Praca/outputs/out/lib64] ==> ignore
    arg [-rpath] ==> ignore
    arg [/home/jaen/Projects/nix/gerwant2/Praca/outputs/out/lib] ==> ignore
    arg [-lstdc++] ==> lib [stdc++]
    arg [-lm] ==> lib [m]
    arg [-lgcc_s] ==> lib [gcc_s]
    arg [-lgcc] ==> lib [gcc]
    arg [-lc] ==> lib [c]
    arg [-lgcc_s] ==> lib [gcc_s]
    arg [-lgcc] ==> lib [gcc]
    arg [/nix/store/dj5anrpwcn0p6h3xnqyr5mz30fc7l825-gcc-12.2.0/lib/gcc/x86_64-unknown-linux-gnu/12.2.0/crtend.o] ==> obj [/nix/store/dj5anrpwcn0p6h3xnqyr5mz30fc7l825-gcc-12.2.0/lib/gcc/x86_64-unknown-linux-gnu/12.2.0/crtend.o]
    arg [/nix/store/0z5kcds7b6qmm373s3b5w9ykvqbgw87i-glibc-2.37-8/lib/crtn.o] ==> obj [/nix/store/0z5kcds7b6qmm373s3b5w9ykvqbgw87i-glibc-2.37-8/lib/crtn.o]
  collapse library dir [/nix/store/79hrjyvqzkxbkddmn34b4kq5mma48xwz-shogun-6.1.4/lib] ==> [/nix/store/79hrjyvqzkxbkddmn34b4kq5mma48xwz-shogun-6.1.4/lib]
  collapse library dir [/nix/store/1fi684laj9vqifsps4s8v2xysgfdaz1p-dlib-19.24/lib] ==> [/nix/store/1fi684laj9vqifsps4s8v2xysgfdaz1p-dlib-19.24/lib]
  collapse library dir [/nix/store/79hrjyvqzkxbkddmn34b4kq5mma48xwz-shogun-6.1.4/lib] ==> [/nix/store/79hrjyvqzkxbkddmn34b4kq5mma48xwz-shogun-6.1.4/lib]
  collapse library dir [/nix/store/1fi684laj9vqifsps4s8v2xysgfdaz1p-dlib-19.24/lib] ==> [/nix/store/1fi684laj9vqifsps4s8v2xysgfdaz1p-dlib-19.24/lib]
  collapse library dir [/nix/store/0z5kcds7b6qmm373s3b5w9ykvqbgw87i-glibc-2.37-8/lib] ==> [/nix/store/0z5kcds7b6qmm373s3b5w9ykvqbgw87i-glibc-2.37-8/lib]
  collapse library dir [/nix/store/dj5anrpwcn0p6h3xnqyr5mz30fc7l825-gcc-12.2.0/lib/gcc/x86_64-unknown-linux-gnu/12.2.0] ==> [/nix/store/dj5anrpwcn0p6h3xnqyr5mz30fc7l825-gcc-12.2.0/lib/gcc/x86_64-unknown-linux-gnu/12.2.0]
  collapse library dir [/nix/store/vaxgqbm6h3zvhpgk9xqqk97hqjp9gzvs-gcc-12.2.0-lib/x86_64-unknown-linux-gnu/lib] ==> [/nix/store/vaxgqbm6h3zvhpgk9xqqk97hqjp9gzvs-gcc-12.2.0-lib/x86_64-unknown-linux-gnu/lib]
  collapse library dir [/nix/store/vaxgqbm6h3zvhpgk9xqqk97hqjp9gzvs-gcc-12.2.0-lib/lib] ==> [/nix/store/vaxgqbm6h3zvhpgk9xqqk97hqjp9gzvs-gcc-12.2.0-lib/lib]
  collapse library dir [/nix/store/0z5kcds7b6qmm373s3b5w9ykvqbgw87i-glibc-2.37-8/lib] ==> [/nix/store/0z5kcds7b6qmm373s3b5w9ykvqbgw87i-glibc-2.37-8/lib]
  collapse library dir [/nix/store/vaxgqbm6h3zvhpgk9xqqk97hqjp9gzvs-gcc-12.2.0-lib/lib] ==> [/nix/store/vaxgqbm6h3zvhpgk9xqqk97hqjp9gzvs-gcc-12.2.0-lib/lib]
  collapse library dir [/nix/store/b5mkki8bysygaf7a01jpj88zrxibkrv4-gcc-wrapper-12.2.0/bin] ==> [/nix/store/b5mkki8bysygaf7a01jpj88zrxibkrv4-gcc-wrapper-12.2.0/bin]
  collapse library dir [/nix/store/dj5anrpwcn0p6h3xnqyr5mz30fc7l825-gcc-12.2.0/lib/gcc/x86_64-unknown-linux-gnu/12.2.0] ==> [/nix/store/dj5anrpwcn0p6h3xnqyr5mz30fc7l825-gcc-12.2.0/lib/gcc/x86_64-unknown-linux-gnu/12.2.0]
  collapse library dir [/nix/store/dj5anrpwcn0p6h3xnqyr5mz30fc7l825-gcc-12.2.0/lib/gcc/x86_64-unknown-linux-gnu/12.2.0/../../../../lib64] ==> [/nix/store/dj5anrpwcn0p6h3xnqyr5mz30fc7l825-gcc-12.2.0/lib64]
  collapse library dir [/nix/store/dj5anrpwcn0p6h3xnqyr5mz30fc7l825-gcc-12.2.0/lib/gcc/x86_64-unknown-linux-gnu/12.2.0/../../..] ==> [/nix/store/dj5anrpwcn0p6h3xnqyr5mz30fc7l825-gcc-12.2.0/lib]
  implicit libs: [stdc++;m;gcc_s;gcc;c;gcc_s;gcc]
  implicit objs: [/nix/store/0z5kcds7b6qmm373s3b5w9ykvqbgw87i-glibc-2.37-8/lib/crt1.o;/nix/store/0z5kcds7b6qmm373s3b5w9ykvqbgw87i-glibc-2.37-8/lib/crti.o;/nix/store/dj5anrpwcn0p6h3xnqyr5mz30fc7l825-gcc-12.2.0/lib/gcc/x86_64-unknown-linux-gnu/12.2.0/crtbegin.o;/nix/store/dj5anrpwcn0p6h3xnqyr5mz30fc7l825-gcc-12.2.0/lib/gcc/x86_64-unknown-linux-gnu/12.2.0/crtend.o;/nix/store/0z5kcds7b6qmm373s3b5w9ykvqbgw87i-glibc-2.37-8/lib/crtn.o]
  implicit dirs: [/nix/store/79hrjyvqzkxbkddmn34b4kq5mma48xwz-shogun-6.1.4/lib;/nix/store/1fi684laj9vqifsps4s8v2xysgfdaz1p-dlib-19.24/lib;/nix/store/0z5kcds7b6qmm373s3b5w9ykvqbgw87i-glibc-2.37-8/lib;/nix/store/dj5anrpwcn0p6h3xnqyr5mz30fc7l825-gcc-12.2.0/lib/gcc/x86_64-unknown-linux-gnu/12.2.0;/nix/store/vaxgqbm6h3zvhpgk9xqqk97hqjp9gzvs-gcc-12.2.0-lib/x86_64-unknown-linux-gnu/lib;/nix/store/vaxgqbm6h3zvhpgk9xqqk97hqjp9gzvs-gcc-12.2.0-lib/lib;/nix/store/b5mkki8bysygaf7a01jpj88zrxibkrv4-gcc-wrapper-12.2.0/bin;/nix/store/dj5anrpwcn0p6h3xnqyr5mz30fc7l825-gcc-12.2.0/lib64;/nix/store/dj5anrpwcn0p6h3xnqyr5mz30fc7l825-gcc-12.2.0/lib]
  implicit fwks: []


