\BOOKMARK [0][-]{chapter.1}{\376\377\000W\000s\000t\001\031\000p}{}% 1
\BOOKMARK [1][-]{section.1.1}{\376\377\000W\000p\000r\000o\000w\000a\000d\000z\000e\000n\000i\000e}{chapter.1}% 2
\BOOKMARK [1][-]{section.1.2}{\376\377\000C\000e\000l\000\040\000i\000\040\000z\000a\000k\000r\000e\000s\000\040\000p\000r\000a\000c\000y}{chapter.1}% 3
\BOOKMARK [1][-]{section.1.3}{\376\377\000S\000t\000r\000u\000k\000t\000u\000r\000a\000\040\000p\000r\000a\000c\000y}{chapter.1}% 4
\BOOKMARK [0][-]{chapter.2}{\376\377\000U\000c\000z\000e\000n\000i\000e\000\040\000m\000a\000s\000z\000y\000n\000o\000w\000e\000\040\000w\000\040\000u\000j\001\031\000c\000i\000u\000\040\000p\000r\000a\000k\000t\000y\000c\000z\000n\000y\000m}{}% 5
\BOOKMARK [1][-]{section.2.1}{\376\377\000P\000r\000o\000b\000l\000e\000m\000y\000\040\000w\000s\000p\000\363\001\102\000c\000z\000e\000s\000n\000e\000g\000o\000\040\000u\000c\000z\000e\000n\000i\000a\000\040\000m\000a\000s\000z\000y\000n\000o\000w\000e\000g\000o}{chapter.2}% 6
\BOOKMARK [1][-]{section.2.2}{\376\377\000J\001\031\000z\000y\000k\000\040\000C\000+\000+\000\040\000j\000a\000k\000o\000\040\000n\000a\000r\000z\001\031\000d\000z\000i\000e\000\040\000d\000o\000\040\000r\000o\000z\000w\000i\001\005\000z\000a\000n\000i\000a\000\040\000p\000r\000o\000b\000l\000e\000m\000\363\000w\000\040\000u\000c\000z\000e\000n\000i\000a\000\040\000m\000a\000s\000z\000y\000n\000o\000w\000e\000g\000o}{chapter.2}% 7
\BOOKMARK [1][-]{section.2.3}{\376\377\000C\000e\000l\000\040\000p\000o\000w\000s\000t\000a\000n\000i\000a\000\040\000b\000i\000b\000l\000i\000o\000t\000e\000k}{chapter.2}% 8
\BOOKMARK [0][-]{chapter.3}{\376\377\000I\000n\001\174\000y\000n\000i\000e\000r\000i\000a\000\040\000d\000a\000n\000y\000c\000h\000\040\000e\000k\000s\000p\000e\000r\000y\000m\000e\000n\000t\000a\000l\000n\000y\000c\000h\000\040\000i\000\040\000t\000e\000s\000t\000o\000w\000e\000\040\000s\000z\000a\000b\000l\000o\000n\000y\000\040\000m\000o\000d\000e\000l\000i}{}% 9
\BOOKMARK [1][-]{section.3.1}{\376\377\000O\000m\000\363\000w\000i\000e\000n\000i\000e\000\040\000d\000a\000n\000y\000c\000h\000\040\000e\000k\000s\000p\000e\000r\000y\000m\000e\000n\000t\000a\000l\000n\000y\000c\000h}{chapter.3}% 10
\BOOKMARK [1][-]{section.3.2}{\376\377\000C\000h\000a\000r\000a\000k\000t\000e\000r\000y\000s\000t\000y\000k\000a\000\040\000i\000\040\000p\000r\000z\000e\000t\000w\000a\000r\000z\000e\000n\000i\000e\000\040\000d\000a\000n\000y\000c\000h}{chapter.3}% 11
\BOOKMARK [2][-]{subsection.3.2.1}{\376\377\000A\000n\000a\000l\000i\000z\000a\000\040\000r\000o\000z\000k\001\102\000a\000d\000u\000\040\000d\000a\000n\000y\000c\000h}{section.3.2}% 12
\BOOKMARK [2][-]{subsection.3.2.2}{\376\377\000C\000z\000y\000s\000z\000c\000z\000e\000n\000i\000e\000\040\000i\000\040\000n\000o\000r\000m\000a\000l\000i\000z\000a\000c\000j\000a\000\040\000r\000o\000z\000k\001\102\000a\000d\000u\000\040\000d\000a\000n\000y\000c\000h}{section.3.2}% 13
\BOOKMARK [1][-]{section.3.3}{\376\377\000S\000z\000a\000b\000l\000o\000n\000y\000\040\000d\000o\000c\000e\000l\000o\000w\000y\000c\000h\000\040\000m\000o\000d\000e\000l\000i\000\040\000d\000l\000a\000\040\000z\000a\000d\000a\000n\000y\000c\000h\000\040\000d\000a\000n\000y\000c\000h\000\040\000e\000k\000s\000p\000e\000r\000y\000m\000e\000n\000t\000a\000l\000n\000y\000c\000h}{chapter.3}% 14
\BOOKMARK [2][-]{subsection.3.3.1}{\376\377\000R\000e\000g\000r\000e\000s\000j\000a\000\040\000l\000o\000g\000i\000s\000t\000y\000c\000z\000n\000a}{section.3.3}% 15
\BOOKMARK [2][-]{subsection.3.3.2}{\376\377\000G\001\102\001\031\000b\000o\000k\000a\000\040\000s\000i\000e\001\007\000\040\000n\000e\000u\000r\000o\000n\000o\000w\000a}{section.3.3}% 16
\BOOKMARK [2][-]{subsection.3.3.3}{\376\377\000M\000a\000s\000z\000y\000n\000a\000\040\000w\000e\000k\000t\000o\000r\000\363\000w\000\040\000n\000o\001\133\000n\000y\000c\000h}{section.3.3}% 17
\BOOKMARK [0][-]{chapter.4}{\376\377\000B\000i\000b\000l\000i\000o\000t\000e\000k\000a\000\040\000S\000h\000o\000g\000u\000n}{}% 18
\BOOKMARK [1][-]{section.4.1}{\376\377\000W\000p\000r\000o\000w\000a\000d\000z\000e\000n\000i\000e}{chapter.4}% 19
\BOOKMARK [1][-]{section.4.2}{\376\377\000F\000o\000r\000m\000a\000t\000y\000\040\001\172\000r\000\363\000d\000e\001\102\000\040\000d\000a\000n\000y\000c\000h}{chapter.4}% 20
\BOOKMARK [1][-]{section.4.3}{\376\377\000M\000e\000t\000o\000d\000y\000\040\000p\000r\000z\000e\000t\000w\000a\000r\000z\000a\000n\000i\000a\000\040\000i\000\040\000e\000k\000s\000p\000l\000o\000r\000a\000c\000j\000i\000\040\000d\000a\000n\000y\000c\000h}{chapter.4}% 21
\BOOKMARK [1][-]{section.4.4}{\376\377\000M\000o\000d\000e\000l\000e\000\040\000u\000c\000z\000e\000n\000i\000a\000\040\000m\000a\000s\000z\000y\000n\000o\000w\000e\000g\000o}{chapter.4}% 22
\BOOKMARK [1][-]{section.4.5}{\376\377\000M\000e\000t\000o\000d\000y\000\040\000a\000n\000a\000l\000i\000z\000y\000\040\000m\000o\000d\000e\000l\000i}{chapter.4}% 23
\BOOKMARK [1][-]{section.4.6}{\376\377\000D\000o\000s\000t\001\031\000p\000n\000o\001\133\001\007\000\040\000d\000o\000k\000u\000m\000e\000n\000t\000a\000c\000j\000i\000\040\000i\000\040\001\172\000r\000\363\000d\000e\001\102\000\040\000w\000i\000e\000d\000z\000y}{chapter.4}% 24
\BOOKMARK [1][-]{section.4.7}{\376\377\000P\000r\000z\000y\000k\001\102\000a\000d\000y\000\040\000t\000e\000s\000t\000o\000w\000e}{chapter.4}% 25
\BOOKMARK [2][-]{subsection.4.7.1}{\376\377\000R\000e\000g\000r\000e\000s\000j\000a\000\040\000l\000i\000n\000i\000o\000w\000a}{section.4.7}% 26
\BOOKMARK [2][-]{subsection.4.7.2}{\376\377\000M\000a\000s\000z\000y\000n\000a\000\040\000w\000e\000k\000t\000o\000r\000\363\000w\000\040\000n\000o\001\133\000n\000y\000c\000h}{section.4.7}% 27
\BOOKMARK [2][-]{subsection.4.7.3}{\376\377\000S\000i\000e\001\007\000\040\000n\000e\000u\000r\000o\000n\000o\000w\000a}{section.4.7}% 28
\BOOKMARK [0][-]{chapter.5}{\376\377\000B\000i\000b\000l\000i\000o\000t\000e\000k\000a\000\040\000S\000h\000a\000r\000k\000-\000M\000L}{}% 29
\BOOKMARK [1][-]{section.5.1}{\376\377\000W\000p\000r\000o\000w\000a\000d\000z\000e\000n\000i\000e}{chapter.5}% 30
\BOOKMARK [1][-]{section.5.2}{\376\377\000F\000o\000r\000m\000a\000t\000y\000\040\001\172\000r\000\363\000d\000e\001\102\000\040\000d\000a\000n\000y\000c\000h}{chapter.5}% 31
\BOOKMARK [1][-]{section.5.3}{\376\377\000M\000e\000t\000o\000d\000y\000\040\000p\000r\000z\000e\000t\000w\000a\000r\000z\000a\000n\000i\000a\000\040\000i\000\040\000e\000k\000s\000p\000l\000o\000r\000a\000c\000j\000i\000\040\000d\000a\000n\000y\000c\000h}{chapter.5}% 32
\BOOKMARK [1][-]{section.5.4}{\376\377\000M\000o\000d\000e\000l\000e\000\040\000u\000c\000z\000e\000n\000i\000a\000\040\000m\000a\000s\000z\000y\000n\000o\000w\000e\000g\000o}{chapter.5}% 33
\BOOKMARK [2][-]{subsection.5.4.1}{\376\377\000R\000e\000g\000r\000e\000s\000j\000a\000\040\000l\000i\000n\000i\000o\000w\000a}{section.5.4}% 34
\BOOKMARK [2][-]{subsection.5.4.2}{\376\377\000L\000i\000n\000i\000o\000w\000a\000\040\000a\000n\000a\000l\000i\000z\000a\000\040\000d\000y\000s\000k\000r\000y\000m\000i\000n\000a\000c\000y\000j\000n\000a}{section.5.4}% 35
\BOOKMARK [2][-]{subsection.5.4.3}{\376\377\000R\000e\000g\000r\000e\000s\000j\000a\000\040\000l\000o\000g\000i\000s\000t\000y\000c\000z\000n\000a}{section.5.4}% 36
\BOOKMARK [2][-]{subsection.5.4.4}{\376\377\000M\000a\000s\000z\000y\000n\000a\000\040\000w\000e\000k\000t\000o\000r\000\363\000w\000\040\000n\000o\001\133\000n\000y\000c\000h}{section.5.4}% 37
\BOOKMARK [2][-]{subsection.5.4.5}{\376\377\000S\000i\000e\001\007\000\040\000n\000e\000u\000r\000o\000n\000o\000w\000a}{section.5.4}% 38
\BOOKMARK [2][-]{subsection.5.4.6}{\376\377\000N\000e\000u\000r\000o\000n\000o\000w\000a\000\040\000s\000i\000e\001\007\000\040\000s\000p\000l\000o\000t\000o\000w\000a}{section.5.4}% 39
\BOOKMARK [1][-]{section.5.5}{\376\377\000M\000e\000t\000o\000d\000y\000\040\000a\000n\000a\000l\000i\000z\000y\000\040\000m\000o\000d\000e\000l\000i}{chapter.5}% 40
\BOOKMARK [1][-]{section.5.6}{\376\377\000D\000o\000s\000t\001\031\000p\000n\000o\001\133\001\007\000\040\000d\000o\000k\000u\000m\000e\000n\000t\000a\000c\000j\000i\000\040\000i\000\040\001\172\000r\000\363\000d\000e\001\102\000\040\000w\000i\000e\000d\000z\000y}{chapter.5}% 41
\BOOKMARK [1][-]{section.5.7}{\376\377\000P\000r\000z\000y\000k\001\102\000a\000d\000y\000\040\000t\000e\000s\000t\000o\000w\000e}{chapter.5}% 42
\BOOKMARK [2][-]{subsection.5.7.1}{\376\377\000R\000e\000g\000r\000e\000s\000j\000a\000\040\000l\000i\000n\000i\000o\000w\000a}{section.5.7}% 43
\BOOKMARK [2][-]{subsection.5.7.2}{\376\377\000M\000a\000s\000z\000y\000n\000a\000\040\000w\000e\000k\000t\000o\000r\000\363\000w\000\040\000n\000o\001\133\000n\000y\000c\000h}{section.5.7}% 44
\BOOKMARK [2][-]{subsection.5.7.3}{\376\377\000S\000i\000e\001\007\000\040\000n\000e\000u\000r\000o\000n\000o\000w\000a}{section.5.7}% 45
\BOOKMARK [0][-]{chapter.6}{\376\377\000B\000i\000b\000l\000i\000o\000t\000e\000k\000a\000\040\000D\000l\000i\000b}{}% 46
\BOOKMARK [1][-]{section.6.1}{\376\377\000W\000p\000r\000o\000w\000a\000d\000z\000e\000n\000i\000e}{chapter.6}% 47
\BOOKMARK [1][-]{section.6.2}{\376\377\000F\000o\000r\000m\000a\000t\000y\000\040\001\172\000r\000\363\000d\000e\001\102\000\040\000d\000a\000n\000y\000c\000h}{chapter.6}% 48
\BOOKMARK [1][-]{section.6.3}{\376\377\000M\000e\000t\000o\000d\000y\000\040\000p\000r\000z\000e\000t\000w\000a\000r\000z\000a\000n\000i\000a\000\040\000i\000\040\000e\000k\000s\000p\000l\000o\000r\000a\000c\000j\000i\000\040\000d\000a\000n\000y\000c\000h}{chapter.6}% 49
\BOOKMARK [1][-]{section.6.4}{\376\377\000M\000o\000d\000e\000l\000e\000\040\000u\000c\000z\000e\000n\000i\000a\000\040\000m\000a\000s\000z\000y\000n\000o\000w\000e\000g\000o}{chapter.6}% 50
\BOOKMARK [1][-]{section.6.5}{\376\377\000M\000e\000t\000o\000d\000y\000\040\000a\000n\000a\000l\000i\000z\000y\000\040\000m\000o\000d\000e\000l\000i}{chapter.6}% 51
\BOOKMARK [1][-]{section.6.6}{\376\377\000D\000o\000s\000t\001\031\000p\000n\000o\001\133\001\007\000\040\000d\000o\000k\000u\000m\000e\000n\000t\000a\000c\000j\000i\000\040\000i\000\040\001\172\000r\000\363\000d\000e\001\102\000\040\000w\000i\000e\000d\000z\000y}{chapter.6}% 52
\BOOKMARK [1][-]{section.6.7}{\376\377\000P\000r\000z\000y\000k\001\102\000a\000d\000y\000\040\000t\000e\000s\000t\000o\000w\000e}{chapter.6}% 53
\BOOKMARK [2][-]{subsection.6.7.1}{\376\377\000R\000e\000g\000r\000e\000s\000j\000a\000\040\000l\000i\000n\000i\000o\000w\000a}{section.6.7}% 54
\BOOKMARK [2][-]{subsection.6.7.2}{\376\377\000M\000a\000s\000z\000y\000n\000a\000\040\000w\000e\000k\000t\000o\000r\000\363\000w\000\040\000n\000o\001\133\000n\000y\000c\000h}{section.6.7}% 55
\BOOKMARK [2][-]{subsection.6.7.3}{\376\377\000S\000i\000e\001\007\000\040\000n\000e\000u\000r\000o\000n\000o\000w\000a}{section.6.7}% 56
\BOOKMARK [0][-]{chapter.7}{\376\377\000Z\000e\000s\000t\000a\000w\000i\000e\000n\000i\000e\000\040\000z\000b\000i\000o\000r\000c\000z\000e\000\040\000i\000\040\000p\000o\000d\000s\000u\000m\000o\000w\000a\000n\000i\000e}{}% 57
\BOOKMARK [1][-]{section.7.1}{\376\377\000O\000f\000e\000r\000o\000w\000a\000n\000e\000\040\000f\000u\000n\000k\000c\000j\000o\000n\000a\000l\000n\000o\001\133\000c\000i}{chapter.7}% 58
\BOOKMARK [1][-]{section.7.2}{\376\377\000W\000y\000m\000a\000g\000a\000n\000y\000\040\000n\000a\000k\001\102\000a\000d\000\040\000p\000r\000a\000c\000y}{chapter.7}% 59
\BOOKMARK [1][-]{section.7.3}{\376\377\000J\000a\000k\000o\001\133\001\007\000\040\000i\000\040\000i\000l\000o\001\133\001\007\000\040\000d\000o\000s\000t\001\031\000p\000n\000y\000c\000h\000\040\001\172\000r\000\363\000d\000e\001\102\000\040\000r\000e\000f\000e\000r\000e\000n\000c\000y\000j\000n\000y\000c\000h}{chapter.7}% 60
