This is pdfTeX, Version 3.141592653-2.6-1.40.25 (TeX Live 2023/Debian) (preloaded format=pdflatex 2024.6.29)  1 JUL 2024 23:16
entering extended mode
 restricted \write18 enabled.
 %&-line parsing enabled.
**praca.tex
(./praca.tex
LaTeX2e <2023-11-01> patch level 1
L3 programming layer <2024-01-22>
(/usr/share/texlive/texmf-dist/tex/latex/base/book.cls
Document Class: book 2023/05/17 v1.4n Standard LaTeX document class
(/usr/share/texlive/texmf-dist/tex/latex/base/bk12.clo
File: bk12.clo 2023/05/17 v1.4n Standard LaTeX file (size option)
)
\c@part=\count187
\c@chapter=\count188
\c@section=\count189
\c@subsection=\count190
\c@subsubsection=\count191
\c@paragraph=\count192
\c@subparagraph=\count193
\c@figure=\count194
\c@table=\count195
\abovecaptionskip=\skip48
\belowcaptionskip=\skip49
\bibindent=\dimen140
) (./Pakiety/pakiety.tex (/usr/share/texlive/texmf-dist/tex/latex/amsmath/amsma
th.sty
Package: amsmath 2023/05/13 v2.17o AMS math features
\@mathmargin=\skip50

For additional information on amsmath, use the `?' option.
(/usr/share/texlive/texmf-dist/tex/latex/amsmath/amstext.sty
Package: amstext 2021/08/26 v2.01 AMS text

(/usr/share/texlive/texmf-dist/tex/latex/amsmath/amsgen.sty
File: amsgen.sty 1999/11/30 v2.0 generic functions
\@emptytoks=\toks17
\ex@=\dimen141
))
(/usr/share/texlive/texmf-dist/tex/latex/amsmath/amsbsy.sty
Package: amsbsy 1999/11/29 v1.2d Bold Symbols
\pmbraise@=\dimen142
)
(/usr/share/texlive/texmf-dist/tex/latex/amsmath/amsopn.sty
Package: amsopn 2022/04/08 v2.04 operator names
)
\inf@bad=\count196
LaTeX Info: Redefining \frac on input line 234.
\uproot@=\count197
\leftroot@=\count198
LaTeX Info: Redefining \overline on input line 399.
LaTeX Info: Redefining \colon on input line 410.
\classnum@=\count199
\DOTSCASE@=\count266
LaTeX Info: Redefining \ldots on input line 496.
LaTeX Info: Redefining \dots on input line 499.
LaTeX Info: Redefining \cdots on input line 620.
\Mathstrutbox@=\box51
\strutbox@=\box52
LaTeX Info: Redefining \big on input line 722.
LaTeX Info: Redefining \Big on input line 723.
LaTeX Info: Redefining \bigg on input line 724.
LaTeX Info: Redefining \Bigg on input line 725.
\big@size=\dimen143
LaTeX Font Info:    Redeclaring font encoding OML on input line 743.
LaTeX Font Info:    Redeclaring font encoding OMS on input line 744.
\macc@depth=\count267
LaTeX Info: Redefining \bmod on input line 905.
LaTeX Info: Redefining \pmod on input line 910.
LaTeX Info: Redefining \smash on input line 940.
LaTeX Info: Redefining \relbar on input line 970.
LaTeX Info: Redefining \Relbar on input line 971.
\c@MaxMatrixCols=\count268
\dotsspace@=\muskip16
\c@parentequation=\count269
\dspbrk@lvl=\count270
\tag@help=\toks18
\row@=\count271
\column@=\count272
\maxfields@=\count273
\andhelp@=\toks19
\eqnshift@=\dimen144
\alignsep@=\dimen145
\tagshift@=\dimen146
\tagwidth@=\dimen147
\totwidth@=\dimen148
\lineht@=\dimen149
\@envbody=\toks20
\multlinegap=\skip51
\multlinetaggap=\skip52
\mathdisplay@stack=\toks21
LaTeX Info: Redefining \[ on input line 2953.
LaTeX Info: Redefining \] on input line 2954.
)
(/usr/share/texlive/texmf-dist/tex/latex/amsfonts/amssymb.sty
Package: amssymb 2013/01/14 v3.01 AMS font symbols

(/usr/share/texlive/texmf-dist/tex/latex/amsfonts/amsfonts.sty
Package: amsfonts 2013/01/14 v3.01 Basic AMSFonts support
\symAMSa=\mathgroup4
\symAMSb=\mathgroup5
LaTeX Font Info:    Redeclaring math symbol \hbar on input line 98.
LaTeX Font Info:    Overwriting math alphabet `\mathfrak' in version `bold'
(Font)                  U/euf/m/n --> U/euf/b/n on input line 106.
))
(/usr/share/texlive/texmf-dist/tex/latex/base/inputenc.sty
Package: inputenc 2021/02/14 v1.3d Input encoding file
\inpenc@prehook=\toks22
\inpenc@posthook=\toks23
)
(/usr/share/texlive/texmf-dist/tex/latex/base/fontenc.sty
Package: fontenc 2021/04/29 v2.0v Standard LaTeX package
)
(/usr/share/texlive/texmf-dist/tex/latex/graphics/color.sty
Package: color 2022/01/06 v1.3d Standard LaTeX Color (DPC)

(/usr/share/texlive/texmf-dist/tex/latex/graphics-cfg/color.cfg
File: color.cfg 2016/01/02 v1.6 sample color configuration
)
Package color Info: Driver file: pdftex.def on input line 149.

(/usr/share/texlive/texmf-dist/tex/latex/graphics-def/pdftex.def
File: pdftex.def 2022/09/22 v1.2b Graphics/color driver for pdftex
)
(/usr/share/texlive/texmf-dist/tex/latex/graphics/dvipsnam.def
File: dvipsnam.def 2016/06/17 v3.0m Driver-dependent file (DPC,SPQR)
)
(/usr/share/texlive/texmf-dist/tex/latex/graphics/mathcolor.ltx))
(/usr/share/texlive/texmf-dist/tex/latex/hyperref/hyperref.sty
Package: hyperref 2024-01-20 v7.01h Hypertext links for LaTeX

(/usr/share/texlive/texmf-dist/tex/generic/iftex/iftex.sty
Package: iftex 2022/02/03 v1.0f TeX engine tests
)
(/usr/share/texlive/texmf-dist/tex/latex/graphics/keyval.sty
Package: keyval 2022/05/29 v1.15 key=value parser (DPC)
\KV@toks@=\toks24
)
(/usr/share/texlive/texmf-dist/tex/latex/kvsetkeys/kvsetkeys.sty
Package: kvsetkeys 2022-10-05 v1.19 Key value parser (HO)
)
(/usr/share/texlive/texmf-dist/tex/generic/kvdefinekeys/kvdefinekeys.sty
Package: kvdefinekeys 2019-12-19 v1.6 Define keys (HO)
)
(/usr/share/texlive/texmf-dist/tex/generic/pdfescape/pdfescape.sty
Package: pdfescape 2019/12/09 v1.15 Implements pdfTeX's escape features (HO)

(/usr/share/texlive/texmf-dist/tex/generic/ltxcmds/ltxcmds.sty
Package: ltxcmds 2023-12-04 v1.26 LaTeX kernel commands for general use (HO)
)
(/usr/share/texlive/texmf-dist/tex/generic/pdftexcmds/pdftexcmds.sty
Package: pdftexcmds 2020-06-27 v0.33 Utility functions of pdfTeX for LuaTeX (HO
)

(/usr/share/texlive/texmf-dist/tex/generic/infwarerr/infwarerr.sty
Package: infwarerr 2019/12/03 v1.5 Providing info/warning/error messages (HO)
)
Package pdftexcmds Info: \pdf@primitive is available.
Package pdftexcmds Info: \pdf@ifprimitive is available.
Package pdftexcmds Info: \pdfdraftmode found.
))
(/usr/share/texlive/texmf-dist/tex/latex/hycolor/hycolor.sty
Package: hycolor 2020-01-27 v1.10 Color options for hyperref/bookmark (HO)
)
(/usr/share/texlive/texmf-dist/tex/latex/auxhook/auxhook.sty
Package: auxhook 2019-12-17 v1.6 Hooks for auxiliary files (HO)
)
(/usr/share/texlive/texmf-dist/tex/latex/hyperref/nameref.sty
Package: nameref 2023-11-26 v2.56 Cross-referencing by name of section

(/usr/share/texlive/texmf-dist/tex/latex/refcount/refcount.sty
Package: refcount 2019/12/15 v3.6 Data extraction from label references (HO)
)
(/usr/share/texlive/texmf-dist/tex/generic/gettitlestring/gettitlestring.sty
Package: gettitlestring 2019/12/15 v1.6 Cleanup title references (HO)

(/usr/share/texlive/texmf-dist/tex/latex/kvoptions/kvoptions.sty
Package: kvoptions 2022-06-15 v3.15 Key value format for package options (HO)
))
\c@section@level=\count274
)
(/usr/share/texlive/texmf-dist/tex/latex/etoolbox/etoolbox.sty
Package: etoolbox 2020/10/05 v2.5k e-TeX tools for LaTeX (JAW)
\etb@tempcnta=\count275
)
\@linkdim=\dimen150
\Hy@linkcounter=\count276
\Hy@pagecounter=\count277

(/usr/share/texlive/texmf-dist/tex/latex/hyperref/pd1enc.def
File: pd1enc.def 2024-01-20 v7.01h Hyperref: PDFDocEncoding definition (HO)
Now handling font encoding PD1 ...
... no UTF-8 mapping file for font encoding PD1
)
(/usr/share/texlive/texmf-dist/tex/generic/intcalc/intcalc.sty
Package: intcalc 2019/12/15 v1.3 Expandable calculations with integers (HO)
)
\Hy@SavedSpaceFactor=\count278

(/usr/share/texlive/texmf-dist/tex/latex/hyperref/puenc.def
File: puenc.def 2024-01-20 v7.01h Hyperref: PDF Unicode definition (HO)
Now handling font encoding PU ...
... no UTF-8 mapping file for font encoding PU
)

Package hyperref Warning: Unexpected value for option `hidelinks'
(hyperref)                is ignored on input line 4062.

Package hyperref Info: Option `draft' set `false' on input line 4062.
Package hyperref Info: Option `pdfpagelabels' set `false' on input line 4062.
Package hyperref Info: Option `bookmarks' set `true' on input line 4062.
Package hyperref Info: Option `unicode' set `true' on input line 4062.
Package hyperref Info: Hyper figures OFF on input line 4179.
Package hyperref Info: Link nesting OFF on input line 4184.
Package hyperref Info: Hyper index ON on input line 4187.
Package hyperref Info: Plain pages OFF on input line 4194.
Package hyperref Info: Backreferencing OFF on input line 4199.
Package hyperref Info: Implicit mode ON; LaTeX internals redefined.
Package hyperref Info: Bookmarks ON on input line 4446.
\c@Hy@tempcnt=\count279
(/usr/share/texlive/texmf-dist/tex/latex/url/url.sty
\Urlmuskip=\muskip17
Package: url 2013/09/16  ver 3.4  Verb mode for urls, etc.
)
LaTeX Info: Redefining \url on input line 4784.
\XeTeXLinkMargin=\dimen151

(/usr/share/texlive/texmf-dist/tex/generic/bitset/bitset.sty
Package: bitset 2019/12/09 v1.3 Handle bit-vector datatype (HO)

(/usr/share/texlive/texmf-dist/tex/generic/bigintcalc/bigintcalc.sty
Package: bigintcalc 2019/12/15 v1.5 Expandable calculations on big integers (HO
)
))
\Fld@menulength=\count280
\Field@Width=\dimen152
\Fld@charsize=\dimen153
Package hyperref Info: Hyper figures OFF on input line 6063.
Package hyperref Info: Link nesting OFF on input line 6068.
Package hyperref Info: Hyper index ON on input line 6071.
Package hyperref Info: backreferencing OFF on input line 6078.
Package hyperref Info: Link coloring OFF on input line 6083.
Package hyperref Info: Link coloring with OCG OFF on input line 6088.
Package hyperref Info: PDF/A mode OFF on input line 6093.

(/usr/share/texlive/texmf-dist/tex/latex/base/atbegshi-ltx.sty
Package: atbegshi-ltx 2021/01/10 v1.0c Emulation of the original atbegshi
package with kernel methods
)
\c@Item=\count281
\c@Hfootnote=\count282
)
Package hyperref Info: Driver: hpdftex.

(/usr/share/texlive/texmf-dist/tex/latex/hyperref/hpdftex.def
File: hpdftex.def 2024-01-20 v7.01h Hyperref driver for pdfTeX
\Fld@listcount=\count283
\c@bookmark@seq@number=\count284

(/usr/share/texlive/texmf-dist/tex/latex/rerunfilecheck/rerunfilecheck.sty
Package: rerunfilecheck 2022-07-10 v1.10 Rerun checks for auxiliary files (HO)

(/usr/share/texlive/texmf-dist/tex/latex/base/atveryend-ltx.sty
Package: atveryend-ltx 2020/08/19 v1.0a Emulation of the original atveryend pac
kage
with kernel methods
)
(/usr/share/texlive/texmf-dist/tex/generic/uniquecounter/uniquecounter.sty
Package: uniquecounter 2019/12/15 v1.4 Provide unlimited unique counter (HO)
)
Package uniquecounter Info: New unique counter `rerunfilecheck' on input line 2
85.
)
\Hy@SectionHShift=\skip53
)
(/usr/share/texlive/texmf-dist/tex/latex/extsizes/extsizes.sty
Package: extsizes 1996/10/08 v1.0 Non Standard LaTeX Package


Package ExtSizes Warning: It is better to use one of the extsizes classes,
 if you can.

(/usr/share/texlive/texmf-dist/tex/latex/base/size12.clo
File: size12.clo 2023/05/17 v1.4n Standard LaTeX file (size option)
LaTeX Info: Command `\normalsize' is already robust on input line 56.
LaTeX Info: Redefining \small on input line 58.
LaTeX Info: Redefining \footnotesize on input line 69.
LaTeX Info: Redefining \scriptsize on input line 80.
LaTeX Info: Redefining \tiny on input line 81.
LaTeX Info: Redefining \large on input line 82.
LaTeX Info: Redefining \Large on input line 83.
LaTeX Info: Redefining \LARGE on input line 84.
LaTeX Info: Redefining \huge on input line 85.
))
(/usr/share/texlive/texmf-dist/tex/latex/geometry/geometry.sty
Package: geometry 2020/01/02 v5.9 Page Geometry

(/usr/share/texlive/texmf-dist/tex/generic/iftex/ifvtex.sty
Package: ifvtex 2019/10/25 v1.7 ifvtex legacy package. Use iftex instead.
)
\Gm@cnth=\count285
\Gm@cntv=\count286
\c@Gm@tempcnt=\count287
\Gm@bindingoffset=\dimen154
\Gm@wd@mp=\dimen155
\Gm@odd@mp=\dimen156
\Gm@even@mp=\dimen157
\Gm@layoutwidth=\dimen158
\Gm@layoutheight=\dimen159
\Gm@layouthoffset=\dimen160
\Gm@layoutvoffset=\dimen161
\Gm@dimlist=\toks25
)
(/usr/share/texlive/texmf-dist/tex/latex/tocloft/tocloft.sty
Package: tocloft 2017/08/31 v2.3i parameterised ToC, etc., typesetting
Package tocloft Info: The document has chapter divisions on input line 51.
\cftparskip=\skip54
\cftbeforetoctitleskip=\skip55
\cftaftertoctitleskip=\skip56
\cftbeforepartskip=\skip57
\cftpartnumwidth=\skip58
\cftpartindent=\skip59
\cftbeforechapskip=\skip60
\cftchapindent=\skip61
\cftchapnumwidth=\skip62
\cftbeforesecskip=\skip63
\cftsecindent=\skip64
\cftsecnumwidth=\skip65
\cftbeforesubsecskip=\skip66
\cftsubsecindent=\skip67
\cftsubsecnumwidth=\skip68
\cftbeforesubsubsecskip=\skip69
\cftsubsubsecindent=\skip70
\cftsubsubsecnumwidth=\skip71
\cftbeforeparaskip=\skip72
\cftparaindent=\skip73
\cftparanumwidth=\skip74
\cftbeforesubparaskip=\skip75
\cftsubparaindent=\skip76
\cftsubparanumwidth=\skip77
\cftbeforeloftitleskip=\skip78
\cftafterloftitleskip=\skip79
\cftbeforefigskip=\skip80
\cftfigindent=\skip81
\cftfignumwidth=\skip82
\c@lofdepth=\count288
\c@lotdepth=\count289
\cftbeforelottitleskip=\skip83
\cftafterlottitleskip=\skip84
\cftbeforetabskip=\skip85
\cfttabindent=\skip86
\cfttabnumwidth=\skip87
)
(/usr/share/texlive/texmf-dist/tex/latex/tools/array.sty
Package: array 2023/10/16 v2.5g Tabular extension package (FMi)
\col@sep=\dimen162
\ar@mcellbox=\box53
\extrarowheight=\dimen163
\NC@list=\toks26
\extratabsurround=\skip88
\backup@length=\skip89
\ar@cellbox=\box54
)
(/usr/share/texlive/texmf-dist/tex/latex/caption/caption.sty
Package: caption 2023/08/05 v3.6o Customizing captions (AR)

(/usr/share/texlive/texmf-dist/tex/latex/caption/caption3.sty
Package: caption3 2023/07/31 v2.4d caption3 kernel (AR)
\caption@tempdima=\dimen164
\captionmargin=\dimen165
\caption@leftmargin=\dimen166
\caption@rightmargin=\dimen167
\caption@width=\dimen168
\caption@indent=\dimen169
\caption@parindent=\dimen170
\caption@hangindent=\dimen171
Package caption Info: Standard document class detected.
)
\c@caption@flags=\count290
\c@continuedfloat=\count291
Package caption Info: hyperref package is loaded.
)
(/usr/share/texlive/texmf-dist/tex/latex/floatflt/floatflt.sty
Package: floatflt 1997/07/16 v. 1.31
\c@OptionTest=\count292
\figbox=\box55
\tabbox=\box56
\pagebox=\box57
\ffigcount=\count293
\ftabcount=\count294
\fftest=\count295
\hangcount=\count296
\nosuccesstryfig=\count297
\nosuccesstrytab=\count298
\figgutter=\dimen172
\tabgutter=\dimen173
\htdone=\dimen174
\pageht=\dimen175
\startpageht=\dimen176
\tabbredd=\dimen177
\floatfltwidth=\dimen178
\fltitemwidth=\dimen179
\outputpretest=\toks27
)
(/usr/share/texlive/texmf-dist/tex/latex/subfig/subfig.sty
Package: subfig 2005/06/28 ver: 1.3 subfig package
\c@KVtest=\count299
\sf@farskip=\skip90
\sf@captopadj=\dimen180
\sf@capskip=\skip91
\sf@nearskip=\skip92
\c@subfigure=\count300
\c@subfigure@save=\count301
\c@subtable=\count302
\c@subtable@save=\count303
\sf@top=\skip93
\sf@bottom=\skip94
)
(/usr/share/texlive/texmf-dist/tex/latex/graphics/graphicx.sty
Package: graphicx 2021/09/16 v1.2d Enhanced LaTeX Graphics (DPC,SPQR)

(/usr/share/texlive/texmf-dist/tex/latex/graphics/graphics.sty
Package: graphics 2022/03/10 v1.4e Standard LaTeX Graphics (DPC,SPQR)

(/usr/share/texlive/texmf-dist/tex/latex/graphics/trig.sty
Package: trig 2021/08/11 v1.11 sin cos tan (DPC)
)
(/usr/share/texlive/texmf-dist/tex/latex/graphics-cfg/graphics.cfg
File: graphics.cfg 2016/06/04 v1.11 sample graphics configuration
)
Package graphics Info: Driver file: pdftex.def on input line 107.
)
\Gin@req@height=\dimen181
\Gin@req@width=\dimen182
)
(/usr/share/texlive/texmf-dist/tex/latex/here/here.sty)
(/usr/share/texlive/texmf-dist/tex/latex/float/float.sty
Package: float 2001/11/08 v1.3d Float enhancements (AL)
\c@float@type=\count304
\float@exts=\toks28
\float@box=\box58
\@float@everytoks=\toks29
\@floatcapt=\box59
)
(/usr/share/texlive/texmf-dist/tex/latex/tools/enumerate.sty
Package: enumerate 2023/07/04 v3.00 enumerate extensions (DPC)
\@enLab=\toks30
)
(/usr/share/texlive/texmf-dist/tex/latex/multirow/multirow.sty
Package: multirow 2021/03/15 v2.8 Span multiple rows of a table
\multirow@colwidth=\skip95
\multirow@cntb=\count305
\multirow@dima=\skip96
\bigstrutjot=\dimen183
)
(/usr/share/texlive/texmf-dist/tex/latex/listings/listings.sty
\lst@mode=\count306
\lst@gtempboxa=\box60
\lst@token=\toks31
\lst@length=\count307
\lst@currlwidth=\dimen184
\lst@column=\count308
\lst@pos=\count309
\lst@lostspace=\dimen185
\lst@width=\dimen186
\lst@newlines=\count310
\lst@lineno=\count311
\lst@maxwidth=\dimen187

(/usr/share/texlive/texmf-dist/tex/latex/listings/lstmisc.sty
File: lstmisc.sty 2023/02/27 1.9 (Carsten Heinz)
\c@lstnumber=\count312
\lst@skipnumbers=\count313
\lst@framebox=\box61
)
(/usr/share/texlive/texmf-dist/tex/latex/listings/listings.cfg
File: listings.cfg 2023/02/27 1.9 listings configuration
))
Package: listings 2023/02/27 1.9 (Carsten Heinz)

(/usr/share/texlive/texmf-dist/tex/latex/slantsc/slantsc.sty
Package: slantsc 2012/01/01 v2.11 Provide Slanted an Italic Small Caps

(/usr/share/texlive/texmf-dist/tex/latex/base/ifthen.sty
Package: ifthen 2022/04/13 v1.1d Standard LaTeX ifthen package (DPC)
)
LaTeX Info: Redefining \upshape on input line 35.
LaTeX Info: Redefining \slshape on input line 45.
LaTeX Info: Redefining \itshape on input line 55.
LaTeX Info: Redefining \scshape on input line 65.
)
(/usr/share/texlive/texmf-dist/tex/latex/glossaries/base/glossaries.sty
Package: glossaries 2023/09/29 v4.53 (NLCT)

(/usr/share/texlive/texmf-dist/tex/latex/xkeyval/xkeyval.sty
Package: xkeyval 2022/06/16 v2.9 package option processing (HA)

(/usr/share/texlive/texmf-dist/tex/generic/xkeyval/xkeyval.tex
(/usr/share/texlive/texmf-dist/tex/generic/xkeyval/xkvutils.tex
\XKV@toks=\toks32
\XKV@tempa@toks=\toks33
)
\XKV@depth=\count314
File: xkeyval.tex 2014/12/03 v2.7a key=value parser (HA)
))
(/usr/share/texlive/texmf-dist/tex/latex/mfirstuc/mfirstuc.sty
Package: mfirstuc 2022/10/14 v2.08 (NLCT)
\@glsmfirst=\toks34
\@glsmrest=\toks35
)
(/usr/share/texlive/texmf-dist/tex/latex/xfor/xfor.sty
Package: xfor 2009/02/05 v1.05 (NLCT)
)
(/usr/share/texlive/texmf-dist/tex/latex/datatool/datatool-base.sty
Package: datatool-base 2019/09/27 v2.32 (NLCT)

(/usr/share/texlive/texmf-dist/tex/latex/substr/substr.sty
Package: substr 2009/10/20 v1.2 Handle substrings
\c@su@anzahl=\count315
)
(/usr/share/texlive/texmf-dist/tex/latex/datatool/datatool-fp.sty
Package: datatool-fp 2019/09/27 v2.32 (NLCT)

(/usr/share/texlive/texmf-dist/tex/latex/fp/fp.sty
Package: fp 1995/04/02

`Fixed Point Package', Version 0.8, April 2, 1995 (C) Michael Mehlich
(/usr/share/texlive/texmf-dist/tex/latex/fp/defpattern.sty
Package: defpattern 1994/10/12
\actioncount=\count316
)
(/usr/share/texlive/texmf-dist/tex/latex/fp/fp-basic.sty
Package: fp-basic 1996/05/13
\FP@xs=\count317
\FP@xia=\count318
\FP@xib=\count319
\FP@xfa=\count320
\FP@xfb=\count321
\FP@rega=\count322
\FP@regb=\count323
\FP@regs=\count324
\FP@times=\count325
)
(/usr/share/texlive/texmf-dist/tex/latex/fp/fp-addons.sty
Package: fp-addons 1995/03/15
)
(/usr/share/texlive/texmf-dist/tex/latex/fp/fp-snap.sty
Package: fp-snap 1995/04/05
)
(/usr/share/texlive/texmf-dist/tex/latex/fp/fp-exp.sty
Package: fp-exp 1995/04/03
)
(/usr/share/texlive/texmf-dist/tex/latex/fp/fp-trigo.sty
Package: fp-trigo 1995/04/14
)
(/usr/share/texlive/texmf-dist/tex/latex/fp/fp-pas.sty
Package: fp-pas 1994/08/29
)
(/usr/share/texlive/texmf-dist/tex/latex/fp/fp-random.sty
Package: fp-random 1995/02/23
\FPseed=\count326
)
(/usr/share/texlive/texmf-dist/tex/latex/fp/fp-eqn.sty
Package: fp-eqn 1995/04/03
)
(/usr/share/texlive/texmf-dist/tex/latex/fp/fp-upn.sty
Package: fp-upn 1996/10/21
)
(/usr/share/texlive/texmf-dist/tex/latex/fp/fp-eval.sty
Package: fp-eval 1995/04/03
)))
\@dtl@toks=\toks36
\@dtl@tmpcount=\count327
\dtl@tmplength=\skip97
\dtl@sortresult=\count328
\@dtl@numgrpsepcount=\count329
\@dtl@datatype=\count330
\dtl@codeA=\count331
\dtl@codeB=\count332
\@dtl@foreach@level=\count333
)
\gls@level=\count334
\@gls@tmpb=\toks37
\gls@tmplen=\skip98
\glskeylisttok=\toks38
\glslabeltok=\toks39
\glsshorttok=\toks40
\glslongtok=\toks41

(/usr/share/texlive/texmf-dist/tex/latex/glossaries/styles/glossary-hypernav.st
y
Package: glossary-hypernav 2023/09/29 v4.53 (NLCT)
) (/usr/share/texlive/texmf-dist/tex/latex/glossaries/styles/glossary-list.sty
Package: glossary-list 2023/09/29 v4.53 (NLCT)
\glslistdottedwidth=\skip99
) (/usr/share/texlive/texmf-dist/tex/latex/glossaries/styles/glossary-long.sty
Package: glossary-long 2023/09/29 v4.53 (NLCT)

(/usr/share/texlive/texmf-dist/tex/latex/tools/longtable.sty
Package: longtable 2023-11-01 v4.19 Multi-page Table package (DPC)
\LTleft=\skip100
\LTright=\skip101
\LTpre=\skip102
\LTpost=\skip103
\LTchunksize=\count335
\LTcapwidth=\dimen188
\LT@head=\box62
\LT@firsthead=\box63
\LT@foot=\box64
\LT@lastfoot=\box65
\LT@gbox=\box66
\LT@cols=\count336
\LT@rows=\count337
\c@LT@tables=\count338
\c@LT@chunks=\count339
\LT@p@ftn=\toks42
)
\glsdescwidth=\skip104
\glspagelistwidth=\skip105
)
(/usr/share/texlive/texmf-dist/tex/latex/glossaries/styles/glossary-super.sty
Package: glossary-super 2023/09/29 v4.53 (NLCT)

(/usr/share/texlive/texmf-dist/tex/latex/supertabular/supertabular.sty
Package: supertabular 2020/02/02 v4.1g the supertabular environment
\c@tracingst=\count340
\ST@wd=\dimen189
\ST@rightskip=\skip106
\ST@leftskip=\skip107
\ST@parfillskip=\skip108
\ST@pageleft=\dimen190
\ST@headht=\dimen191
\ST@tailht=\dimen192
\ST@pagesofar=\dimen193
\ST@pboxht=\dimen194
\ST@lineht=\dimen195
\ST@prevht=\dimen196
\ST@toadd=\dimen197
\ST@dimen=\dimen198
\ST@pbox=\box67
))
(/usr/share/texlive/texmf-dist/tex/latex/glossaries/styles/glossary-tree.sty
Package: glossary-tree 2023/09/29 v4.53 (NLCT)
\glstreeindent=\skip109
))
(/usr/share/texlive/texmf-dist/tex/latex/dashrule/dashrule.sty
Package: dashrule 2013/03/28 v1.3 Dashed rules

(/usr/share/texlive/texmf-dist/tex/latex/ifmtarg/ifmtarg.sty
Package: ifmtarg 2018/04/16 v1.2b check for an empty argument
)
\c@hdr@segments=\count341
)
(/usr/share/texlive/texmf-dist/tex/latex/fancyhdr/fancyhdr.sty
Package: fancyhdr 2022/11/09 v4.1 Extensive control of page headers and footers

\f@nch@headwidth=\skip110
\f@nch@O@elh=\skip111
\f@nch@O@erh=\skip112
\f@nch@O@olh=\skip113
\f@nch@O@orh=\skip114
\f@nch@O@elf=\skip115
\f@nch@O@erf=\skip116
\f@nch@O@olf=\skip117
\f@nch@O@orf=\skip118
)
(/usr/share/texlive/texmf-dist/tex/latex/tools/calc.sty
Package: calc 2023/07/08 v4.3 Infix arithmetic (KKT,FJ)
\calc@Acount=\count342
\calc@Bcount=\count343
\calc@Adimen=\dimen199
\calc@Bdimen=\dimen256
\calc@Askip=\skip119
\calc@Bskip=\skip120
LaTeX Info: Redefining \setlength on input line 80.
LaTeX Info: Redefining \addtolength on input line 81.
\calc@Ccount=\count344
\calc@Cskip=\skip121
)
(./packages/zmienne.sty) (./packages/strona_tytulowa.sty)
(./packages/oswiadczenie.sty) (./packages/karta_pracy.sty)
(./packages/pusta_strona.sty) (./packages/wspolrealizacja.sty)
(/usr/share/texlive/texmf-dist/tex/latex/listingsutf8/listingsutf8.sty
Package: listingsutf8 2019-12-10 v1.5 Allow UTF-8 in listings input (HO)

(/usr/share/texlive/texmf-dist/tex/generic/stringenc/stringenc.sty
Package: stringenc 2019/11/29 v1.12 Convert strings between diff. encodings (HO
)
))
(/usr/share/texlive/texmf-dist/tex/latex/base/fontenc.sty
Package: fontenc 2021/04/29 v2.0v Standard LaTeX package
)
(/usr/share/texmf/tex/latex/lm/lmodern.sty
Package: lmodern 2015/05/01 v1.6.1 Latin Modern Fonts
LaTeX Font Info:    Overwriting symbol font `operators' in version `normal'
(Font)                  OT1/cmr/m/n --> OT1/lmr/m/n on input line 22.
LaTeX Font Info:    Overwriting symbol font `letters' in version `normal'
(Font)                  OML/cmm/m/it --> OML/lmm/m/it on input line 23.
LaTeX Font Info:    Overwriting symbol font `symbols' in version `normal'
(Font)                  OMS/cmsy/m/n --> OMS/lmsy/m/n on input line 24.
LaTeX Font Info:    Overwriting symbol font `largesymbols' in version `normal'
(Font)                  OMX/cmex/m/n --> OMX/lmex/m/n on input line 25.
LaTeX Font Info:    Overwriting symbol font `operators' in version `bold'
(Font)                  OT1/cmr/bx/n --> OT1/lmr/bx/n on input line 26.
LaTeX Font Info:    Overwriting symbol font `letters' in version `bold'
(Font)                  OML/cmm/b/it --> OML/lmm/b/it on input line 27.
LaTeX Font Info:    Overwriting symbol font `symbols' in version `bold'
(Font)                  OMS/cmsy/b/n --> OMS/lmsy/b/n on input line 28.
LaTeX Font Info:    Overwriting symbol font `largesymbols' in version `bold'
(Font)                  OMX/cmex/m/n --> OMX/lmex/m/n on input line 29.
LaTeX Font Info:    Overwriting math alphabet `\mathbf' in version `normal'
(Font)                  OT1/cmr/bx/n --> OT1/lmr/bx/n on input line 31.
LaTeX Font Info:    Overwriting math alphabet `\mathsf' in version `normal'
(Font)                  OT1/cmss/m/n --> OT1/lmss/m/n on input line 32.
LaTeX Font Info:    Overwriting math alphabet `\mathit' in version `normal'
(Font)                  OT1/cmr/m/it --> OT1/lmr/m/it on input line 33.
LaTeX Font Info:    Overwriting math alphabet `\mathtt' in version `normal'
(Font)                  OT1/cmtt/m/n --> OT1/lmtt/m/n on input line 34.
LaTeX Font Info:    Overwriting math alphabet `\mathbf' in version `bold'
(Font)                  OT1/cmr/bx/n --> OT1/lmr/bx/n on input line 35.
LaTeX Font Info:    Overwriting math alphabet `\mathsf' in version `bold'
(Font)                  OT1/cmss/bx/n --> OT1/lmss/bx/n on input line 36.
LaTeX Font Info:    Overwriting math alphabet `\mathit' in version `bold'
(Font)                  OT1/cmr/bx/it --> OT1/lmr/bx/it on input line 37.
LaTeX Font Info:    Overwriting math alphabet `\mathtt' in version `bold'
(Font)                  OT1/cmtt/m/n --> OT1/lmtt/m/n on input line 38.
)
LaTeX Font Info:    Trying to load font information for T1+lmr on input line 93
.

(/usr/share/texmf/tex/latex/lm/t1lmr.fd
File: t1lmr.fd 2015/05/01 v1.6.1 Font defs for Latin Modern
)
(/usr/share/texlive/texmf-dist/tex/latex/algorithms/algorithm.sty
Package: algorithm 2009/08/24 v0.1 Document Style `algorithm' - floating enviro
nment
\@float@every@algorithm=\toks43
\c@algorithm=\count345
)
(/usr/share/texlive/texmf-dist/tex/latex/algorithms/algorithmic.sty
Package: algorithmic 2009/08/24 v0.1 Document Style `algorithmic'
\c@ALC@unique=\count346
\c@ALC@line=\count347
\c@ALC@rem=\count348
\c@ALC@depth=\count349
\ALC@tlm=\skip122
\algorithmicindent=\skip123
)
(/usr/share/texlive/texmf-dist/tex/latex/placeins/placeins.sty
Package: placeins 2005/04/18  v 2.2
)
(/usr/share/texlive/texmf-dist/tex/latex/nomencl/nomencl.sty
Package: nomencl 2021/11/10 v5.6 Nomenclature package

(/usr/share/texlive/texmf-dist/tex/latex/koma-script/tocbasic.sty
Package: tocbasic 2023/07/07 v3.41 KOMA-Script package (handling toc-files)

(/usr/share/texlive/texmf-dist/tex/latex/koma-script/scrbase.sty
Package: scrbase 2023/07/07 v3.41 KOMA-Script package (KOMA-Script-independent 
basics and keyval usage)

(/usr/share/texlive/texmf-dist/tex/latex/koma-script/scrlfile.sty
Package: scrlfile 2023/07/07 v3.41 KOMA-Script package (file load hooks)

(/usr/share/texlive/texmf-dist/tex/latex/koma-script/scrlfile-hook.sty
Package: scrlfile-hook 2023/07/07 v3.41 KOMA-Script package (using LaTeX hooks)


(/usr/share/texlive/texmf-dist/tex/latex/koma-script/scrlogo.sty
Package: scrlogo 2023/07/07 v3.41 KOMA-Script package (logo)
)))
Applying: [2021/05/01] Usage of raw or classic option list on input line 252.
Already applied: [0000/00/00] Usage of raw or classic option list on input line
 368.
)
\scr@dte@tocline@numberwidth=\skip124
\scr@dte@tocline@numbox=\box68
)
Package tocbasic Info: omitting babel extension for `nlo'
(tocbasic)             because of missing \bbl@set@language on input line 187.
Package tocbasic Info: omitting babel extension for `nls'
(tocbasic)             because of missing \bbl@set@language on input line 188.
\nomlabelwidth=\dimen257
\nom@tempdim=\dimen258
\nomitemsep=\skip125
)
\@nomenclaturefile=\write3
\openout3 = `praca.nlo'.

Package nomencl Info: Writing nomenclature file praca.nlo on input line 109.

(/usr/share/texlive/texmf-dist/tex/latex/base/makeidx.sty
Package: makeidx 2021/10/04 v1.0m Standard LaTeX package
)
\@indexfile=\write4
\openout4 = `praca.idx'.


Writing index file praca.idx
) (/usr/share/texlive/texmf-dist/tex/latex/biblatex/biblatex.sty
Package: biblatex 2023/03/05 v3.19 programmable bibliographies (PK/MW)

(/usr/share/texlive/texmf-dist/tex/latex/logreq/logreq.sty
Package: logreq 2010/08/04 v1.0 xml request logger
\lrq@indent=\count350

(/usr/share/texlive/texmf-dist/tex/latex/logreq/logreq.def
File: logreq.def 2010/08/04 v1.0 logreq spec v1.0
))
\c@tabx@nest=\count351
\c@listtotal=\count352
\c@listcount=\count353
\c@liststart=\count354
\c@liststop=\count355
\c@citecount=\count356
\c@citetotal=\count357
\c@multicitecount=\count358
\c@multicitetotal=\count359
\c@instcount=\count360
\c@maxnames=\count361
\c@minnames=\count362
\c@maxitems=\count363
\c@minitems=\count364
\c@citecounter=\count365
\c@maxcitecounter=\count366
\c@savedcitecounter=\count367
\c@uniquelist=\count368
\c@uniquename=\count369
\c@refsection=\count370
\c@refsegment=\count371
\c@maxextratitle=\count372
\c@maxextratitleyear=\count373
\c@maxextraname=\count374
\c@maxextradate=\count375
\c@maxextraalpha=\count376
\c@abbrvpenalty=\count377
\c@highnamepenalty=\count378
\c@lownamepenalty=\count379
\c@maxparens=\count380
\c@parenlevel=\count381
\blx@tempcnta=\count382
\blx@tempcntb=\count383
\blx@tempcntc=\count384
\c@blx@maxsection=\count385
\blx@maxsegment@0=\count386
\blx@notetype=\count387
\blx@parenlevel@text=\count388
\blx@parenlevel@foot=\count389
\blx@sectionciteorder@0=\count390
\blx@sectionciteorderinternal@0=\count391
\blx@entrysetcounter=\count392
\blx@biblioinstance=\count393
\labelnumberwidth=\skip126
\labelalphawidth=\skip127
\biblabelsep=\skip128
\bibitemsep=\skip129
\bibnamesep=\skip130
\bibinitsep=\skip131
\bibparsep=\skip132
\bibhang=\skip133
\blx@bcfin=\read2
\blx@bcfout=\write5
\blx@langwohyphens=\language10
\c@mincomprange=\count394
\c@maxcomprange=\count395
\c@mincompwidth=\count396
Package biblatex Info: Trying to load biblatex default data model...
Package biblatex Info: ... file 'blx-dm.def' found.

(/usr/share/texlive/texmf-dist/tex/latex/biblatex/blx-dm.def
File: blx-dm.def 2023/03/05 v3.19 biblatex localization (PK/MW)
)
Package biblatex Info: Trying to load biblatex style data model...
Package biblatex Info: ... file 'numeric.dbx' not found.
Package biblatex Info: Trying to load biblatex custom data model...
Package biblatex Info: ... file 'biblatex-dm.cfg' not found.
\c@afterword=\count397
\c@savedafterword=\count398
\c@annotator=\count399
\c@savedannotator=\count400
\c@author=\count401
\c@savedauthor=\count402
\c@bookauthor=\count403
\c@savedbookauthor=\count404
\c@commentator=\count405
\c@savedcommentator=\count406
\c@editor=\count407
\c@savededitor=\count408
\c@editora=\count409
\c@savededitora=\count410
\c@editorb=\count411
\c@savededitorb=\count412
\c@editorc=\count413
\c@savededitorc=\count414
\c@foreword=\count415
\c@savedforeword=\count416
\c@holder=\count417
\c@savedholder=\count418
\c@introduction=\count419
\c@savedintroduction=\count420
\c@namea=\count421
\c@savednamea=\count422
\c@nameb=\count423
\c@savednameb=\count424
\c@namec=\count425
\c@savednamec=\count426
\c@translator=\count427
\c@savedtranslator=\count428
\c@shortauthor=\count429
\c@savedshortauthor=\count430
\c@shorteditor=\count431
\c@savedshorteditor=\count432
\c@labelname=\count433
\c@savedlabelname=\count434
\c@institution=\count435
\c@savedinstitution=\count436
\c@lista=\count437
\c@savedlista=\count438
\c@listb=\count439
\c@savedlistb=\count440
\c@listc=\count441
\c@savedlistc=\count442
\c@listd=\count443
\c@savedlistd=\count444
\c@liste=\count445
\c@savedliste=\count446
\c@listf=\count447
\c@savedlistf=\count448
\c@location=\count449
\c@savedlocation=\count450
\c@organization=\count451
\c@savedorganization=\count452
\c@origlocation=\count453
\c@savedoriglocation=\count454
\c@origpublisher=\count455
\c@savedorigpublisher=\count456
\c@publisher=\count457
\c@savedpublisher=\count458
\c@language=\count459
\c@savedlanguage=\count460
\c@origlanguage=\count461
\c@savedoriglanguage=\count462
\c@pageref=\count463
\c@savedpageref=\count464
\shorthandwidth=\skip134
\shortjournalwidth=\skip135
\shortserieswidth=\skip136
\shorttitlewidth=\skip137
\shortauthorwidth=\skip138
\shorteditorwidth=\skip139
\locallabelnumberwidth=\skip140
\locallabelalphawidth=\skip141
\localshorthandwidth=\skip142
\localshortjournalwidth=\skip143
\localshortserieswidth=\skip144
\localshorttitlewidth=\skip145
\localshortauthorwidth=\skip146
\localshorteditorwidth=\skip147
Package biblatex Info: Trying to load compatibility code...
Package biblatex Info: ... file 'blx-compat.def' found.

(/usr/share/texlive/texmf-dist/tex/latex/biblatex/blx-compat.def
File: blx-compat.def 2023/03/05 v3.19 biblatex compatibility (PK/MW)
)
Package biblatex Info: Trying to load BibTeX backend compatibility...
Package biblatex Info: ... file 'blx-bibtex.def' found.

(/usr/share/texlive/texmf-dist/tex/latex/biblatex/blx-bibtex.def
File: blx-bibtex.def 2023/03/05 v3.19 biblatex compatibility (PK/MW)


Package biblatex Warning: Using fall-back bibtex backend:
(biblatex)                functionality may be reduced/unavailable.

)
Package biblatex Info: Trying to load generic definitions...
Package biblatex Info: ... file 'biblatex.def' found.
 (/usr/share/texlive/texmf-dist/tex/latex/biblatex/biblatex.def
File: biblatex.def 2023/03/05 v3.19 biblatex compatibility (PK/MW)
\c@textcitecount=\count465
\c@textcitetotal=\count466
\c@textcitemaxnames=\count467
\c@biburlbigbreakpenalty=\count468
\c@biburlbreakpenalty=\count469
\c@biburlnumpenalty=\count470
\c@biburlucpenalty=\count471
\c@biburllcpenalty=\count472
\biburlbigskip=\muskip18
\biburlnumskip=\muskip19
\biburlucskip=\muskip20
\biburllcskip=\muskip21
\c@smartand=\count473
)
Package biblatex Info: Trying to load bibliography style 'numeric'...
Package biblatex Info: ... file 'numeric.bbx' found.

(/usr/share/texlive/texmf-dist/tex/latex/biblatex/bbx/numeric.bbx
File: numeric.bbx 2023/03/05 v3.19 biblatex bibliography style (PK/MW)
Package biblatex Info: Trying to load bibliography style 'standard'...
Package biblatex Info: ... file 'standard.bbx' found.

(/usr/share/texlive/texmf-dist/tex/latex/biblatex/bbx/standard.bbx
File: standard.bbx 2023/03/05 v3.19 biblatex bibliography style (PK/MW)
\c@bbx:relatedcount=\count474
\c@bbx:relatedtotal=\count475
))
Package biblatex Info: Trying to load citation style 'numeric'...
Package biblatex Info: ... file 'numeric.cbx' found.

(/usr/share/texlive/texmf-dist/tex/latex/biblatex/cbx/numeric.cbx
File: numeric.cbx 2023/03/05 v3.19 biblatex citation style (PK/MW)
Package biblatex Info: Redefining '\cite'.
Package biblatex Info: Redefining '\parencite'.
Package biblatex Info: Redefining '\footcite'.
Package biblatex Info: Redefining '\footcitetext'.
Package biblatex Info: Redefining '\smartcite'.
Package biblatex Info: Redefining '\supercite'.
Package biblatex Info: Redefining '\textcite'.
Package biblatex Info: Redefining '\textcites'.
Package biblatex Info: Redefining '\cites'.
Package biblatex Info: Redefining '\parencites'.
Package biblatex Info: Redefining '\smartcites'.
)
Package biblatex Info: Trying to load configuration file...
Package biblatex Info: ... file 'biblatex.cfg' found.

(/usr/share/texlive/texmf-dist/tex/latex/biblatex/biblatex.cfg
File: biblatex.cfg 
)
Package biblatex Info: Input encoding 'utf8' detected.
Package biblatex Info: Document encoding is UTF8 ....

(/usr/share/texlive/texmf-dist/tex/latex/l3kernel/expl3.sty
Package: expl3 2024-01-22 L3 programming layer (loader) 

(/usr/share/texlive/texmf-dist/tex/latex/l3backend/l3backend-pdftex.def
File: l3backend-pdftex.def 2024-01-04 L3 backend support: PDF output (pdfTeX)
\l__color_backend_stack_int=\count476
\l__pdf_internal_box=\box69
))
Package biblatex Info: ... and expl3
(biblatex)             2024-01-22 L3 programming layer (loader) 
(biblatex)             is new enough (at least 2020/04/06),
(biblatex)             setting 'casechanger=expl3'.

(/usr/share/texlive/texmf-dist/tex/latex/biblatex/blx-case-expl3.sty
(/usr/share/texlive/texmf-dist/tex/latex/l3packages/xparse/xparse.sty
Package: xparse 2023-10-10 L3 Experimental document command parser
)
Package: blx-case-expl3 2023/03/05 v3.19 expl3 case changing code for biblatex
))
(./Ustawienia/ustawienia.tex
(/usr/share/texlive/texmf-dist/tex/latex/makecell/makecell.sty
Package: makecell 2009/08/03 V0.1e Managing of Tab Column Heads and Cells
\rotheadsize=\dimen259
\c@nlinenum=\count477
\TeXr@lab=\toks44
))
\@quotelevel=\count478
\@quotereset=\count479
 (./praca.aux)
\openout1 = `praca.aux'.

LaTeX Font Info:    Checking defaults for OML/cmm/m/it on input line 51.
LaTeX Font Info:    ... okay on input line 51.
LaTeX Font Info:    Checking defaults for OMS/cmsy/m/n on input line 51.
LaTeX Font Info:    ... okay on input line 51.
LaTeX Font Info:    Checking defaults for OT1/cmr/m/n on input line 51.
LaTeX Font Info:    ... okay on input line 51.
LaTeX Font Info:    Checking defaults for T1/cmr/m/n on input line 51.
LaTeX Font Info:    ... okay on input line 51.
LaTeX Font Info:    Checking defaults for TS1/cmr/m/n on input line 51.
LaTeX Font Info:    ... okay on input line 51.
LaTeX Font Info:    Checking defaults for OMX/cmex/m/n on input line 51.
LaTeX Font Info:    ... okay on input line 51.
LaTeX Font Info:    Checking defaults for U/cmr/m/n on input line 51.
LaTeX Font Info:    ... okay on input line 51.
LaTeX Font Info:    Checking defaults for PD1/pdf/m/n on input line 51.
LaTeX Font Info:    ... okay on input line 51.
LaTeX Font Info:    Checking defaults for PU/pdf/m/n on input line 51.
LaTeX Font Info:    ... okay on input line 51.

(/usr/share/texlive/texmf-dist/tex/context/base/mkii/supp-pdf.mkii
[Loading MPS to PDF converter (version 2006.09.02).]
\scratchcounter=\count480
\scratchdimen=\dimen260
\scratchbox=\box70
\nofMPsegments=\count481
\nofMParguments=\count482
\everyMPshowfont=\toks45
\MPscratchCnt=\count483
\MPscratchDim=\dimen261
\MPnumerator=\count484
\makeMPintoPDFobject=\count485
\everyMPtoPDFconversion=\toks46
) (/usr/share/texlive/texmf-dist/tex/latex/epstopdf-pkg/epstopdf-base.sty
Package: epstopdf-base 2020-01-24 v2.11 Base part for package epstopdf
Package epstopdf-base Info: Redefining graphics rule for `.eps' on input line 4
85.

(/usr/share/texlive/texmf-dist/tex/latex/latexconfig/epstopdf-sys.cfg
File: epstopdf-sys.cfg 2010/07/13 v1.3 Configuration of (r)epstopdf for TeX Liv
e
))
Package hyperref Info: Link coloring OFF on input line 51.

(./praca.out) (./praca.out)
\@outlinefile=\write6
\openout6 = `praca.out'.


*geometry* driver: auto-detecting
*geometry* detected driver: pdftex
*geometry* verbose mode - [ preamble ] result:
* driver: pdftex
* paper: a4paper
* layout: <same size as paper>
* layoutoffset:(h,v)=(0.0pt,0.0pt)
* modes: twoside 
* h-part:(L,W,R)=(99.58464pt, 426.79135pt, 71.13188pt)
* v-part:(T,H,B)=(71.13188pt, 702.78308pt, 71.13188pt)
* \paperwidth=597.50787pt
* \paperheight=845.04684pt
* \textwidth=426.79135pt
* \textheight=702.78308pt
* \oddsidemargin=27.31465pt
* \evensidemargin=-1.1381pt
* \topmargin=-38.1381pt
* \headheight=15.0pt
* \headsep=25.0pt
* \topskip=12.0pt
* \footskip=30.0pt
* \marginparwidth=85.0pt
* \marginparsep=10.0pt
* \columnsep=10.0pt
* \skip\footins=10.8pt plus 4.0pt minus 2.0pt
* \hoffset=0.0pt
* \voffset=0.0pt
* \mag=1000
* \@twocolumnfalse
* \@twosidetrue
* \@mparswitchtrue
* \@reversemargintrue
* (1in=72.27pt=25.4mm, 1cm=28.453pt)

Package caption Info: Begin \AtBeginDocument code.
Package caption Info: subfig package v1.3 is loaded.
Package caption Info: float package is loaded.
Package caption Info: floatflt package is loaded.
Package caption Info: listings package is loaded.
Package caption Info: longtable package is loaded.
(/usr/share/texlive/texmf-dist/tex/latex/caption/ltcaption.sty
Package: ltcaption 2021/01/08 v1.4c longtable captions (AR)
)
Package caption Info: supertabular package is loaded.
Package caption Info: End \AtBeginDocument code.
\c@lstlisting=\count486
Package biblatex Info: Trying to load language 'english'...
Package biblatex Info: ... file 'english.lbx' found.

(/usr/share/texlive/texmf-dist/tex/latex/biblatex/lbx/english.lbx
File: english.lbx 2023/03/05 v3.19 biblatex localization (PK/MW)
)
Package biblatex Info: Input encoding 'utf8' detected.
Package biblatex Info: Automatic encoding selection.
(biblatex)             Assuming data encoding 'utf8'.
Package biblatex Info: Input encoding 'utf8' detected.
Package biblatex Info: Data encoding 'utf8' specified.
(biblatex)             No need to reencode data.
\openout5 = `praca-blx.bib'.

Package biblatex Info: Trying to load bibliographic data...
Package biblatex Info: ... file 'praca.bbl' found.
 (./praca.bbl)
Package biblatex Info: Reference section=0 on input line 51.
Package biblatex Info: Reference segment=0 on input line 51.
LaTeX Font Info:    Font shape `T1/lmr/bx/sc' in size <17.28> not available
(Font)              Font shape `T1/cmr/bx/sc' tried instead on input line 57.
LaTeX Font Info:    Font shape `T1/lmr/bx/sc' in size <20.74> not available
(Font)              Font shape `T1/cmr/bx/sc' tried instead on input line 57.
LaTeX Font Info:    Trying to load font information for OT1+lmr on input line 5
7.
 (/usr/share/texmf/tex/latex/lm/ot1lmr.fd
File: ot1lmr.fd 2015/05/01 v1.6.1 Font defs for Latin Modern
)
LaTeX Font Info:    Trying to load font information for OML+lmm on input line 5
7.

(/usr/share/texmf/tex/latex/lm/omllmm.fd
File: omllmm.fd 2015/05/01 v1.6.1 Font defs for Latin Modern
)
LaTeX Font Info:    Trying to load font information for OMS+lmsy on input line 
57.

(/usr/share/texmf/tex/latex/lm/omslmsy.fd
File: omslmsy.fd 2015/05/01 v1.6.1 Font defs for Latin Modern
)
LaTeX Font Info:    Trying to load font information for OMX+lmex on input line 
57.

(/usr/share/texmf/tex/latex/lm/omxlmex.fd
File: omxlmex.fd 2015/05/01 v1.6.1 Font defs for Latin Modern
)
LaTeX Font Info:    External font `lmex10' loaded for size
(Font)              <12> on input line 57.
LaTeX Font Info:    External font `lmex10' loaded for size
(Font)              <8> on input line 57.
LaTeX Font Info:    External font `lmex10' loaded for size
(Font)              <6> on input line 57.
LaTeX Font Info:    Trying to load font information for U+msa on input line 57.


(/usr/share/texlive/texmf-dist/tex/latex/amsfonts/umsa.fd
File: umsa.fd 2013/01/14 v3.01 AMS symbols A
)
LaTeX Font Info:    Trying to load font information for U+msb on input line 57.


(/usr/share/texlive/texmf-dist/tex/latex/amsfonts/umsb.fd
File: umsb.fd 2013/01/14 v3.01 AMS symbols B
) [1

{/var/lib/texmf/fonts/map/pdftex/updmap/pdftex.map}{/usr/share/texmf/fonts/enc/
dvips/lm/lm-ec.enc}] [2] (./Streszczenie/Streszczenie.tex) [3{/usr/share/texmf/
fonts/enc/dvips/lm/lm-mathsy.enc}] (./praca.toc [4] [5{/usr/share/texmf/fonts/e
nc/dvips/lm/lm-mathit.enc}{/usr/share/texmf/fonts/enc/dvips/lm/lm-rm.enc}])
\tf@toc=\write7
\openout7 = `praca.toc'.

 [6]
\c@licznikStron=\count487

(./Rozdzial1/rozdzial1.tex
Chapter 1.

Underfull \vbox (badness 10000) has occurred while \output is active []

 [1

])
(./Rozdzial2/rozdzial2.tex [2]
Chapter 2.
<Rysunki/Rozdzial2/neuron.png, id=531, 753.81625pt x 326.21875pt>
File: Rysunki/Rozdzial2/neuron.png Graphic file (type png)
<use Rysunki/Rozdzial2/neuron.png>
Package pdftex.def Info: Rysunki/Rozdzial2/neuron.png  used on input line 14.
(pdftex.def)             Requested size: 426.79134pt x 184.69223pt.
[3

] [4 <./Rysunki/Rozdzial2/neuron.png>]
<Rysunki/Rozdzial2/multithreading.jpg, id=552, 754.82pt x 273.02pt>
File: Rysunki/Rozdzial2/multithreading.jpg Graphic file (type jpg)
<use Rysunki/Rozdzial2/multithreading.jpg>
Package pdftex.def Info: Rysunki/Rozdzial2/multithreading.jpg  used on input li
ne 37.
(pdftex.def)             Requested size: 426.79134pt x 154.36906pt.
) (./Rozdzial3/rozdzial3.tex [5 <./Rysunki/Rozdzial2/multithreading.jpg>] [6]
Chapter 3.
[7

] [8]
<Rysunki/Rozdzial2/diagnosis_distribution.png, id=600, 355.3275pt x 126.4725pt>

File: Rysunki/Rozdzial2/diagnosis_distribution.png Graphic file (type png)
<use Rysunki/Rozdzial2/diagnosis_distribution.png>
Package pdftex.def Info: Rysunki/Rozdzial2/diagnosis_distribution.png  used on 
input line 62.
(pdftex.def)             Requested size: 256.07741pt x 91.1489pt.
<Rysunki/Rozdzial2/variable_distribution.png, id=601, 369.63094pt x 237.88875pt
>
File: Rysunki/Rozdzial2/variable_distribution.png Graphic file (type png)
<use Rysunki/Rozdzial2/variable_distribution.png>
Package pdftex.def Info: Rysunki/Rozdzial2/variable_distribution.png  used on i
nput line 69.
(pdftex.def)             Requested size: 256.07741pt x 164.80766pt.
<Rysunki/Rozdzial2/box_graph.png, id=603, 423.08063pt x 378.66469pt>
File: Rysunki/Rozdzial2/box_graph.png Graphic file (type png)
<use Rysunki/Rozdzial2/box_graph.png>
Package pdftex.def Info: Rysunki/Rozdzial2/box_graph.png  used on input line 81
.
(pdftex.def)             Requested size: 298.75264pt x 267.39777pt.
 [9 <./Rysunki/Rozdzial2/diagnosis_distribution.png> <./Rysunki/Rozdzial2/varia
ble_distribution.png (PNG copy)>]
<Rysunki/Rozdzial3/log.png, id=615, 368.1253pt x 258.9675pt>
File: Rysunki/Rozdzial3/log.png Graphic file (type png)
<use Rysunki/Rozdzial3/log.png>
Package pdftex.def Info: Rysunki/Rozdzial3/log.png  used on input line 106.
(pdftex.def)             Requested size: 298.75264pt x 210.18137pt.
 [10 <./Rysunki/Rozdzial2/box_graph.png (PNG copy)>]
<Rysunki/Rozdzial3/cube_root.png, id=637, 385.44pt x 251.43938pt>
File: Rysunki/Rozdzial3/cube_root.png Graphic file (type png)
<use Rysunki/Rozdzial3/cube_root.png>
Package pdftex.def Info: Rysunki/Rozdzial3/cube_root.png  used on input line 12
6.
(pdftex.def)             Requested size: 298.75264pt x 194.8865pt.
LaTeX Font Info:    Trying to load font information for TS1+lmr on input line 1
40.
 (/usr/share/texmf/tex/latex/lm/ts1lmr.fd
File: ts1lmr.fd 2015/05/01 v1.6.1 Font defs for Latin Modern
) [11 <./Rysunki/Rozdzial3/log.png (PNG copy)> <./Rysunki/Rozdzial3/cube_root.p
ng (PNG copy)>]
<Rysunki/Rozdzial3/arrhenius.png, id=654, 398.23781pt x 237.88875pt>
File: Rysunki/Rozdzial3/arrhenius.png Graphic file (type png)
<use Rysunki/Rozdzial3/arrhenius.png>
Package pdftex.def Info: Rysunki/Rozdzial3/arrhenius.png  used on input line 16
2.
(pdftex.def)             Requested size: 298.75264pt x 178.46692pt.
 [12{/usr/share/texmf/fonts/enc/dvips/lm/lm-ts1.enc} <./Rysunki/Rozdzial3/arrhe
nius.png (PNG copy)>]
<Rysunki/Rozdzial3/scatter.png, id=669, 505.89pt x 465.23813pt>
File: Rysunki/Rozdzial3/scatter.png Graphic file (type png)
<use Rysunki/Rozdzial3/scatter.png>
Package pdftex.def Info: Rysunki/Rozdzial3/scatter.png  used on input line 193.

(pdftex.def)             Requested size: 384.1096pt x 353.25099pt.
 [13]
<Rozdzial3/ferritin.png, id=704, 247.67531pt x 180.675pt>
File: Rozdzial3/ferritin.png Graphic file (type png)
<use Rozdzial3/ferritin.png>
Package pdftex.def Info: Rozdzial3/ferritin.png  used on input line 219.
(pdftex.def)             Requested size: 213.39568pt x 155.66968pt.
 [14 <./Rysunki/Rozdzial3/scatter.png> <./Rozdzial3/ferritin.png (PNG copy)>]
<Rozdzial3/decision.png, id=712, 245.41687pt x 175.40532pt>
File: Rozdzial3/decision.png Graphic file (type png)
<use Rozdzial3/decision.png>
Package pdftex.def Info: Rozdzial3/decision.png  used on input line 229.
(pdftex.def)             Requested size: 153.64148pt x 109.8154pt.
<Rozdzial3/decision1.png, id=713, 238.64156pt x 174.6525pt>
File: Rozdzial3/decision1.png Graphic file (type png)
<use Rozdzial3/decision1.png>
Package pdftex.def Info: Rozdzial3/decision1.png  used on input line 236.
(pdftex.def)             Requested size: 153.64148pt x 112.44345pt.
<Rozdzial3/mnf.png, id=715, 218.31563pt x 124.21407pt>
File: Rozdzial3/mnf.png Graphic file (type png)
<use Rozdzial3/mnf.png>
Package pdftex.def Info: Rozdzial3/mnf.png  used on input line 246.
(pdftex.def)             Requested size: 256.07741pt x 145.69945pt.
 [15 <./Rozdzial3/decision.png> <./Rozdzial3/decision1.png (PNG copy)> <./Rozdz
ial3/mnf.png (PNG copy)>]
<Rozdzial3/log2.png, id=728, 353.06906pt x 237.13594pt>
File: Rozdzial3/log2.png Graphic file (type png)
<use Rozdzial3/log2.png>
Package pdftex.def Info: Rozdzial3/log2.png  used on input line 274.
(pdftex.def)             Requested size: 256.07741pt x 171.99332pt.
<Rozdzial3/cube2.png, id=730, 376.40625pt x 240.14719pt>
File: Rozdzial3/cube2.png Graphic file (type png)
<use Rozdzial3/cube2.png>
Package pdftex.def Info: Rozdzial3/cube2.png  used on input line 289.
(pdftex.def)             Requested size: 256.07741pt x 163.38951pt.
 [16 <./Rozdzial3/log2.png (PNG copy)> <./Rozdzial3/cube2.png (PNG copy)>] [17]
<Rysunki/Rozdzial3/roc_svm1_test.png, id=748, 384.6872pt x 261.97874pt>
File: Rysunki/Rozdzial3/roc_svm1_test.png Graphic file (type png)
<use Rysunki/Rozdzial3/roc_svm1_test.png>
Package pdftex.def Info: Rysunki/Rozdzial3/roc_svm1_test.png  used on input lin
e 324.
(pdftex.def)             Requested size: 200.75998pt x 136.72542pt.
<Rysunki/Rozdzial3/roc_svm1_val.png, id=749, 380.92313pt x 262.73157pt>
File: Rysunki/Rozdzial3/roc_svm1_val.png Graphic file (type png)
<use Rysunki/Rozdzial3/roc_svm1_val.png>
Package pdftex.def Info: Rysunki/Rozdzial3/roc_svm1_val.png  used on input line
 331.
(pdftex.def)             Requested size: 200.75998pt x 138.4653pt.
 [18 <./Rysunki/Rozdzial3/roc_svm1_test.png> <./Rysunki/Rozdzial3/roc_svm1_val.
png>]
<Rozdzial3/pvalue3.png, id=764, 374.90062pt x 134.75343pt>
File: Rozdzial3/pvalue3.png Graphic file (type png)
<use Rozdzial3/pvalue3.png>
Package pdftex.def Info: Rozdzial3/pvalue3.png  used on input line 345.
(pdftex.def)             Requested size: 256.07741pt x 92.04851pt.
<Rozdzial3/pvalue4.png, id=765, 366.61969pt x 82.80937pt>
File: Rozdzial3/pvalue4.png Graphic file (type png)
<use Rozdzial3/pvalue4.png>
Package pdftex.def Info: Rozdzial3/pvalue4.png  used on input line 352.
(pdftex.def)             Requested size: 298.75264pt x 67.4846pt.

Overfull \hbox (2.60454pt too wide) in paragraph at lines 360--390
[]$[]$  $[]$ 
 []

) (./Rozdzial4/rozdzial4.tex [19 <./Rozdzial3/pvalue3.png (PNG copy)> <./Rozdzi
al3/pvalue4.png (PNG copy)>]
Chapter 4.

Overfull \hbox (1.4877pt too wide) in paragraph at lines 19--20
[]\T1/lmr/m/n/12 In or-der to read and parse data from CSV file, user needs to 
use \T1/lmr/m/it/12 shogun::CCSVFile
 []

[20

] (/usr/share/texlive/texmf-dist/tex/latex/listings/lstlang1.sty
File: lstlang1.sty 2023/02/27 1.9 listings language file
)
(/usr/share/texlive/texmf-dist/tex/latex/listings/lstlang1.sty
File: lstlang1.sty 2023/02/27 1.9 listings language file
)
(/usr/share/texlive/texmf-dist/tex/latex/listings/lstmisc.sty
File: lstmisc.sty 2023/02/27 1.9 (Carsten Heinz)
)
Package hyperref Info: bookmark level for unknown lstlisting defaults to 0 on i
nput line 21.
LaTeX Font Info:    Trying to load font information for T1+lmtt on input line 2
1.

(/usr/share/texmf/tex/latex/lm/t1lmtt.fd
File: t1lmtt.fd 2015/05/01 v1.6.1 Font defs for Latin Modern
) (./Result/inc/shogun/csv.hpp
Underfull \vbox (badness 1259) has occurred while \output is active []

 [21])
(./Result/inc/shogun/shogunModels.hpp [22]) [23]
(./Result/inc/shogun/rescale.hpp) [24] (./Result/inc/shogun/pca_reduction.hpp)
[25] (./Result/inc/shogun/linear.hpp) (./Result/inc/shogun/logistic.hpp
[26]) (./Result/inc/shogun/svm.hpp [27]
Underfull \vbox (badness 10000) has occurred while \output is active []

 [28])
(./Result/inc/shogun/knn.hpp)
Underfull \vbox (badness 5696) has occurred while \output is active []

 [29]
(./Result/inc/shogun/gb.hpp [30]) (./Result/inc/shogun/rforest.hpp [31])
[32] (./Result/inc/shogun/neural.hpp [33]) (./Rozdzial4/shogun-mse.cpp)
(./Rozdzial4/shogun-mae.cpp) [34] (./Rozdzial4/shogun-log.cpp)
LaTeX Font Info:    External font `lmex10' loaded for size
(Font)              <14.4> on input line 156.
LaTeX Font Info:    External font `lmex10' loaded for size
(Font)              <10> on input line 156.
LaTeX Font Info:    External font `lmex10' loaded for size
(Font)              <7> on input line 156.


Package hyperref Warning: Token not allowed in a PDF string (Unicode):
(hyperref)                removing `math shift' on input line 156.


Package hyperref Warning: Token not allowed in a PDF string (Unicode):
(hyperref)                removing `superscript' on input line 156.


Package hyperref Warning: Token not allowed in a PDF string (Unicode):
(hyperref)                removing `math shift' on input line 156.

LaTeX Font Info:    External font `lmex10' loaded for size
(Font)              <10.95> on input line 160.
(./Result/inc/shogun/verify.hpp [35]) (./Rozdzial4/shogun-acc.cpp)
(./Rozdzial4/shogun-roc.cpp [36]) (./Result/inc/shogun/cross.hpp [37]))
(./Rozdzial5/rozdzial5.tex [38]
Chapter 5.

Overfull \hbox (0.42929pt too wide) in paragraph at lines 9--10
\T1/lmr/m/n/12 cre-ated by wrap-ping raw ar-rays us-ing spe-cial-ized adapters,
 such as eg. \T1/lmr/m/it/12 remora::dense-
 []

[39

] (./Result/inc/shark/csv.hpp) (./Rozdzial5/shark-adaptor.cpp) [40]
(./Result/inc/shark/normalization.hpp)
(./Rozdzial5/shark-dimension-reduction.cpp)
Underfull \vbox (badness 1527) has occurred while \output is active []

 [41]
(./Rozdzial5/shark-lda-red.cpp) [42] (./Result/inc/shark/linear.hpp)
(./Rozdzial5/shark-linear2.cpp [43]) (./Rozdzial5/shark-logistic.cpp [44])
(./Result/inc/shark/logistic.hpp [45]) [46] (./Result/inc/shark/svm.hpp
[47]) (./Rozdzial5/shark-svm2.cpp) [48] (./Result/inc/shark/knn.hpp) [49]
(./Rozdzial5/shark-rf.cpp) [50] (./Result/inc/shark/neural.hpp
Underfull \vbox (badness 1194) has occurred while \output is active []

 [51])
[52] (./Rozdzial5/shark-mse.cpp)

Package hyperref Warning: Token not allowed in a PDF string (Unicode):
(hyperref)                removing `math shift' on input line 151.


Package hyperref Warning: Token not allowed in a PDF string (Unicode):
(hyperref)                removing `superscript' on input line 151.


Package hyperref Warning: Token not allowed in a PDF string (Unicode):
(hyperref)                removing `math shift' on input line 151.


Package hyperref Warning: Token not allowed in a PDF string (Unicode):
(hyperref)                removing `math shift' on input line 151.


Package hyperref Warning: Token not allowed in a PDF string (Unicode):
(hyperref)                removing `superscript' on input line 151.


Package hyperref Warning: Token not allowed in a PDF string (Unicode):
(hyperref)                removing `math shift' on input line 151.

(./Rozdzial5/shark-r2.cpp) [53] (./Result/inc/shark/printEvaluation2.hpp)
[54] (./Rozdzial5/shark-cv.cpp)) (./Rozdzial6/rozdzial6.tex
Underfull \vbox (badness 4647) has occurred while \output is active []

 [55]
[56]
Chapter 6.
(./Rozdzial6/csv.cpp [57

]) (./Result/inc/dlib/normalizer.hpp)
(./Result/inc/dlib/pca.hpp [58]) (./Result/inc/dlib/lda.hpp [59])
(./Result/inc/dlib/sammon.hpp)
Underfull \vbox (badness 4429) has occurred while \output is active []

 [60]
(./Result/inc/dlib/linear.hpp)
Overfull \hbox (2.72743pt too wide) in paragraph at lines 56--57
\T1/lmr/m/n/12 li-brary pro-vides a de-ci-sion func-tion class called \T1/lmr/m
/it/12 dlib::one_vs_one_decision_function\T1/lmr/m/n/12 .
 []

[61] (./Result/inc/dlib/svm.hpp) [62] (./Result/inc/dlib/neural.hpp [63])
(./Result/inc/dlib/krr.hpp [64])
Overfull \hbox (27.06532pt too wide) in paragraph at lines 83--83
[]\T1/lmr/bx/n/14.4 Pole pod wykre-sem krzy-wej charak-terysty-cznej odbiornika
 
 []

(./Result/inc/dlib/eval.hpp [65]
Overfull \hbox (26.03394pt too wide) in paragraph at lines 42--43
[][][][][][][][][][][][][][][][][][][][][][][][] 
 []


Overfull \hbox (62.78394pt too wide) in paragraph at lines 43--44
[][][][][][][][][][][][][][][][][][][][][][][][][][] 
 []

) (./Result/inc/dlib/cross.hpp [66]
Underfull \vbox (badness 10000) has occurred while \output is active []

 [67])

LaTeX Warning: Citation 'dlib:home' on page 68 undefined on input line 97.

) (./Rozdzial7/rozdzial7.tex [68]
Chapter 7.

Overfull \hbox (16.8694pt too wide) in alignment at lines 7--68
 [] [] [] [] 
 []

[69

] [70]
<Rozdzial7/shogun.png, id=2764, 151.3153pt x 182.18062pt>
File: Rozdzial7/shogun.png Graphic file (type png)
<use Rozdzial7/shogun.png>
Package pdftex.def Info: Rozdzial7/shogun.png  used on input line 97.
(pdftex.def)             Requested size: 105.84381pt x 127.4338pt.

Underfull \hbox (badness 10000) in paragraph at lines 98--98
[][]|\T1/lmr/m/n/10.95 Out-put for
 []


Underfull \hbox (badness 10000) in paragraph at lines 98--98
\T1/lmr/m/n/10.95 Shogun li-
 []

<Rozdzial7/shark.png, id=2765, 150.5625pt x 271.0125pt>
File: Rozdzial7/shark.png Graphic file (type png)
<use Rozdzial7/shark.png>
Package pdftex.def Info: Rozdzial7/shark.png  used on input line 104.
(pdftex.def)             Requested size: 92.61258pt x 166.70683pt.

Underfull \hbox (badness 10000) in paragraph at lines 105--105
[][]|\T1/lmr/m/n/10.95 Out-put for
 []


Underfull \hbox (badness 10000) in paragraph at lines 105--105
\T1/lmr/m/n/10.95 Shark-ML
 []

<Rysunki/Rozdzial7/dlib.png, id=2766, 151.3153pt x 142.28156pt>
File: Rysunki/Rozdzial7/dlib.png Graphic file (type png)
<use Rysunki/Rozdzial7/dlib.png>
Package pdftex.def Info: Rysunki/Rozdzial7/dlib.png  used on input line 111.
(pdftex.def)             Requested size: 105.84381pt x 99.52475pt.

Underfull \hbox (badness 10000) in paragraph at lines 112--112
[][]|\T1/lmr/m/n/10.95 Out-put for
 []

[71 <./Rozdzial7/shogun.png (PNG copy)> <./Rozdzial7/shark.png> <./Rysunki/Rozd
zial7/dlib.png>] [72]
<Rozdzial7/shogun_linear_svm.jpg, id=2785, 163.3603pt x 205.5178pt>
File: Rozdzial7/shogun_linear_svm.jpg Graphic file (type jpg)
<use Rozdzial7/shogun_linear_svm.jpg>
Package pdftex.def Info: Rozdzial7/shogun_linear_svm.jpg  used on input line 14
4.
(pdftex.def)             Requested size: 105.84381pt x 133.1585pt.

Underfull \hbox (badness 10000) in paragraph at lines 145--145
[][]|\T1/lmr/m/n/10.95 Out-put for
 []


Underfull \hbox (badness 10000) in paragraph at lines 145--145
\T1/lmr/m/n/10.95 Shogun li-
 []


Underfull \hbox (badness 10000) in paragraph at lines 145--145
\T1/lmr/m/n/10.95 brary af-ter
 []

<Rozdzial7/shark_linear_svm.png, id=2786, 149.05687pt x 213.04594pt>
File: Rozdzial7/shark_linear_svm.png Graphic file (type png)
<use Rozdzial7/shark_linear_svm.png>
Package pdftex.def Info: Rozdzial7/shark_linear_svm.png  used on input line 151
.
(pdftex.def)             Requested size: 92.61258pt x 132.36993pt.

Underfull \hbox (badness 10000) in paragraph at lines 152--152
[][]|\T1/lmr/m/n/10.95 Out-put for
 []


Underfull \hbox (badness 10000) in paragraph at lines 152--152
\T1/lmr/m/n/10.95 Shark-ML
 []


Underfull \hbox (badness 10000) in paragraph at lines 152--152
\T1/lmr/m/n/10.95 li-brary af-ter
 []

<Rysunki/Rozdzial7/dlib_linear_svm.jpg, id=2787, 152.06813pt x 146.04562pt>
File: Rysunki/Rozdzial7/dlib_linear_svm.jpg Graphic file (type jpg)
<use Rysunki/Rozdzial7/dlib_linear_svm.jpg>
Package pdftex.def Info: Rysunki/Rozdzial7/dlib_linear_svm.jpg  used on input l
ine 158.
(pdftex.def)             Requested size: 105.84381pt x 101.65404pt.

Underfull \hbox (badness 10000) in paragraph at lines 159--159
[][]|\T1/lmr/m/n/10.95 Out-put for
 []


Underfull \hbox (badness 10000) in paragraph at lines 159--159
\T1/lmr/m/n/10.95 Dlib li-brary
 []

) [73 <./Rozdzial7/shogun_linear_svm.jpg> <./Rozdzial7/shark_linear_svm.png> <.
/Rysunki/Rozdzial7/dlib_linear_svm.jpg>] [74] [75

] [76] (./praca.aux)
 ***********
LaTeX2e <2023-11-01> patch level 1
L3 programming layer <2024-01-22>
 ***********


LaTeX Warning: There were undefined references.

Package rerunfilecheck Info: File `praca.out' has not changed.
(rerunfilecheck)             Checksum: 9E70EEF7E7EED1A43F74E0C39C0509BD;16246.

Package biblatex Warning: Please (re)run BibTeX on the file(s):
(biblatex)                praca
(biblatex)                and rerun LaTeX afterwards.

Package logreq Info: Writing requests to 'praca.run.xml'.
\openout1 = `praca.run.xml'.

 ) 
Here is how much of TeX's memory you used:
 31814 strings out of 476074
 549606 string characters out of 5793137
 2008975 words of memory out of 5000000
 51226 multiletter control sequences out of 15000+600000
 645961 words of font info for 97 fonts, out of 8000000 for 9000
 79 hyphenation exceptions out of 8191
 115i,12n,110p,2352b,2289s stack positions out of 10000i,1000n,20000p,200000b,200000s
 </home/gerwant/.texlive2023/texmf-var/fonts/pk/ljfour/jknappen/ec/ecxc2074.6
00pk> </home/gerwant/.texlive2023/texmf-var/fonts/pk/ljfour/jknappen/ec/ecxc172
8.600pk></usr/share/texmf/fonts/type1/public/lm/lmbx10.pfb></usr/share/texmf/fo
nts/type1/public/lm/lmbx12.pfb></usr/share/texmf/fonts/type1/public/lm/lmcsc10.
pfb></usr/share/texmf/fonts/type1/public/lm/lmmi10.pfb></usr/share/texmf/fonts/
type1/public/lm/lmmi12.pfb></usr/share/texmf/fonts/type1/public/lm/lmmi8.pfb></
usr/share/texmf/fonts/type1/public/lm/lmr10.pfb></usr/share/texmf/fonts/type1/p
ublic/lm/lmr12.pfb></usr/share/texmf/fonts/type1/public/lm/lmr17.pfb></usr/shar
e/texmf/fonts/type1/public/lm/lmr8.pfb></usr/share/texmf/fonts/type1/public/lm/
lmri10.pfb></usr/share/texmf/fonts/type1/public/lm/lmri12.pfb></usr/share/texmf
/fonts/type1/public/lm/lmsy10.pfb></usr/share/texmf/fonts/type1/public/lm/lmtt1
0.pfb></usr/share/texmf/fonts/type1/public/lm/lmtt12.pfb>
Output written on praca.pdf (82 pages, 868956 bytes).
PDF statistics:
 3368 PDF objects out of 3580 (max. 8388607)
 3135 compressed objects within 32 object streams
 1948 named destinations out of 2073 (max. 500000)
 878 words of extra memory for PDF output out of 10000 (max. 10000000)

